W0318 11:22:23.437000 3786668 site-packages/torch/_dynamo/convert_frame.py:1125] WON'T CONVERT forward /home/drozdovdan/Hebb_Adaptation/Hebb_Adaptation_nanoGPT/model.py line 1047
W0318 11:22:23.437000 3786668 site-packages/torch/_dynamo/convert_frame.py:1125] due to:
W0318 11:22:23.437000 3786668 site-packages/torch/_dynamo/convert_frame.py:1125] Traceback (most recent call last):
W0318 11:22:23.437000 3786668 site-packages/torch/_dynamo/convert_frame.py:1125]   File "/home/drozdovdan/miniconda3/lib/python3.12/site-packages/torch/_dynamo/output_graph.py", line 1446, in _call_user_compiler
W0318 11:22:23.437000 3786668 site-packages/torch/_dynamo/convert_frame.py:1125]     compiled_fn = compiler_fn(gm, self.example_inputs())
W0318 11:22:23.437000 3786668 site-packages/torch/_dynamo/convert_frame.py:1125]                   ^^^^^^^^^^^^^^^^^^^^^^^^^^^^^^^^^^^^^^
W0318 11:22:23.437000 3786668 site-packages/torch/_dynamo/convert_frame.py:1125]   File "/home/drozdovdan/miniconda3/lib/python3.12/site-packages/torch/_dynamo/repro/after_dynamo.py", line 129, in __call__
W0318 11:22:23.437000 3786668 site-packages/torch/_dynamo/convert_frame.py:1125]     compiled_gm = compiler_fn(gm, example_inputs)
W0318 11:22:23.437000 3786668 site-packages/torch/_dynamo/convert_frame.py:1125]                   ^^^^^^^^^^^^^^^^^^^^^^^^^^^^^^^
W0318 11:22:23.437000 3786668 site-packages/torch/_dynamo/convert_frame.py:1125]   File "/home/drozdovdan/miniconda3/lib/python3.12/site-packages/torch/__init__.py", line 2234, in __call__
W0318 11:22:23.437000 3786668 site-packages/torch/_dynamo/convert_frame.py:1125]     return compile_fx(model_, inputs_, config_patches=self.config)
W0318 11:22:23.437000 3786668 site-packages/torch/_dynamo/convert_frame.py:1125]            ^^^^^^^^^^^^^^^^^^^^^^^^^^^^^^^^^^^^^^^^^^^^^^^^^^^^^^^
W0318 11:22:23.437000 3786668 site-packages/torch/_dynamo/convert_frame.py:1125]   File "/home/drozdovdan/miniconda3/lib/python3.12/site-packages/torch/_inductor/compile_fx.py", line 1521, in compile_fx
W0318 11:22:23.437000 3786668 site-packages/torch/_dynamo/convert_frame.py:1125]     return aot_autograd(
W0318 11:22:23.437000 3786668 site-packages/torch/_dynamo/convert_frame.py:1125]            ^^^^^^^^^^^^^
W0318 11:22:23.437000 3786668 site-packages/torch/_dynamo/convert_frame.py:1125]   File "/home/drozdovdan/miniconda3/lib/python3.12/site-packages/torch/_dynamo/backends/common.py", line 72, in __call__
W0318 11:22:23.437000 3786668 site-packages/torch/_dynamo/convert_frame.py:1125]     cg = aot_module_simplified(gm, example_inputs, **self.kwargs)
W0318 11:22:23.437000 3786668 site-packages/torch/_dynamo/convert_frame.py:1125]          ^^^^^^^^^^^^^^^^^^^^^^^^^^^^^^^^^^^^^^^^^^^^^^^^^^^^^^^^
W0318 11:22:23.437000 3786668 site-packages/torch/_dynamo/convert_frame.py:1125]   File "/home/drozdovdan/miniconda3/lib/python3.12/site-packages/torch/_functorch/aot_autograd.py", line 1071, in aot_module_simplified
W0318 11:22:23.437000 3786668 site-packages/torch/_dynamo/convert_frame.py:1125]     compiled_fn = dispatch_and_compile()
W0318 11:22:23.437000 3786668 site-packages/torch/_dynamo/convert_frame.py:1125]                   ^^^^^^^^^^^^^^^^^^^^^^
W0318 11:22:23.437000 3786668 site-packages/torch/_dynamo/convert_frame.py:1125]   File "/home/drozdovdan/miniconda3/lib/python3.12/site-packages/torch/_functorch/aot_autograd.py", line 1056, in dispatch_and_compile
W0318 11:22:23.437000 3786668 site-packages/torch/_dynamo/convert_frame.py:1125]     compiled_fn, _ = create_aot_dispatcher_function(
W0318 11:22:23.437000 3786668 site-packages/torch/_dynamo/convert_frame.py:1125]                      ^^^^^^^^^^^^^^^^^^^^^^^^^^^^^^^
W0318 11:22:23.437000 3786668 site-packages/torch/_dynamo/convert_frame.py:1125]   File "/home/drozdovdan/miniconda3/lib/python3.12/site-packages/torch/_functorch/aot_autograd.py", line 522, in create_aot_dispatcher_function
W0318 11:22:23.437000 3786668 site-packages/torch/_dynamo/convert_frame.py:1125]     return _create_aot_dispatcher_function(
W0318 11:22:23.437000 3786668 site-packages/torch/_dynamo/convert_frame.py:1125]            ^^^^^^^^^^^^^^^^^^^^^^^^^^^^^^^^
W0318 11:22:23.437000 3786668 site-packages/torch/_dynamo/convert_frame.py:1125]   File "/home/drozdovdan/miniconda3/lib/python3.12/site-packages/torch/_functorch/aot_autograd.py", line 759, in _create_aot_dispatcher_function
W0318 11:22:23.437000 3786668 site-packages/torch/_dynamo/convert_frame.py:1125]     compiled_fn, fw_metadata = compiler_fn(
W0318 11:22:23.437000 3786668 site-packages/torch/_dynamo/convert_frame.py:1125]                                ^^^^^^^^^^^^
W0318 11:22:23.437000 3786668 site-packages/torch/_dynamo/convert_frame.py:1125]   File "/home/drozdovdan/miniconda3/lib/python3.12/site-packages/torch/_functorch/_aot_autograd/jit_compile_runtime_wrappers.py", line 179, in aot_dispatch_base
W0318 11:22:23.437000 3786668 site-packages/torch/_dynamo/convert_frame.py:1125]     compiled_fw = compiler(fw_module, updated_flat_args)
W0318 11:22:23.437000 3786668 site-packages/torch/_dynamo/convert_frame.py:1125]                   ^^^^^^^^^^^^^^^^^^^^^^^^^^^^^^^^^^^^^^
W0318 11:22:23.437000 3786668 site-packages/torch/_dynamo/convert_frame.py:1125]   File "/home/drozdovdan/miniconda3/lib/python3.12/site-packages/torch/_inductor/compile_fx.py", line 1350, in fw_compiler_base
W0318 11:22:23.437000 3786668 site-packages/torch/_dynamo/convert_frame.py:1125]     return _fw_compiler_base(model, example_inputs, is_inference)
W0318 11:22:23.437000 3786668 site-packages/torch/_dynamo/convert_frame.py:1125]            ^^^^^^^^^^^^^^^^^^^^^^^^^^^^^^^^^^^^^^^^^^^^^^^^^^^^^^
W0318 11:22:23.437000 3786668 site-packages/torch/_dynamo/convert_frame.py:1125]   File "/home/drozdovdan/miniconda3/lib/python3.12/site-packages/torch/_inductor/compile_fx.py", line 1421, in _fw_compiler_base
W0318 11:22:23.437000 3786668 site-packages/torch/_dynamo/convert_frame.py:1125]     return inner_compile(
W0318 11:22:23.437000 3786668 site-packages/torch/_dynamo/convert_frame.py:1125]            ^^^^^^^^^^^^^^
W0318 11:22:23.437000 3786668 site-packages/torch/_dynamo/convert_frame.py:1125]   File "/home/drozdovdan/miniconda3/lib/python3.12/site-packages/torch/_inductor/compile_fx.py", line 475, in compile_fx_inner
W0318 11:22:23.437000 3786668 site-packages/torch/_dynamo/convert_frame.py:1125]     return wrap_compiler_debug(_compile_fx_inner, compiler_name="inductor")(
W0318 11:22:23.437000 3786668 site-packages/torch/_dynamo/convert_frame.py:1125]            ^^^^^^^^^^^^^^^^^^^^^^^^^^^^^^^^^^^^^^^^^^^^^^^^^^^^^^^^^^^^^^^^^
W0318 11:22:23.437000 3786668 site-packages/torch/_dynamo/convert_frame.py:1125]   File "/home/drozdovdan/miniconda3/lib/python3.12/site-packages/torch/_dynamo/repro/after_aot.py", line 85, in debug_wrapper
W0318 11:22:23.437000 3786668 site-packages/torch/_dynamo/convert_frame.py:1125]     inner_compiled_fn = compiler_fn(gm, example_inputs)
W0318 11:22:23.437000 3786668 site-packages/torch/_dynamo/convert_frame.py:1125]                         ^^^^^^^^^^^^^^^^^^^^^^^^^^^^^^^
W0318 11:22:23.437000 3786668 site-packages/torch/_dynamo/convert_frame.py:1125]   File "/home/drozdovdan/miniconda3/lib/python3.12/site-packages/torch/_inductor/compile_fx.py", line 661, in _compile_fx_inner
W0318 11:22:23.437000 3786668 site-packages/torch/_dynamo/convert_frame.py:1125]     compiled_graph = FxGraphCache.load(
W0318 11:22:23.437000 3786668 site-packages/torch/_dynamo/convert_frame.py:1125]                      ^^^^^^^^^^^^^^^^^^
W0318 11:22:23.437000 3786668 site-packages/torch/_dynamo/convert_frame.py:1125]   File "/home/drozdovdan/miniconda3/lib/python3.12/site-packages/torch/_inductor/codecache.py", line 1334, in load
W0318 11:22:23.437000 3786668 site-packages/torch/_dynamo/convert_frame.py:1125]     compiled_graph = compile_fx_fn(
W0318 11:22:23.437000 3786668 site-packages/torch/_dynamo/convert_frame.py:1125]                      ^^^^^^^^^^^^^^
W0318 11:22:23.437000 3786668 site-packages/torch/_dynamo/convert_frame.py:1125]   File "/home/drozdovdan/miniconda3/lib/python3.12/site-packages/torch/_inductor/compile_fx.py", line 570, in codegen_and_compile
W0318 11:22:23.437000 3786668 site-packages/torch/_dynamo/convert_frame.py:1125]     compiled_graph = fx_codegen_and_compile(gm, example_inputs, **fx_kwargs)
W0318 11:22:23.437000 3786668 site-packages/torch/_dynamo/convert_frame.py:1125]                      ^^^^^^^^^^^^^^^^^^^^^^^^^^^^^^^^^^^^^^^^^^^^^^^^^^^^^^^
W0318 11:22:23.437000 3786668 site-packages/torch/_dynamo/convert_frame.py:1125]   File "/home/drozdovdan/miniconda3/lib/python3.12/site-packages/torch/_inductor/compile_fx.py", line 789, in fx_codegen_and_compile
W0318 11:22:23.437000 3786668 site-packages/torch/_dynamo/convert_frame.py:1125]     _recursive_post_grad_passes(gm, is_inference=is_inference)
W0318 11:22:23.437000 3786668 site-packages/torch/_dynamo/convert_frame.py:1125]   File "/home/drozdovdan/miniconda3/lib/python3.12/site-packages/torch/_inductor/compile_fx.py", line 288, in _recursive_post_grad_passes
W0318 11:22:23.437000 3786668 site-packages/torch/_dynamo/convert_frame.py:1125]     post_grad_passes(gm, is_inference)
W0318 11:22:23.437000 3786668 site-packages/torch/_dynamo/convert_frame.py:1125]   File "/home/drozdovdan/miniconda3/lib/python3.12/site-packages/torch/_inductor/fx_passes/post_grad.py", line 100, in post_grad_passes
W0318 11:22:23.437000 3786668 site-packages/torch/_dynamo/convert_frame.py:1125]     patterns.apply(gm.graph)  # type: ignore[arg-type]
W0318 11:22:23.437000 3786668 site-packages/torch/_dynamo/convert_frame.py:1125]     ^^^^^^^^^^^^^^^^^^^^^^^^
W0318 11:22:23.437000 3786668 site-packages/torch/_dynamo/convert_frame.py:1125]   File "/home/drozdovdan/miniconda3/lib/python3.12/site-packages/torch/_inductor/pattern_matcher.py", line 1729, in apply
W0318 11:22:23.437000 3786668 site-packages/torch/_dynamo/convert_frame.py:1125]     if is_match(m) and entry.extra_check(m):
W0318 11:22:23.437000 3786668 site-packages/torch/_dynamo/convert_frame.py:1125]                        ^^^^^^^^^^^^^^^^^^^^
W0318 11:22:23.437000 3786668 site-packages/torch/_dynamo/convert_frame.py:1125]   File "/home/drozdovdan/miniconda3/lib/python3.12/site-packages/torch/_inductor/fx_passes/quantization.py", line 1448, in fn
W0318 11:22:23.437000 3786668 site-packages/torch/_dynamo/convert_frame.py:1125]     scales = match.kwargs["scales"].meta["val"]
W0318 11:22:23.437000 3786668 site-packages/torch/_dynamo/convert_frame.py:1125]              ^^^^^^^^^^^^^^^^^^^^^^^^^^^
W0318 11:22:23.437000 3786668 site-packages/torch/_dynamo/convert_frame.py:1125] AttributeError: 'float' object has no attribute 'meta'
W0318 11:22:23.437000 3786668 site-packages/torch/_dynamo/convert_frame.py:1125]
W0318 11:22:23.437000 3786668 site-packages/torch/_dynamo/convert_frame.py:1125] The above exception was the direct cause of the following exception:
W0318 11:22:23.437000 3786668 site-packages/torch/_dynamo/convert_frame.py:1125]
W0318 11:22:23.437000 3786668 site-packages/torch/_dynamo/convert_frame.py:1125] Traceback (most recent call last):
W0318 11:22:23.437000 3786668 site-packages/torch/_dynamo/convert_frame.py:1125]   File "/home/drozdovdan/miniconda3/lib/python3.12/site-packages/torch/_dynamo/convert_frame.py", line 1064, in __call__
W0318 11:22:23.437000 3786668 site-packages/torch/_dynamo/convert_frame.py:1125]     result = self._inner_convert(
W0318 11:22:23.437000 3786668 site-packages/torch/_dynamo/convert_frame.py:1125]              ^^^^^^^^^^^^^^^^^^^^
W0318 11:22:23.437000 3786668 site-packages/torch/_dynamo/convert_frame.py:1125]   File "/home/drozdovdan/miniconda3/lib/python3.12/site-packages/torch/_dynamo/convert_frame.py", line 526, in __call__
W0318 11:22:23.437000 3786668 site-packages/torch/_dynamo/convert_frame.py:1125]     return _compile(
W0318 11:22:23.437000 3786668 site-packages/torch/_dynamo/convert_frame.py:1125]            ^^^^^^^^^
W0318 11:22:23.437000 3786668 site-packages/torch/_dynamo/convert_frame.py:1125]   File "/home/drozdovdan/miniconda3/lib/python3.12/site-packages/torch/_dynamo/convert_frame.py", line 924, in _compile
W0318 11:22:23.437000 3786668 site-packages/torch/_dynamo/convert_frame.py:1125]     guarded_code = compile_inner(code, one_graph, hooks, transform)
W0318 11:22:23.437000 3786668 site-packages/torch/_dynamo/convert_frame.py:1125]                    ^^^^^^^^^^^^^^^^^^^^^^^^^^^^^^^^^^^^^^^^^^^^^^^^
W0318 11:22:23.437000 3786668 site-packages/torch/_dynamo/convert_frame.py:1125]   File "/home/drozdovdan/miniconda3/lib/python3.12/site-packages/torch/_dynamo/convert_frame.py", line 666, in compile_inner
W0318 11:22:23.437000 3786668 site-packages/torch/_dynamo/convert_frame.py:1125]     return _compile_inner(code, one_graph, hooks, transform)
W0318 11:22:23.437000 3786668 site-packages/torch/_dynamo/convert_frame.py:1125]            ^^^^^^^^^^^^^^^^^^^^^^^^^^^^^^^^^^^^^^^^^^^^^^^^^
W0318 11:22:23.437000 3786668 site-packages/torch/_dynamo/convert_frame.py:1125]   File "/home/drozdovdan/miniconda3/lib/python3.12/site-packages/torch/_utils_internal.py", line 87, in wrapper_function
W0318 11:22:23.437000 3786668 site-packages/torch/_dynamo/convert_frame.py:1125]     return function(*args, **kwargs)
W0318 11:22:23.437000 3786668 site-packages/torch/_dynamo/convert_frame.py:1125]            ^^^^^^^^^^^^^^^^^^^^^^^^^
W0318 11:22:23.437000 3786668 site-packages/torch/_dynamo/convert_frame.py:1125]   File "/home/drozdovdan/miniconda3/lib/python3.12/site-packages/torch/_dynamo/convert_frame.py", line 699, in _compile_inner
W0318 11:22:23.437000 3786668 site-packages/torch/_dynamo/convert_frame.py:1125]     out_code = transform_code_object(code, transform)
W0318 11:22:23.437000 3786668 site-packages/torch/_dynamo/convert_frame.py:1125]                ^^^^^^^^^^^^^^^^^^^^^^^^^^^^^^^^^^^^^^
W0318 11:22:23.437000 3786668 site-packages/torch/_dynamo/convert_frame.py:1125]   File "/home/drozdovdan/miniconda3/lib/python3.12/site-packages/torch/_dynamo/bytecode_transformation.py", line 1322, in transform_code_object
W0318 11:22:23.437000 3786668 site-packages/torch/_dynamo/convert_frame.py:1125]     transformations(instructions, code_options)
W0318 11:22:23.437000 3786668 site-packages/torch/_dynamo/convert_frame.py:1125]   File "/home/drozdovdan/miniconda3/lib/python3.12/site-packages/torch/_dynamo/convert_frame.py", line 219, in _fn
W0318 11:22:23.437000 3786668 site-packages/torch/_dynamo/convert_frame.py:1125]     return fn(*args, **kwargs)
W0318 11:22:23.437000 3786668 site-packages/torch/_dynamo/convert_frame.py:1125]            ^^^^^^^^^^^^^^^^^^^
W0318 11:22:23.437000 3786668 site-packages/torch/_dynamo/convert_frame.py:1125]   File "/home/drozdovdan/miniconda3/lib/python3.12/site-packages/torch/_dynamo/convert_frame.py", line 634, in transform
W0318 11:22:23.437000 3786668 site-packages/torch/_dynamo/convert_frame.py:1125]     tracer.run()
W0318 11:22:23.437000 3786668 site-packages/torch/_dynamo/convert_frame.py:1125]   File "/home/drozdovdan/miniconda3/lib/python3.12/site-packages/torch/_dynamo/symbolic_convert.py", line 2796, in run
W0318 11:22:23.437000 3786668 site-packages/torch/_dynamo/convert_frame.py:1125]     super().run()
W0318 11:22:23.437000 3786668 site-packages/torch/_dynamo/convert_frame.py:1125]   File "/home/drozdovdan/miniconda3/lib/python3.12/site-packages/torch/_dynamo/symbolic_convert.py", line 983, in run
W0318 11:22:23.437000 3786668 site-packages/torch/_dynamo/convert_frame.py:1125]     while self.step():
W0318 11:22:23.437000 3786668 site-packages/torch/_dynamo/convert_frame.py:1125]           ^^^^^^^^^^^
W0318 11:22:23.437000 3786668 site-packages/torch/_dynamo/convert_frame.py:1125]   File "/home/drozdovdan/miniconda3/lib/python3.12/site-packages/torch/_dynamo/symbolic_convert.py", line 895, in step
W0318 11:22:23.437000 3786668 site-packages/torch/_dynamo/convert_frame.py:1125]     self.dispatch_table[inst.opcode](self, inst)
W0318 11:22:23.437000 3786668 site-packages/torch/_dynamo/convert_frame.py:1125]   File "/home/drozdovdan/miniconda3/lib/python3.12/site-packages/torch/_dynamo/symbolic_convert.py", line 2987, in RETURN_VALUE
W0318 11:22:23.437000 3786668 site-packages/torch/_dynamo/convert_frame.py:1125]     self._return(inst)
W0318 11:22:23.437000 3786668 site-packages/torch/_dynamo/convert_frame.py:1125]   File "/home/drozdovdan/miniconda3/lib/python3.12/site-packages/torch/_dynamo/symbolic_convert.py", line 2972, in _return
W0318 11:22:23.437000 3786668 site-packages/torch/_dynamo/convert_frame.py:1125]     self.output.compile_subgraph(
W0318 11:22:23.437000 3786668 site-packages/torch/_dynamo/convert_frame.py:1125]   File "/home/drozdovdan/miniconda3/lib/python3.12/site-packages/torch/_dynamo/output_graph.py", line 1142, in compile_subgraph
W0318 11:22:23.437000 3786668 site-packages/torch/_dynamo/convert_frame.py:1125]     self.compile_and_call_fx_graph(tx, pass2.graph_output_vars(), root)
W0318 11:22:23.437000 3786668 site-packages/torch/_dynamo/convert_frame.py:1125]   File "/home/drozdovdan/miniconda3/lib/python3.12/site-packages/torch/_dynamo/output_graph.py", line 1369, in compile_and_call_fx_graph
W0318 11:22:23.437000 3786668 site-packages/torch/_dynamo/convert_frame.py:1125]     compiled_fn = self.call_user_compiler(gm)
W0318 11:22:23.437000 3786668 site-packages/torch/_dynamo/convert_frame.py:1125]                   ^^^^^^^^^^^^^^^^^^^^^^^^^^^
W0318 11:22:23.437000 3786668 site-packages/torch/_dynamo/convert_frame.py:1125]   File "/home/drozdovdan/miniconda3/lib/python3.12/site-packages/torch/_dynamo/output_graph.py", line 1416, in call_user_compiler
W0318 11:22:23.437000 3786668 site-packages/torch/_dynamo/convert_frame.py:1125]     return self._call_user_compiler(gm)
W0318 11:22:23.437000 3786668 site-packages/torch/_dynamo/convert_frame.py:1125]            ^^^^^^^^^^^^^^^^^^^^^^^^^^^^
W0318 11:22:23.437000 3786668 site-packages/torch/_dynamo/convert_frame.py:1125]   File "/home/drozdovdan/miniconda3/lib/python3.12/site-packages/torch/_dynamo/output_graph.py", line 1465, in _call_user_compiler
W0318 11:22:23.437000 3786668 site-packages/torch/_dynamo/convert_frame.py:1125]     raise BackendCompilerFailed(self.compiler_fn, e) from e
W0318 11:22:23.437000 3786668 site-packages/torch/_dynamo/convert_frame.py:1125] torch._dynamo.exc.BackendCompilerFailed: backend='inductor' raised:
W0318 11:22:23.437000 3786668 site-packages/torch/_dynamo/convert_frame.py:1125] AttributeError: 'float' object has no attribute 'meta'
W0318 11:22:23.437000 3786668 site-packages/torch/_dynamo/convert_frame.py:1125]
W0318 11:22:23.437000 3786668 site-packages/torch/_dynamo/convert_frame.py:1125] Set TORCH_LOGS="+dynamo" and TORCHDYNAMO_VERBOSE=1 for more information
W0318 11:22:23.437000 3786668 site-packages/torch/_dynamo/convert_frame.py:1125]
W0318 11:22:23.437000 3786668 site-packages/torch/_dynamo/convert_frame.py:1125] Traceback (most recent call last):
W0318 11:22:23.437000 3786668 site-packages/torch/_dynamo/convert_frame.py:1125]   File "/home/drozdovdan/miniconda3/lib/python3.12/site-packages/torch/_dynamo/output_graph.py", line 1446, in _call_user_compiler
W0318 11:22:23.437000 3786668 site-packages/torch/_dynamo/convert_frame.py:1125]     compiled_fn = compiler_fn(gm, self.example_inputs())
W0318 11:22:23.437000 3786668 site-packages/torch/_dynamo/convert_frame.py:1125]                   ^^^^^^^^^^^^^^^^^^^^^^^^^^^^^^^^^^^^^^
W0318 11:22:23.437000 3786668 site-packages/torch/_dynamo/convert_frame.py:1125]   File "/home/drozdovdan/miniconda3/lib/python3.12/site-packages/torch/_dynamo/repro/after_dynamo.py", line 129, in __call__
W0318 11:22:23.437000 3786668 site-packages/torch/_dynamo/convert_frame.py:1125]     compiled_gm = compiler_fn(gm, example_inputs)
W0318 11:22:23.437000 3786668 site-packages/torch/_dynamo/convert_frame.py:1125]                   ^^^^^^^^^^^^^^^^^^^^^^^^^^^^^^^
W0318 11:22:23.437000 3786668 site-packages/torch/_dynamo/convert_frame.py:1125]   File "/home/drozdovdan/miniconda3/lib/python3.12/site-packages/torch/__init__.py", line 2234, in __call__
W0318 11:22:23.437000 3786668 site-packages/torch/_dynamo/convert_frame.py:1125]     return compile_fx(model_, inputs_, config_patches=self.config)
W0318 11:22:23.437000 3786668 site-packages/torch/_dynamo/convert_frame.py:1125]            ^^^^^^^^^^^^^^^^^^^^^^^^^^^^^^^^^^^^^^^^^^^^^^^^^^^^^^^
W0318 11:22:23.437000 3786668 site-packages/torch/_dynamo/convert_frame.py:1125]   File "/home/drozdovdan/miniconda3/lib/python3.12/site-packages/torch/_inductor/compile_fx.py", line 1521, in compile_fx
W0318 11:22:23.437000 3786668 site-packages/torch/_dynamo/convert_frame.py:1125]     return aot_autograd(
W0318 11:22:23.437000 3786668 site-packages/torch/_dynamo/convert_frame.py:1125]            ^^^^^^^^^^^^^
W0318 11:22:23.437000 3786668 site-packages/torch/_dynamo/convert_frame.py:1125]   File "/home/drozdovdan/miniconda3/lib/python3.12/site-packages/torch/_dynamo/backends/common.py", line 72, in __call__
W0318 11:22:23.437000 3786668 site-packages/torch/_dynamo/convert_frame.py:1125]     cg = aot_module_simplified(gm, example_inputs, **self.kwargs)
W0318 11:22:23.437000 3786668 site-packages/torch/_dynamo/convert_frame.py:1125]          ^^^^^^^^^^^^^^^^^^^^^^^^^^^^^^^^^^^^^^^^^^^^^^^^^^^^^^^^
W0318 11:22:23.437000 3786668 site-packages/torch/_dynamo/convert_frame.py:1125]   File "/home/drozdovdan/miniconda3/lib/python3.12/site-packages/torch/_functorch/aot_autograd.py", line 1071, in aot_module_simplified
W0318 11:22:23.437000 3786668 site-packages/torch/_dynamo/convert_frame.py:1125]     compiled_fn = dispatch_and_compile()
W0318 11:22:23.437000 3786668 site-packages/torch/_dynamo/convert_frame.py:1125]                   ^^^^^^^^^^^^^^^^^^^^^^
W0318 11:22:23.437000 3786668 site-packages/torch/_dynamo/convert_frame.py:1125]   File "/home/drozdovdan/miniconda3/lib/python3.12/site-packages/torch/_functorch/aot_autograd.py", line 1056, in dispatch_and_compile
W0318 11:22:23.437000 3786668 site-packages/torch/_dynamo/convert_frame.py:1125]     compiled_fn, _ = create_aot_dispatcher_function(
W0318 11:22:23.437000 3786668 site-packages/torch/_dynamo/convert_frame.py:1125]                      ^^^^^^^^^^^^^^^^^^^^^^^^^^^^^^^
W0318 11:22:23.437000 3786668 site-packages/torch/_dynamo/convert_frame.py:1125]   File "/home/drozdovdan/miniconda3/lib/python3.12/site-packages/torch/_functorch/aot_autograd.py", line 522, in create_aot_dispatcher_function
W0318 11:22:23.437000 3786668 site-packages/torch/_dynamo/convert_frame.py:1125]     return _create_aot_dispatcher_function(
W0318 11:22:23.437000 3786668 site-packages/torch/_dynamo/convert_frame.py:1125]            ^^^^^^^^^^^^^^^^^^^^^^^^^^^^^^^^
W0318 11:22:23.437000 3786668 site-packages/torch/_dynamo/convert_frame.py:1125]   File "/home/drozdovdan/miniconda3/lib/python3.12/site-packages/torch/_functorch/aot_autograd.py", line 759, in _create_aot_dispatcher_function
W0318 11:22:23.437000 3786668 site-packages/torch/_dynamo/convert_frame.py:1125]     compiled_fn, fw_metadata = compiler_fn(
W0318 11:22:23.437000 3786668 site-packages/torch/_dynamo/convert_frame.py:1125]                                ^^^^^^^^^^^^
W0318 11:22:23.437000 3786668 site-packages/torch/_dynamo/convert_frame.py:1125]   File "/home/drozdovdan/miniconda3/lib/python3.12/site-packages/torch/_functorch/_aot_autograd/jit_compile_runtime_wrappers.py", line 179, in aot_dispatch_base
W0318 11:22:23.437000 3786668 site-packages/torch/_dynamo/convert_frame.py:1125]     compiled_fw = compiler(fw_module, updated_flat_args)
W0318 11:22:23.437000 3786668 site-packages/torch/_dynamo/convert_frame.py:1125]                   ^^^^^^^^^^^^^^^^^^^^^^^^^^^^^^^^^^^^^^
W0318 11:22:23.437000 3786668 site-packages/torch/_dynamo/convert_frame.py:1125]   File "/home/drozdovdan/miniconda3/lib/python3.12/site-packages/torch/_inductor/compile_fx.py", line 1350, in fw_compiler_base
W0318 11:22:23.437000 3786668 site-packages/torch/_dynamo/convert_frame.py:1125]     return _fw_compiler_base(model, example_inputs, is_inference)
W0318 11:22:23.437000 3786668 site-packages/torch/_dynamo/convert_frame.py:1125]            ^^^^^^^^^^^^^^^^^^^^^^^^^^^^^^^^^^^^^^^^^^^^^^^^^^^^^^
W0318 11:22:23.437000 3786668 site-packages/torch/_dynamo/convert_frame.py:1125]   File "/home/drozdovdan/miniconda3/lib/python3.12/site-packages/torch/_inductor/compile_fx.py", line 1421, in _fw_compiler_base
W0318 11:22:23.437000 3786668 site-packages/torch/_dynamo/convert_frame.py:1125]     return inner_compile(
W0318 11:22:23.437000 3786668 site-packages/torch/_dynamo/convert_frame.py:1125]            ^^^^^^^^^^^^^^
W0318 11:22:23.437000 3786668 site-packages/torch/_dynamo/convert_frame.py:1125]   File "/home/drozdovdan/miniconda3/lib/python3.12/site-packages/torch/_inductor/compile_fx.py", line 475, in compile_fx_inner
W0318 11:22:23.437000 3786668 site-packages/torch/_dynamo/convert_frame.py:1125]     return wrap_compiler_debug(_compile_fx_inner, compiler_name="inductor")(
W0318 11:22:23.437000 3786668 site-packages/torch/_dynamo/convert_frame.py:1125]            ^^^^^^^^^^^^^^^^^^^^^^^^^^^^^^^^^^^^^^^^^^^^^^^^^^^^^^^^^^^^^^^^^
W0318 11:22:23.437000 3786668 site-packages/torch/_dynamo/convert_frame.py:1125]   File "/home/drozdovdan/miniconda3/lib/python3.12/site-packages/torch/_dynamo/repro/after_aot.py", line 85, in debug_wrapper
W0318 11:22:23.437000 3786668 site-packages/torch/_dynamo/convert_frame.py:1125]     inner_compiled_fn = compiler_fn(gm, example_inputs)
W0318 11:22:23.437000 3786668 site-packages/torch/_dynamo/convert_frame.py:1125]                         ^^^^^^^^^^^^^^^^^^^^^^^^^^^^^^^
W0318 11:22:23.437000 3786668 site-packages/torch/_dynamo/convert_frame.py:1125]   File "/home/drozdovdan/miniconda3/lib/python3.12/site-packages/torch/_inductor/compile_fx.py", line 661, in _compile_fx_inner
W0318 11:22:23.437000 3786668 site-packages/torch/_dynamo/convert_frame.py:1125]     compiled_graph = FxGraphCache.load(
W0318 11:22:23.437000 3786668 site-packages/torch/_dynamo/convert_frame.py:1125]                      ^^^^^^^^^^^^^^^^^^
W0318 11:22:23.437000 3786668 site-packages/torch/_dynamo/convert_frame.py:1125]   File "/home/drozdovdan/miniconda3/lib/python3.12/site-packages/torch/_inductor/codecache.py", line 1334, in load
W0318 11:22:23.437000 3786668 site-packages/torch/_dynamo/convert_frame.py:1125]     compiled_graph = compile_fx_fn(
W0318 11:22:23.437000 3786668 site-packages/torch/_dynamo/convert_frame.py:1125]                      ^^^^^^^^^^^^^^
W0318 11:22:23.437000 3786668 site-packages/torch/_dynamo/convert_frame.py:1125]   File "/home/drozdovdan/miniconda3/lib/python3.12/site-packages/torch/_inductor/compile_fx.py", line 570, in codegen_and_compile
W0318 11:22:23.437000 3786668 site-packages/torch/_dynamo/convert_frame.py:1125]     compiled_graph = fx_codegen_and_compile(gm, example_inputs, **fx_kwargs)
W0318 11:22:23.437000 3786668 site-packages/torch/_dynamo/convert_frame.py:1125]                      ^^^^^^^^^^^^^^^^^^^^^^^^^^^^^^^^^^^^^^^^^^^^^^^^^^^^^^^
W0318 11:22:23.437000 3786668 site-packages/torch/_dynamo/convert_frame.py:1125]   File "/home/drozdovdan/miniconda3/lib/python3.12/site-packages/torch/_inductor/compile_fx.py", line 789, in fx_codegen_and_compile
W0318 11:22:23.437000 3786668 site-packages/torch/_dynamo/convert_frame.py:1125]     _recursive_post_grad_passes(gm, is_inference=is_inference)
W0318 11:22:23.437000 3786668 site-packages/torch/_dynamo/convert_frame.py:1125]   File "/home/drozdovdan/miniconda3/lib/python3.12/site-packages/torch/_inductor/compile_fx.py", line 288, in _recursive_post_grad_passes
W0318 11:22:23.437000 3786668 site-packages/torch/_dynamo/convert_frame.py:1125]     post_grad_passes(gm, is_inference)
W0318 11:22:23.437000 3786668 site-packages/torch/_dynamo/convert_frame.py:1125]   File "/home/drozdovdan/miniconda3/lib/python3.12/site-packages/torch/_inductor/fx_passes/post_grad.py", line 100, in post_grad_passes
W0318 11:22:23.437000 3786668 site-packages/torch/_dynamo/convert_frame.py:1125]     patterns.apply(gm.graph)  # type: ignore[arg-type]
W0318 11:22:23.437000 3786668 site-packages/torch/_dynamo/convert_frame.py:1125]     ^^^^^^^^^^^^^^^^^^^^^^^^
W0318 11:22:23.437000 3786668 site-packages/torch/_dynamo/convert_frame.py:1125]   File "/home/drozdovdan/miniconda3/lib/python3.12/site-packages/torch/_inductor/pattern_matcher.py", line 1729, in apply
W0318 11:22:23.437000 3786668 site-packages/torch/_dynamo/convert_frame.py:1125]     if is_match(m) and entry.extra_check(m):
W0318 11:22:23.437000 3786668 site-packages/torch/_dynamo/convert_frame.py:1125]                        ^^^^^^^^^^^^^^^^^^^^
W0318 11:22:23.437000 3786668 site-packages/torch/_dynamo/convert_frame.py:1125]   File "/home/drozdovdan/miniconda3/lib/python3.12/site-packages/torch/_inductor/fx_passes/quantization.py", line 1448, in fn
W0318 11:22:23.437000 3786668 site-packages/torch/_dynamo/convert_frame.py:1125]     scales = match.kwargs["scales"].meta["val"]
W0318 11:22:23.437000 3786668 site-packages/torch/_dynamo/convert_frame.py:1125]              ^^^^^^^^^^^^^^^^^^^^^^^^^^^
W0318 11:22:23.437000 3786668 site-packages/torch/_dynamo/convert_frame.py:1125] AttributeError: 'float' object has no attribute 'meta'
W0318 11:22:23.437000 3786668 site-packages/torch/_dynamo/convert_frame.py:1125]
W0318 11:22:23.437000 3786668 site-packages/torch/_dynamo/convert_frame.py:1125] The above exception was the direct cause of the following exception:
W0318 11:22:23.437000 3786668 site-packages/torch/_dynamo/convert_frame.py:1125]
W0318 11:22:23.437000 3786668 site-packages/torch/_dynamo/convert_frame.py:1125] Traceback (most recent call last):
W0318 11:22:23.437000 3786668 site-packages/torch/_dynamo/convert_frame.py:1125]   File "/home/drozdovdan/miniconda3/lib/python3.12/site-packages/torch/_dynamo/convert_frame.py", line 1064, in __call__
W0318 11:22:23.437000 3786668 site-packages/torch/_dynamo/convert_frame.py:1125]     result = self._inner_convert(
W0318 11:22:23.437000 3786668 site-packages/torch/_dynamo/convert_frame.py:1125]              ^^^^^^^^^^^^^^^^^^^^
W0318 11:22:23.437000 3786668 site-packages/torch/_dynamo/convert_frame.py:1125]   File "/home/drozdovdan/miniconda3/lib/python3.12/site-packages/torch/_dynamo/convert_frame.py", line 526, in __call__
W0318 11:22:23.437000 3786668 site-packages/torch/_dynamo/convert_frame.py:1125]     return _compile(
W0318 11:22:23.437000 3786668 site-packages/torch/_dynamo/convert_frame.py:1125]            ^^^^^^^^^
W0318 11:22:23.437000 3786668 site-packages/torch/_dynamo/convert_frame.py:1125]   File "/home/drozdovdan/miniconda3/lib/python3.12/site-packages/torch/_dynamo/convert_frame.py", line 924, in _compile
W0318 11:22:23.437000 3786668 site-packages/torch/_dynamo/convert_frame.py:1125]     guarded_code = compile_inner(code, one_graph, hooks, transform)
W0318 11:22:23.437000 3786668 site-packages/torch/_dynamo/convert_frame.py:1125]                    ^^^^^^^^^^^^^^^^^^^^^^^^^^^^^^^^^^^^^^^^^^^^^^^^
W0318 11:22:23.437000 3786668 site-packages/torch/_dynamo/convert_frame.py:1125]   File "/home/drozdovdan/miniconda3/lib/python3.12/site-packages/torch/_dynamo/convert_frame.py", line 666, in compile_inner
W0318 11:22:23.437000 3786668 site-packages/torch/_dynamo/convert_frame.py:1125]     return _compile_inner(code, one_graph, hooks, transform)
W0318 11:22:23.437000 3786668 site-packages/torch/_dynamo/convert_frame.py:1125]            ^^^^^^^^^^^^^^^^^^^^^^^^^^^^^^^^^^^^^^^^^^^^^^^^^
W0318 11:22:23.437000 3786668 site-packages/torch/_dynamo/convert_frame.py:1125]   File "/home/drozdovdan/miniconda3/lib/python3.12/site-packages/torch/_utils_internal.py", line 87, in wrapper_function
W0318 11:22:23.437000 3786668 site-packages/torch/_dynamo/convert_frame.py:1125]     return function(*args, **kwargs)
W0318 11:22:23.437000 3786668 site-packages/torch/_dynamo/convert_frame.py:1125]            ^^^^^^^^^^^^^^^^^^^^^^^^^
W0318 11:22:23.437000 3786668 site-packages/torch/_dynamo/convert_frame.py:1125]   File "/home/drozdovdan/miniconda3/lib/python3.12/site-packages/torch/_dynamo/convert_frame.py", line 699, in _compile_inner
W0318 11:22:23.437000 3786668 site-packages/torch/_dynamo/convert_frame.py:1125]     out_code = transform_code_object(code, transform)
W0318 11:22:23.437000 3786668 site-packages/torch/_dynamo/convert_frame.py:1125]                ^^^^^^^^^^^^^^^^^^^^^^^^^^^^^^^^^^^^^^
W0318 11:22:23.437000 3786668 site-packages/torch/_dynamo/convert_frame.py:1125]   File "/home/drozdovdan/miniconda3/lib/python3.12/site-packages/torch/_dynamo/bytecode_transformation.py", line 1322, in transform_code_object
W0318 11:22:23.437000 3786668 site-packages/torch/_dynamo/convert_frame.py:1125]     transformations(instructions, code_options)
W0318 11:22:23.437000 3786668 site-packages/torch/_dynamo/convert_frame.py:1125]   File "/home/drozdovdan/miniconda3/lib/python3.12/site-packages/torch/_dynamo/convert_frame.py", line 219, in _fn
W0318 11:22:23.437000 3786668 site-packages/torch/_dynamo/convert_frame.py:1125]     return fn(*args, **kwargs)
W0318 11:22:23.437000 3786668 site-packages/torch/_dynamo/convert_frame.py:1125]            ^^^^^^^^^^^^^^^^^^^
W0318 11:22:23.437000 3786668 site-packages/torch/_dynamo/convert_frame.py:1125]   File "/home/drozdovdan/miniconda3/lib/python3.12/site-packages/torch/_dynamo/convert_frame.py", line 634, in transform
W0318 11:22:23.437000 3786668 site-packages/torch/_dynamo/convert_frame.py:1125]     tracer.run()
W0318 11:22:23.437000 3786668 site-packages/torch/_dynamo/convert_frame.py:1125]   File "/home/drozdovdan/miniconda3/lib/python3.12/site-packages/torch/_dynamo/symbolic_convert.py", line 2796, in run
W0318 11:22:23.437000 3786668 site-packages/torch/_dynamo/convert_frame.py:1125]     super().run()
W0318 11:22:23.437000 3786668 site-packages/torch/_dynamo/convert_frame.py:1125]   File "/home/drozdovdan/miniconda3/lib/python3.12/site-packages/torch/_dynamo/symbolic_convert.py", line 983, in run
W0318 11:22:23.437000 3786668 site-packages/torch/_dynamo/convert_frame.py:1125]     while self.step():
W0318 11:22:23.437000 3786668 site-packages/torch/_dynamo/convert_frame.py:1125]           ^^^^^^^^^^^
W0318 11:22:23.437000 3786668 site-packages/torch/_dynamo/convert_frame.py:1125]   File "/home/drozdovdan/miniconda3/lib/python3.12/site-packages/torch/_dynamo/symbolic_convert.py", line 895, in step
W0318 11:22:23.437000 3786668 site-packages/torch/_dynamo/convert_frame.py:1125]     self.dispatch_table[inst.opcode](self, inst)
W0318 11:22:23.437000 3786668 site-packages/torch/_dynamo/convert_frame.py:1125]   File "/home/drozdovdan/miniconda3/lib/python3.12/site-packages/torch/_dynamo/symbolic_convert.py", line 2987, in RETURN_VALUE
W0318 11:22:23.437000 3786668 site-packages/torch/_dynamo/convert_frame.py:1125]     self._return(inst)
W0318 11:22:23.437000 3786668 site-packages/torch/_dynamo/convert_frame.py:1125]   File "/home/drozdovdan/miniconda3/lib/python3.12/site-packages/torch/_dynamo/symbolic_convert.py", line 2972, in _return
W0318 11:22:23.437000 3786668 site-packages/torch/_dynamo/convert_frame.py:1125]     self.output.compile_subgraph(
W0318 11:22:23.437000 3786668 site-packages/torch/_dynamo/convert_frame.py:1125]   File "/home/drozdovdan/miniconda3/lib/python3.12/site-packages/torch/_dynamo/output_graph.py", line 1142, in compile_subgraph
W0318 11:22:23.437000 3786668 site-packages/torch/_dynamo/convert_frame.py:1125]     self.compile_and_call_fx_graph(tx, pass2.graph_output_vars(), root)
W0318 11:22:23.437000 3786668 site-packages/torch/_dynamo/convert_frame.py:1125]   File "/home/drozdovdan/miniconda3/lib/python3.12/site-packages/torch/_dynamo/output_graph.py", line 1369, in compile_and_call_fx_graph
W0318 11:22:23.437000 3786668 site-packages/torch/_dynamo/convert_frame.py:1125]     compiled_fn = self.call_user_compiler(gm)
W0318 11:22:23.437000 3786668 site-packages/torch/_dynamo/convert_frame.py:1125]                   ^^^^^^^^^^^^^^^^^^^^^^^^^^^
W0318 11:22:23.437000 3786668 site-packages/torch/_dynamo/convert_frame.py:1125]   File "/home/drozdovdan/miniconda3/lib/python3.12/site-packages/torch/_dynamo/output_graph.py", line 1416, in call_user_compiler
W0318 11:22:23.437000 3786668 site-packages/torch/_dynamo/convert_frame.py:1125]     return self._call_user_compiler(gm)
W0318 11:22:23.437000 3786668 site-packages/torch/_dynamo/convert_frame.py:1125]            ^^^^^^^^^^^^^^^^^^^^^^^^^^^^
W0318 11:22:23.437000 3786668 site-packages/torch/_dynamo/convert_frame.py:1125]   File "/home/drozdovdan/miniconda3/lib/python3.12/site-packages/torch/_dynamo/output_graph.py", line 1465, in _call_user_compiler
W0318 11:22:23.437000 3786668 site-packages/torch/_dynamo/convert_frame.py:1125]     raise BackendCompilerFailed(self.compiler_fn, e) from e
W0318 11:22:23.437000 3786668 site-packages/torch/_dynamo/convert_frame.py:1125] torch._dynamo.exc.BackendCompilerFailed: backend='inductor' raised:
W0318 11:22:23.437000 3786668 site-packages/torch/_dynamo/convert_frame.py:1125] AttributeError: 'float' object has no attribute 'meta'
W0318 11:22:23.437000 3786668 site-packages/torch/_dynamo/convert_frame.py:1125]
W0318 11:22:23.437000 3786668 site-packages/torch/_dynamo/convert_frame.py:1125] Set TORCH_LOGS="+dynamo" and TORCHDYNAMO_VERBOSE=1 for more information
W0318 11:22:23.437000 3786668 site-packages/torch/_dynamo/convert_frame.py:1125]
W0318 11:22:23.794000 3786668 site-packages/torch/_dynamo/convert_frame.py:1125] WON'T CONVERT forward /home/drozdovdan/Hebb_Adaptation/Hebb_Adaptation_nanoGPT/model.py line 993
W0318 11:22:23.794000 3786668 site-packages/torch/_dynamo/convert_frame.py:1125] due to:
W0318 11:22:23.794000 3786668 site-packages/torch/_dynamo/convert_frame.py:1125] Traceback (most recent call last):
W0318 11:22:23.794000 3786668 site-packages/torch/_dynamo/convert_frame.py:1125]   File "/home/drozdovdan/miniconda3/lib/python3.12/site-packages/torch/_dynamo/output_graph.py", line 1446, in _call_user_compiler
W0318 11:22:23.794000 3786668 site-packages/torch/_dynamo/convert_frame.py:1125]     compiled_fn = compiler_fn(gm, self.example_inputs())
W0318 11:22:23.794000 3786668 site-packages/torch/_dynamo/convert_frame.py:1125]                   ^^^^^^^^^^^^^^^^^^^^^^^^^^^^^^^^^^^^^^
W0318 11:22:23.794000 3786668 site-packages/torch/_dynamo/convert_frame.py:1125]   File "/home/drozdovdan/miniconda3/lib/python3.12/site-packages/torch/_dynamo/repro/after_dynamo.py", line 129, in __call__
W0318 11:22:23.794000 3786668 site-packages/torch/_dynamo/convert_frame.py:1125]     compiled_gm = compiler_fn(gm, example_inputs)
W0318 11:22:23.794000 3786668 site-packages/torch/_dynamo/convert_frame.py:1125]                   ^^^^^^^^^^^^^^^^^^^^^^^^^^^^^^^
W0318 11:22:23.794000 3786668 site-packages/torch/_dynamo/convert_frame.py:1125]   File "/home/drozdovdan/miniconda3/lib/python3.12/site-packages/torch/__init__.py", line 2234, in __call__
W0318 11:22:23.794000 3786668 site-packages/torch/_dynamo/convert_frame.py:1125]     return compile_fx(model_, inputs_, config_patches=self.config)
W0318 11:22:23.794000 3786668 site-packages/torch/_dynamo/convert_frame.py:1125]            ^^^^^^^^^^^^^^^^^^^^^^^^^^^^^^^^^^^^^^^^^^^^^^^^^^^^^^^
W0318 11:22:23.794000 3786668 site-packages/torch/_dynamo/convert_frame.py:1125]   File "/home/drozdovdan/miniconda3/lib/python3.12/site-packages/torch/_inductor/compile_fx.py", line 1521, in compile_fx
W0318 11:22:23.794000 3786668 site-packages/torch/_dynamo/convert_frame.py:1125]     return aot_autograd(
W0318 11:22:23.794000 3786668 site-packages/torch/_dynamo/convert_frame.py:1125]            ^^^^^^^^^^^^^
W0318 11:22:23.794000 3786668 site-packages/torch/_dynamo/convert_frame.py:1125]   File "/home/drozdovdan/miniconda3/lib/python3.12/site-packages/torch/_dynamo/backends/common.py", line 72, in __call__
W0318 11:22:23.794000 3786668 site-packages/torch/_dynamo/convert_frame.py:1125]     cg = aot_module_simplified(gm, example_inputs, **self.kwargs)
W0318 11:22:23.794000 3786668 site-packages/torch/_dynamo/convert_frame.py:1125]          ^^^^^^^^^^^^^^^^^^^^^^^^^^^^^^^^^^^^^^^^^^^^^^^^^^^^^^^^
W0318 11:22:23.794000 3786668 site-packages/torch/_dynamo/convert_frame.py:1125]   File "/home/drozdovdan/miniconda3/lib/python3.12/site-packages/torch/_functorch/aot_autograd.py", line 1071, in aot_module_simplified
W0318 11:22:23.794000 3786668 site-packages/torch/_dynamo/convert_frame.py:1125]     compiled_fn = dispatch_and_compile()
W0318 11:22:23.794000 3786668 site-packages/torch/_dynamo/convert_frame.py:1125]                   ^^^^^^^^^^^^^^^^^^^^^^
W0318 11:22:23.794000 3786668 site-packages/torch/_dynamo/convert_frame.py:1125]   File "/home/drozdovdan/miniconda3/lib/python3.12/site-packages/torch/_functorch/aot_autograd.py", line 1056, in dispatch_and_compile
W0318 11:22:23.794000 3786668 site-packages/torch/_dynamo/convert_frame.py:1125]     compiled_fn, _ = create_aot_dispatcher_function(
W0318 11:22:23.794000 3786668 site-packages/torch/_dynamo/convert_frame.py:1125]                      ^^^^^^^^^^^^^^^^^^^^^^^^^^^^^^^
W0318 11:22:23.794000 3786668 site-packages/torch/_dynamo/convert_frame.py:1125]   File "/home/drozdovdan/miniconda3/lib/python3.12/site-packages/torch/_functorch/aot_autograd.py", line 522, in create_aot_dispatcher_function
W0318 11:22:23.794000 3786668 site-packages/torch/_dynamo/convert_frame.py:1125]     return _create_aot_dispatcher_function(
W0318 11:22:23.794000 3786668 site-packages/torch/_dynamo/convert_frame.py:1125]            ^^^^^^^^^^^^^^^^^^^^^^^^^^^^^^^^
W0318 11:22:23.794000 3786668 site-packages/torch/_dynamo/convert_frame.py:1125]   File "/home/drozdovdan/miniconda3/lib/python3.12/site-packages/torch/_functorch/aot_autograd.py", line 759, in _create_aot_dispatcher_function
W0318 11:22:23.794000 3786668 site-packages/torch/_dynamo/convert_frame.py:1125]     compiled_fn, fw_metadata = compiler_fn(
W0318 11:22:23.794000 3786668 site-packages/torch/_dynamo/convert_frame.py:1125]                                ^^^^^^^^^^^^
W0318 11:22:23.794000 3786668 site-packages/torch/_dynamo/convert_frame.py:1125]   File "/home/drozdovdan/miniconda3/lib/python3.12/site-packages/torch/_functorch/_aot_autograd/jit_compile_runtime_wrappers.py", line 179, in aot_dispatch_base
W0318 11:22:23.794000 3786668 site-packages/torch/_dynamo/convert_frame.py:1125]     compiled_fw = compiler(fw_module, updated_flat_args)
W0318 11:22:23.794000 3786668 site-packages/torch/_dynamo/convert_frame.py:1125]                   ^^^^^^^^^^^^^^^^^^^^^^^^^^^^^^^^^^^^^^
W0318 11:22:23.794000 3786668 site-packages/torch/_dynamo/convert_frame.py:1125]   File "/home/drozdovdan/miniconda3/lib/python3.12/site-packages/torch/_inductor/compile_fx.py", line 1350, in fw_compiler_base
W0318 11:22:23.794000 3786668 site-packages/torch/_dynamo/convert_frame.py:1125]     return _fw_compiler_base(model, example_inputs, is_inference)
W0318 11:22:23.794000 3786668 site-packages/torch/_dynamo/convert_frame.py:1125]            ^^^^^^^^^^^^^^^^^^^^^^^^^^^^^^^^^^^^^^^^^^^^^^^^^^^^^^
W0318 11:22:23.794000 3786668 site-packages/torch/_dynamo/convert_frame.py:1125]   File "/home/drozdovdan/miniconda3/lib/python3.12/site-packages/torch/_inductor/compile_fx.py", line 1421, in _fw_compiler_base
W0318 11:22:23.794000 3786668 site-packages/torch/_dynamo/convert_frame.py:1125]     return inner_compile(
W0318 11:22:23.794000 3786668 site-packages/torch/_dynamo/convert_frame.py:1125]            ^^^^^^^^^^^^^^
W0318 11:22:23.794000 3786668 site-packages/torch/_dynamo/convert_frame.py:1125]   File "/home/drozdovdan/miniconda3/lib/python3.12/site-packages/torch/_inductor/compile_fx.py", line 475, in compile_fx_inner
W0318 11:22:23.794000 3786668 site-packages/torch/_dynamo/convert_frame.py:1125]     return wrap_compiler_debug(_compile_fx_inner, compiler_name="inductor")(
W0318 11:22:23.794000 3786668 site-packages/torch/_dynamo/convert_frame.py:1125]            ^^^^^^^^^^^^^^^^^^^^^^^^^^^^^^^^^^^^^^^^^^^^^^^^^^^^^^^^^^^^^^^^^
W0318 11:22:23.794000 3786668 site-packages/torch/_dynamo/convert_frame.py:1125]   File "/home/drozdovdan/miniconda3/lib/python3.12/site-packages/torch/_dynamo/repro/after_aot.py", line 85, in debug_wrapper
W0318 11:22:23.794000 3786668 site-packages/torch/_dynamo/convert_frame.py:1125]     inner_compiled_fn = compiler_fn(gm, example_inputs)
W0318 11:22:23.794000 3786668 site-packages/torch/_dynamo/convert_frame.py:1125]                         ^^^^^^^^^^^^^^^^^^^^^^^^^^^^^^^
W0318 11:22:23.794000 3786668 site-packages/torch/_dynamo/convert_frame.py:1125]   File "/home/drozdovdan/miniconda3/lib/python3.12/site-packages/torch/_inductor/compile_fx.py", line 661, in _compile_fx_inner
W0318 11:22:23.794000 3786668 site-packages/torch/_dynamo/convert_frame.py:1125]     compiled_graph = FxGraphCache.load(
W0318 11:22:23.794000 3786668 site-packages/torch/_dynamo/convert_frame.py:1125]                      ^^^^^^^^^^^^^^^^^^
W0318 11:22:23.794000 3786668 site-packages/torch/_dynamo/convert_frame.py:1125]   File "/home/drozdovdan/miniconda3/lib/python3.12/site-packages/torch/_inductor/codecache.py", line 1334, in load
W0318 11:22:23.794000 3786668 site-packages/torch/_dynamo/convert_frame.py:1125]     compiled_graph = compile_fx_fn(
W0318 11:22:23.794000 3786668 site-packages/torch/_dynamo/convert_frame.py:1125]                      ^^^^^^^^^^^^^^
W0318 11:22:23.794000 3786668 site-packages/torch/_dynamo/convert_frame.py:1125]   File "/home/drozdovdan/miniconda3/lib/python3.12/site-packages/torch/_inductor/compile_fx.py", line 570, in codegen_and_compile
W0318 11:22:23.794000 3786668 site-packages/torch/_dynamo/convert_frame.py:1125]     compiled_graph = fx_codegen_and_compile(gm, example_inputs, **fx_kwargs)
W0318 11:22:23.794000 3786668 site-packages/torch/_dynamo/convert_frame.py:1125]                      ^^^^^^^^^^^^^^^^^^^^^^^^^^^^^^^^^^^^^^^^^^^^^^^^^^^^^^^
W0318 11:22:23.794000 3786668 site-packages/torch/_dynamo/convert_frame.py:1125]   File "/home/drozdovdan/miniconda3/lib/python3.12/site-packages/torch/_inductor/compile_fx.py", line 789, in fx_codegen_and_compile
W0318 11:22:23.794000 3786668 site-packages/torch/_dynamo/convert_frame.py:1125]     _recursive_post_grad_passes(gm, is_inference=is_inference)
W0318 11:22:23.794000 3786668 site-packages/torch/_dynamo/convert_frame.py:1125]   File "/home/drozdovdan/miniconda3/lib/python3.12/site-packages/torch/_inductor/compile_fx.py", line 288, in _recursive_post_grad_passes
W0318 11:22:23.794000 3786668 site-packages/torch/_dynamo/convert_frame.py:1125]     post_grad_passes(gm, is_inference)
W0318 11:22:23.794000 3786668 site-packages/torch/_dynamo/convert_frame.py:1125]   File "/home/drozdovdan/miniconda3/lib/python3.12/site-packages/torch/_inductor/fx_passes/post_grad.py", line 100, in post_grad_passes
W0318 11:22:23.794000 3786668 site-packages/torch/_dynamo/convert_frame.py:1125]     patterns.apply(gm.graph)  # type: ignore[arg-type]
W0318 11:22:23.794000 3786668 site-packages/torch/_dynamo/convert_frame.py:1125]     ^^^^^^^^^^^^^^^^^^^^^^^^
W0318 11:22:23.794000 3786668 site-packages/torch/_dynamo/convert_frame.py:1125]   File "/home/drozdovdan/miniconda3/lib/python3.12/site-packages/torch/_inductor/pattern_matcher.py", line 1729, in apply
W0318 11:22:23.794000 3786668 site-packages/torch/_dynamo/convert_frame.py:1125]     if is_match(m) and entry.extra_check(m):
W0318 11:22:23.794000 3786668 site-packages/torch/_dynamo/convert_frame.py:1125]                        ^^^^^^^^^^^^^^^^^^^^
W0318 11:22:23.794000 3786668 site-packages/torch/_dynamo/convert_frame.py:1125]   File "/home/drozdovdan/miniconda3/lib/python3.12/site-packages/torch/_inductor/fx_passes/quantization.py", line 1448, in fn
W0318 11:22:23.794000 3786668 site-packages/torch/_dynamo/convert_frame.py:1125]     scales = match.kwargs["scales"].meta["val"]
W0318 11:22:23.794000 3786668 site-packages/torch/_dynamo/convert_frame.py:1125]              ^^^^^^^^^^^^^^^^^^^^^^^^^^^
W0318 11:22:23.794000 3786668 site-packages/torch/_dynamo/convert_frame.py:1125] AttributeError: 'float' object has no attribute 'meta'
W0318 11:22:23.794000 3786668 site-packages/torch/_dynamo/convert_frame.py:1125]
W0318 11:22:23.794000 3786668 site-packages/torch/_dynamo/convert_frame.py:1125] The above exception was the direct cause of the following exception:
W0318 11:22:23.794000 3786668 site-packages/torch/_dynamo/convert_frame.py:1125]
W0318 11:22:23.794000 3786668 site-packages/torch/_dynamo/convert_frame.py:1125] Traceback (most recent call last):
W0318 11:22:23.794000 3786668 site-packages/torch/_dynamo/convert_frame.py:1125]   File "/home/drozdovdan/miniconda3/lib/python3.12/site-packages/torch/_dynamo/convert_frame.py", line 1064, in __call__
W0318 11:22:23.794000 3786668 site-packages/torch/_dynamo/convert_frame.py:1125]     result = self._inner_convert(
W0318 11:22:23.794000 3786668 site-packages/torch/_dynamo/convert_frame.py:1125]              ^^^^^^^^^^^^^^^^^^^^
W0318 11:22:23.794000 3786668 site-packages/torch/_dynamo/convert_frame.py:1125]   File "/home/drozdovdan/miniconda3/lib/python3.12/site-packages/torch/_dynamo/convert_frame.py", line 526, in __call__
W0318 11:22:23.794000 3786668 site-packages/torch/_dynamo/convert_frame.py:1125]     return _compile(
W0318 11:22:23.794000 3786668 site-packages/torch/_dynamo/convert_frame.py:1125]            ^^^^^^^^^
W0318 11:22:23.794000 3786668 site-packages/torch/_dynamo/convert_frame.py:1125]   File "/home/drozdovdan/miniconda3/lib/python3.12/site-packages/torch/_dynamo/convert_frame.py", line 924, in _compile
W0318 11:22:23.794000 3786668 site-packages/torch/_dynamo/convert_frame.py:1125]     guarded_code = compile_inner(code, one_graph, hooks, transform)
W0318 11:22:23.794000 3786668 site-packages/torch/_dynamo/convert_frame.py:1125]                    ^^^^^^^^^^^^^^^^^^^^^^^^^^^^^^^^^^^^^^^^^^^^^^^^
W0318 11:22:23.794000 3786668 site-packages/torch/_dynamo/convert_frame.py:1125]   File "/home/drozdovdan/miniconda3/lib/python3.12/site-packages/torch/_dynamo/convert_frame.py", line 666, in compile_inner
W0318 11:22:23.794000 3786668 site-packages/torch/_dynamo/convert_frame.py:1125]     return _compile_inner(code, one_graph, hooks, transform)
W0318 11:22:23.794000 3786668 site-packages/torch/_dynamo/convert_frame.py:1125]            ^^^^^^^^^^^^^^^^^^^^^^^^^^^^^^^^^^^^^^^^^^^^^^^^^
W0318 11:22:23.794000 3786668 site-packages/torch/_dynamo/convert_frame.py:1125]   File "/home/drozdovdan/miniconda3/lib/python3.12/site-packages/torch/_utils_internal.py", line 87, in wrapper_function
W0318 11:22:23.794000 3786668 site-packages/torch/_dynamo/convert_frame.py:1125]     return function(*args, **kwargs)
W0318 11:22:23.794000 3786668 site-packages/torch/_dynamo/convert_frame.py:1125]            ^^^^^^^^^^^^^^^^^^^^^^^^^
W0318 11:22:23.794000 3786668 site-packages/torch/_dynamo/convert_frame.py:1125]   File "/home/drozdovdan/miniconda3/lib/python3.12/site-packages/torch/_dynamo/convert_frame.py", line 699, in _compile_inner
W0318 11:22:23.794000 3786668 site-packages/torch/_dynamo/convert_frame.py:1125]     out_code = transform_code_object(code, transform)
W0318 11:22:23.794000 3786668 site-packages/torch/_dynamo/convert_frame.py:1125]                ^^^^^^^^^^^^^^^^^^^^^^^^^^^^^^^^^^^^^^
W0318 11:22:23.794000 3786668 site-packages/torch/_dynamo/convert_frame.py:1125]   File "/home/drozdovdan/miniconda3/lib/python3.12/site-packages/torch/_dynamo/bytecode_transformation.py", line 1322, in transform_code_object
W0318 11:22:23.794000 3786668 site-packages/torch/_dynamo/convert_frame.py:1125]     transformations(instructions, code_options)
W0318 11:22:23.794000 3786668 site-packages/torch/_dynamo/convert_frame.py:1125]   File "/home/drozdovdan/miniconda3/lib/python3.12/site-packages/torch/_dynamo/convert_frame.py", line 219, in _fn
W0318 11:22:23.794000 3786668 site-packages/torch/_dynamo/convert_frame.py:1125]     return fn(*args, **kwargs)
W0318 11:22:23.794000 3786668 site-packages/torch/_dynamo/convert_frame.py:1125]            ^^^^^^^^^^^^^^^^^^^
W0318 11:22:23.794000 3786668 site-packages/torch/_dynamo/convert_frame.py:1125]   File "/home/drozdovdan/miniconda3/lib/python3.12/site-packages/torch/_dynamo/convert_frame.py", line 634, in transform
W0318 11:22:23.794000 3786668 site-packages/torch/_dynamo/convert_frame.py:1125]     tracer.run()
W0318 11:22:23.794000 3786668 site-packages/torch/_dynamo/convert_frame.py:1125]   File "/home/drozdovdan/miniconda3/lib/python3.12/site-packages/torch/_dynamo/symbolic_convert.py", line 2796, in run
W0318 11:22:23.794000 3786668 site-packages/torch/_dynamo/convert_frame.py:1125]     super().run()
W0318 11:22:23.794000 3786668 site-packages/torch/_dynamo/convert_frame.py:1125]   File "/home/drozdovdan/miniconda3/lib/python3.12/site-packages/torch/_dynamo/symbolic_convert.py", line 983, in run
W0318 11:22:23.794000 3786668 site-packages/torch/_dynamo/convert_frame.py:1125]     while self.step():
W0318 11:22:23.794000 3786668 site-packages/torch/_dynamo/convert_frame.py:1125]           ^^^^^^^^^^^
W0318 11:22:23.794000 3786668 site-packages/torch/_dynamo/convert_frame.py:1125]   File "/home/drozdovdan/miniconda3/lib/python3.12/site-packages/torch/_dynamo/symbolic_convert.py", line 895, in step
W0318 11:22:23.794000 3786668 site-packages/torch/_dynamo/convert_frame.py:1125]     self.dispatch_table[inst.opcode](self, inst)
W0318 11:22:23.794000 3786668 site-packages/torch/_dynamo/convert_frame.py:1125]   File "/home/drozdovdan/miniconda3/lib/python3.12/site-packages/torch/_dynamo/symbolic_convert.py", line 2987, in RETURN_VALUE
W0318 11:22:23.794000 3786668 site-packages/torch/_dynamo/convert_frame.py:1125]     self._return(inst)
W0318 11:22:23.794000 3786668 site-packages/torch/_dynamo/convert_frame.py:1125]   File "/home/drozdovdan/miniconda3/lib/python3.12/site-packages/torch/_dynamo/symbolic_convert.py", line 2972, in _return
W0318 11:22:23.794000 3786668 site-packages/torch/_dynamo/convert_frame.py:1125]     self.output.compile_subgraph(
W0318 11:22:23.794000 3786668 site-packages/torch/_dynamo/convert_frame.py:1125]   File "/home/drozdovdan/miniconda3/lib/python3.12/site-packages/torch/_dynamo/output_graph.py", line 1117, in compile_subgraph
W0318 11:22:23.794000 3786668 site-packages/torch/_dynamo/convert_frame.py:1125]     self.compile_and_call_fx_graph(tx, list(reversed(stack_values)), root)
W0318 11:22:23.794000 3786668 site-packages/torch/_dynamo/convert_frame.py:1125]   File "/home/drozdovdan/miniconda3/lib/python3.12/site-packages/torch/_dynamo/output_graph.py", line 1369, in compile_and_call_fx_graph
W0318 11:22:23.794000 3786668 site-packages/torch/_dynamo/convert_frame.py:1125]     compiled_fn = self.call_user_compiler(gm)
W0318 11:22:23.794000 3786668 site-packages/torch/_dynamo/convert_frame.py:1125]                   ^^^^^^^^^^^^^^^^^^^^^^^^^^^
W0318 11:22:23.794000 3786668 site-packages/torch/_dynamo/convert_frame.py:1125]   File "/home/drozdovdan/miniconda3/lib/python3.12/site-packages/torch/_dynamo/output_graph.py", line 1416, in call_user_compiler
W0318 11:22:23.794000 3786668 site-packages/torch/_dynamo/convert_frame.py:1125]     return self._call_user_compiler(gm)
W0318 11:22:23.794000 3786668 site-packages/torch/_dynamo/convert_frame.py:1125]            ^^^^^^^^^^^^^^^^^^^^^^^^^^^^
W0318 11:22:23.794000 3786668 site-packages/torch/_dynamo/convert_frame.py:1125]   File "/home/drozdovdan/miniconda3/lib/python3.12/site-packages/torch/_dynamo/output_graph.py", line 1465, in _call_user_compiler
W0318 11:22:23.794000 3786668 site-packages/torch/_dynamo/convert_frame.py:1125]     raise BackendCompilerFailed(self.compiler_fn, e) from e
W0318 11:22:23.794000 3786668 site-packages/torch/_dynamo/convert_frame.py:1125] torch._dynamo.exc.BackendCompilerFailed: backend='inductor' raised:
W0318 11:22:23.794000 3786668 site-packages/torch/_dynamo/convert_frame.py:1125] AttributeError: 'float' object has no attribute 'meta'
W0318 11:22:23.794000 3786668 site-packages/torch/_dynamo/convert_frame.py:1125]
W0318 11:22:23.794000 3786668 site-packages/torch/_dynamo/convert_frame.py:1125] Set TORCH_LOGS="+dynamo" and TORCHDYNAMO_VERBOSE=1 for more information
W0318 11:22:23.794000 3786668 site-packages/torch/_dynamo/convert_frame.py:1125]
W0318 11:22:23.794000 3786668 site-packages/torch/_dynamo/convert_frame.py:1125] Traceback (most recent call last):
W0318 11:22:23.794000 3786668 site-packages/torch/_dynamo/convert_frame.py:1125]   File "/home/drozdovdan/miniconda3/lib/python3.12/site-packages/torch/_dynamo/output_graph.py", line 1446, in _call_user_compiler
W0318 11:22:23.794000 3786668 site-packages/torch/_dynamo/convert_frame.py:1125]     compiled_fn = compiler_fn(gm, self.example_inputs())
W0318 11:22:23.794000 3786668 site-packages/torch/_dynamo/convert_frame.py:1125]                   ^^^^^^^^^^^^^^^^^^^^^^^^^^^^^^^^^^^^^^
W0318 11:22:23.794000 3786668 site-packages/torch/_dynamo/convert_frame.py:1125]   File "/home/drozdovdan/miniconda3/lib/python3.12/site-packages/torch/_dynamo/repro/after_dynamo.py", line 129, in __call__
W0318 11:22:23.794000 3786668 site-packages/torch/_dynamo/convert_frame.py:1125]     compiled_gm = compiler_fn(gm, example_inputs)
W0318 11:22:23.794000 3786668 site-packages/torch/_dynamo/convert_frame.py:1125]                   ^^^^^^^^^^^^^^^^^^^^^^^^^^^^^^^
W0318 11:22:23.794000 3786668 site-packages/torch/_dynamo/convert_frame.py:1125]   File "/home/drozdovdan/miniconda3/lib/python3.12/site-packages/torch/__init__.py", line 2234, in __call__
W0318 11:22:23.794000 3786668 site-packages/torch/_dynamo/convert_frame.py:1125]     return compile_fx(model_, inputs_, config_patches=self.config)
W0318 11:22:23.794000 3786668 site-packages/torch/_dynamo/convert_frame.py:1125]            ^^^^^^^^^^^^^^^^^^^^^^^^^^^^^^^^^^^^^^^^^^^^^^^^^^^^^^^
W0318 11:22:23.794000 3786668 site-packages/torch/_dynamo/convert_frame.py:1125]   File "/home/drozdovdan/miniconda3/lib/python3.12/site-packages/torch/_inductor/compile_fx.py", line 1521, in compile_fx
W0318 11:22:23.794000 3786668 site-packages/torch/_dynamo/convert_frame.py:1125]     return aot_autograd(
W0318 11:22:23.794000 3786668 site-packages/torch/_dynamo/convert_frame.py:1125]            ^^^^^^^^^^^^^
W0318 11:22:23.794000 3786668 site-packages/torch/_dynamo/convert_frame.py:1125]   File "/home/drozdovdan/miniconda3/lib/python3.12/site-packages/torch/_dynamo/backends/common.py", line 72, in __call__
W0318 11:22:23.794000 3786668 site-packages/torch/_dynamo/convert_frame.py:1125]     cg = aot_module_simplified(gm, example_inputs, **self.kwargs)
W0318 11:22:23.794000 3786668 site-packages/torch/_dynamo/convert_frame.py:1125]          ^^^^^^^^^^^^^^^^^^^^^^^^^^^^^^^^^^^^^^^^^^^^^^^^^^^^^^^^
W0318 11:22:23.794000 3786668 site-packages/torch/_dynamo/convert_frame.py:1125]   File "/home/drozdovdan/miniconda3/lib/python3.12/site-packages/torch/_functorch/aot_autograd.py", line 1071, in aot_module_simplified
W0318 11:22:23.794000 3786668 site-packages/torch/_dynamo/convert_frame.py:1125]     compiled_fn = dispatch_and_compile()
W0318 11:22:23.794000 3786668 site-packages/torch/_dynamo/convert_frame.py:1125]                   ^^^^^^^^^^^^^^^^^^^^^^
W0318 11:22:23.794000 3786668 site-packages/torch/_dynamo/convert_frame.py:1125]   File "/home/drozdovdan/miniconda3/lib/python3.12/site-packages/torch/_functorch/aot_autograd.py", line 1056, in dispatch_and_compile
W0318 11:22:23.794000 3786668 site-packages/torch/_dynamo/convert_frame.py:1125]     compiled_fn, _ = create_aot_dispatcher_function(
W0318 11:22:23.794000 3786668 site-packages/torch/_dynamo/convert_frame.py:1125]                      ^^^^^^^^^^^^^^^^^^^^^^^^^^^^^^^
W0318 11:22:23.794000 3786668 site-packages/torch/_dynamo/convert_frame.py:1125]   File "/home/drozdovdan/miniconda3/lib/python3.12/site-packages/torch/_functorch/aot_autograd.py", line 522, in create_aot_dispatcher_function
W0318 11:22:23.794000 3786668 site-packages/torch/_dynamo/convert_frame.py:1125]     return _create_aot_dispatcher_function(
W0318 11:22:23.794000 3786668 site-packages/torch/_dynamo/convert_frame.py:1125]            ^^^^^^^^^^^^^^^^^^^^^^^^^^^^^^^^
W0318 11:22:23.794000 3786668 site-packages/torch/_dynamo/convert_frame.py:1125]   File "/home/drozdovdan/miniconda3/lib/python3.12/site-packages/torch/_functorch/aot_autograd.py", line 759, in _create_aot_dispatcher_function
W0318 11:22:23.794000 3786668 site-packages/torch/_dynamo/convert_frame.py:1125]     compiled_fn, fw_metadata = compiler_fn(
W0318 11:22:23.794000 3786668 site-packages/torch/_dynamo/convert_frame.py:1125]                                ^^^^^^^^^^^^
W0318 11:22:23.794000 3786668 site-packages/torch/_dynamo/convert_frame.py:1125]   File "/home/drozdovdan/miniconda3/lib/python3.12/site-packages/torch/_functorch/_aot_autograd/jit_compile_runtime_wrappers.py", line 179, in aot_dispatch_base
W0318 11:22:23.794000 3786668 site-packages/torch/_dynamo/convert_frame.py:1125]     compiled_fw = compiler(fw_module, updated_flat_args)
W0318 11:22:23.794000 3786668 site-packages/torch/_dynamo/convert_frame.py:1125]                   ^^^^^^^^^^^^^^^^^^^^^^^^^^^^^^^^^^^^^^
W0318 11:22:23.794000 3786668 site-packages/torch/_dynamo/convert_frame.py:1125]   File "/home/drozdovdan/miniconda3/lib/python3.12/site-packages/torch/_inductor/compile_fx.py", line 1350, in fw_compiler_base
W0318 11:22:23.794000 3786668 site-packages/torch/_dynamo/convert_frame.py:1125]     return _fw_compiler_base(model, example_inputs, is_inference)
W0318 11:22:23.794000 3786668 site-packages/torch/_dynamo/convert_frame.py:1125]            ^^^^^^^^^^^^^^^^^^^^^^^^^^^^^^^^^^^^^^^^^^^^^^^^^^^^^^
W0318 11:22:23.794000 3786668 site-packages/torch/_dynamo/convert_frame.py:1125]   File "/home/drozdovdan/miniconda3/lib/python3.12/site-packages/torch/_inductor/compile_fx.py", line 1421, in _fw_compiler_base
W0318 11:22:23.794000 3786668 site-packages/torch/_dynamo/convert_frame.py:1125]     return inner_compile(
W0318 11:22:23.794000 3786668 site-packages/torch/_dynamo/convert_frame.py:1125]            ^^^^^^^^^^^^^^
W0318 11:22:23.794000 3786668 site-packages/torch/_dynamo/convert_frame.py:1125]   File "/home/drozdovdan/miniconda3/lib/python3.12/site-packages/torch/_inductor/compile_fx.py", line 475, in compile_fx_inner
W0318 11:22:23.794000 3786668 site-packages/torch/_dynamo/convert_frame.py:1125]     return wrap_compiler_debug(_compile_fx_inner, compiler_name="inductor")(
W0318 11:22:23.794000 3786668 site-packages/torch/_dynamo/convert_frame.py:1125]            ^^^^^^^^^^^^^^^^^^^^^^^^^^^^^^^^^^^^^^^^^^^^^^^^^^^^^^^^^^^^^^^^^
W0318 11:22:23.794000 3786668 site-packages/torch/_dynamo/convert_frame.py:1125]   File "/home/drozdovdan/miniconda3/lib/python3.12/site-packages/torch/_dynamo/repro/after_aot.py", line 85, in debug_wrapper
W0318 11:22:23.794000 3786668 site-packages/torch/_dynamo/convert_frame.py:1125]     inner_compiled_fn = compiler_fn(gm, example_inputs)
W0318 11:22:23.794000 3786668 site-packages/torch/_dynamo/convert_frame.py:1125]                         ^^^^^^^^^^^^^^^^^^^^^^^^^^^^^^^
W0318 11:22:23.794000 3786668 site-packages/torch/_dynamo/convert_frame.py:1125]   File "/home/drozdovdan/miniconda3/lib/python3.12/site-packages/torch/_inductor/compile_fx.py", line 661, in _compile_fx_inner
W0318 11:22:23.794000 3786668 site-packages/torch/_dynamo/convert_frame.py:1125]     compiled_graph = FxGraphCache.load(
W0318 11:22:23.794000 3786668 site-packages/torch/_dynamo/convert_frame.py:1125]                      ^^^^^^^^^^^^^^^^^^
W0318 11:22:23.794000 3786668 site-packages/torch/_dynamo/convert_frame.py:1125]   File "/home/drozdovdan/miniconda3/lib/python3.12/site-packages/torch/_inductor/codecache.py", line 1334, in load
W0318 11:22:23.794000 3786668 site-packages/torch/_dynamo/convert_frame.py:1125]     compiled_graph = compile_fx_fn(
W0318 11:22:23.794000 3786668 site-packages/torch/_dynamo/convert_frame.py:1125]                      ^^^^^^^^^^^^^^
W0318 11:22:23.794000 3786668 site-packages/torch/_dynamo/convert_frame.py:1125]   File "/home/drozdovdan/miniconda3/lib/python3.12/site-packages/torch/_inductor/compile_fx.py", line 570, in codegen_and_compile
W0318 11:22:23.794000 3786668 site-packages/torch/_dynamo/convert_frame.py:1125]     compiled_graph = fx_codegen_and_compile(gm, example_inputs, **fx_kwargs)
W0318 11:22:23.794000 3786668 site-packages/torch/_dynamo/convert_frame.py:1125]                      ^^^^^^^^^^^^^^^^^^^^^^^^^^^^^^^^^^^^^^^^^^^^^^^^^^^^^^^
W0318 11:22:23.794000 3786668 site-packages/torch/_dynamo/convert_frame.py:1125]   File "/home/drozdovdan/miniconda3/lib/python3.12/site-packages/torch/_inductor/compile_fx.py", line 789, in fx_codegen_and_compile
W0318 11:22:23.794000 3786668 site-packages/torch/_dynamo/convert_frame.py:1125]     _recursive_post_grad_passes(gm, is_inference=is_inference)
W0318 11:22:23.794000 3786668 site-packages/torch/_dynamo/convert_frame.py:1125]   File "/home/drozdovdan/miniconda3/lib/python3.12/site-packages/torch/_inductor/compile_fx.py", line 288, in _recursive_post_grad_passes
W0318 11:22:23.794000 3786668 site-packages/torch/_dynamo/convert_frame.py:1125]     post_grad_passes(gm, is_inference)
W0318 11:22:23.794000 3786668 site-packages/torch/_dynamo/convert_frame.py:1125]   File "/home/drozdovdan/miniconda3/lib/python3.12/site-packages/torch/_inductor/fx_passes/post_grad.py", line 100, in post_grad_passes
W0318 11:22:23.794000 3786668 site-packages/torch/_dynamo/convert_frame.py:1125]     patterns.apply(gm.graph)  # type: ignore[arg-type]
W0318 11:22:23.794000 3786668 site-packages/torch/_dynamo/convert_frame.py:1125]     ^^^^^^^^^^^^^^^^^^^^^^^^
W0318 11:22:23.794000 3786668 site-packages/torch/_dynamo/convert_frame.py:1125]   File "/home/drozdovdan/miniconda3/lib/python3.12/site-packages/torch/_inductor/pattern_matcher.py", line 1729, in apply
W0318 11:22:23.794000 3786668 site-packages/torch/_dynamo/convert_frame.py:1125]     if is_match(m) and entry.extra_check(m):
W0318 11:22:23.794000 3786668 site-packages/torch/_dynamo/convert_frame.py:1125]                        ^^^^^^^^^^^^^^^^^^^^
W0318 11:22:23.794000 3786668 site-packages/torch/_dynamo/convert_frame.py:1125]   File "/home/drozdovdan/miniconda3/lib/python3.12/site-packages/torch/_inductor/fx_passes/quantization.py", line 1448, in fn
W0318 11:22:23.794000 3786668 site-packages/torch/_dynamo/convert_frame.py:1125]     scales = match.kwargs["scales"].meta["val"]
W0318 11:22:23.794000 3786668 site-packages/torch/_dynamo/convert_frame.py:1125]              ^^^^^^^^^^^^^^^^^^^^^^^^^^^
W0318 11:22:23.794000 3786668 site-packages/torch/_dynamo/convert_frame.py:1125] AttributeError: 'float' object has no attribute 'meta'
W0318 11:22:23.794000 3786668 site-packages/torch/_dynamo/convert_frame.py:1125]
W0318 11:22:23.794000 3786668 site-packages/torch/_dynamo/convert_frame.py:1125] The above exception was the direct cause of the following exception:
W0318 11:22:23.794000 3786668 site-packages/torch/_dynamo/convert_frame.py:1125]
W0318 11:22:23.794000 3786668 site-packages/torch/_dynamo/convert_frame.py:1125] Traceback (most recent call last):
W0318 11:22:23.794000 3786668 site-packages/torch/_dynamo/convert_frame.py:1125]   File "/home/drozdovdan/miniconda3/lib/python3.12/site-packages/torch/_dynamo/convert_frame.py", line 1064, in __call__
W0318 11:22:23.794000 3786668 site-packages/torch/_dynamo/convert_frame.py:1125]     result = self._inner_convert(
W0318 11:22:23.794000 3786668 site-packages/torch/_dynamo/convert_frame.py:1125]              ^^^^^^^^^^^^^^^^^^^^
W0318 11:22:23.794000 3786668 site-packages/torch/_dynamo/convert_frame.py:1125]   File "/home/drozdovdan/miniconda3/lib/python3.12/site-packages/torch/_dynamo/convert_frame.py", line 526, in __call__
W0318 11:22:23.794000 3786668 site-packages/torch/_dynamo/convert_frame.py:1125]     return _compile(
W0318 11:22:23.794000 3786668 site-packages/torch/_dynamo/convert_frame.py:1125]            ^^^^^^^^^
W0318 11:22:23.794000 3786668 site-packages/torch/_dynamo/convert_frame.py:1125]   File "/home/drozdovdan/miniconda3/lib/python3.12/site-packages/torch/_dynamo/convert_frame.py", line 924, in _compile
W0318 11:22:23.794000 3786668 site-packages/torch/_dynamo/convert_frame.py:1125]     guarded_code = compile_inner(code, one_graph, hooks, transform)
W0318 11:22:23.794000 3786668 site-packages/torch/_dynamo/convert_frame.py:1125]                    ^^^^^^^^^^^^^^^^^^^^^^^^^^^^^^^^^^^^^^^^^^^^^^^^
W0318 11:22:23.794000 3786668 site-packages/torch/_dynamo/convert_frame.py:1125]   File "/home/drozdovdan/miniconda3/lib/python3.12/site-packages/torch/_dynamo/convert_frame.py", line 666, in compile_inner
W0318 11:22:23.794000 3786668 site-packages/torch/_dynamo/convert_frame.py:1125]     return _compile_inner(code, one_graph, hooks, transform)
W0318 11:22:23.794000 3786668 site-packages/torch/_dynamo/convert_frame.py:1125]            ^^^^^^^^^^^^^^^^^^^^^^^^^^^^^^^^^^^^^^^^^^^^^^^^^
W0318 11:22:23.794000 3786668 site-packages/torch/_dynamo/convert_frame.py:1125]   File "/home/drozdovdan/miniconda3/lib/python3.12/site-packages/torch/_utils_internal.py", line 87, in wrapper_function
W0318 11:22:23.794000 3786668 site-packages/torch/_dynamo/convert_frame.py:1125]     return function(*args, **kwargs)
W0318 11:22:23.794000 3786668 site-packages/torch/_dynamo/convert_frame.py:1125]            ^^^^^^^^^^^^^^^^^^^^^^^^^
W0318 11:22:23.794000 3786668 site-packages/torch/_dynamo/convert_frame.py:1125]   File "/home/drozdovdan/miniconda3/lib/python3.12/site-packages/torch/_dynamo/convert_frame.py", line 699, in _compile_inner
W0318 11:22:23.794000 3786668 site-packages/torch/_dynamo/convert_frame.py:1125]     out_code = transform_code_object(code, transform)
W0318 11:22:23.794000 3786668 site-packages/torch/_dynamo/convert_frame.py:1125]                ^^^^^^^^^^^^^^^^^^^^^^^^^^^^^^^^^^^^^^
W0318 11:22:23.794000 3786668 site-packages/torch/_dynamo/convert_frame.py:1125]   File "/home/drozdovdan/miniconda3/lib/python3.12/site-packages/torch/_dynamo/bytecode_transformation.py", line 1322, in transform_code_object
W0318 11:22:23.794000 3786668 site-packages/torch/_dynamo/convert_frame.py:1125]     transformations(instructions, code_options)
W0318 11:22:23.794000 3786668 site-packages/torch/_dynamo/convert_frame.py:1125]   File "/home/drozdovdan/miniconda3/lib/python3.12/site-packages/torch/_dynamo/convert_frame.py", line 219, in _fn
W0318 11:22:23.794000 3786668 site-packages/torch/_dynamo/convert_frame.py:1125]     return fn(*args, **kwargs)
W0318 11:22:23.794000 3786668 site-packages/torch/_dynamo/convert_frame.py:1125]            ^^^^^^^^^^^^^^^^^^^
W0318 11:22:23.794000 3786668 site-packages/torch/_dynamo/convert_frame.py:1125]   File "/home/drozdovdan/miniconda3/lib/python3.12/site-packages/torch/_dynamo/convert_frame.py", line 634, in transform
W0318 11:22:23.794000 3786668 site-packages/torch/_dynamo/convert_frame.py:1125]     tracer.run()
W0318 11:22:23.794000 3786668 site-packages/torch/_dynamo/convert_frame.py:1125]   File "/home/drozdovdan/miniconda3/lib/python3.12/site-packages/torch/_dynamo/symbolic_convert.py", line 2796, in run
W0318 11:22:23.794000 3786668 site-packages/torch/_dynamo/convert_frame.py:1125]     super().run()
W0318 11:22:23.794000 3786668 site-packages/torch/_dynamo/convert_frame.py:1125]   File "/home/drozdovdan/miniconda3/lib/python3.12/site-packages/torch/_dynamo/symbolic_convert.py", line 983, in run
W0318 11:22:23.794000 3786668 site-packages/torch/_dynamo/convert_frame.py:1125]     while self.step():
W0318 11:22:23.794000 3786668 site-packages/torch/_dynamo/convert_frame.py:1125]           ^^^^^^^^^^^
W0318 11:22:23.794000 3786668 site-packages/torch/_dynamo/convert_frame.py:1125]   File "/home/drozdovdan/miniconda3/lib/python3.12/site-packages/torch/_dynamo/symbolic_convert.py", line 895, in step
W0318 11:22:23.794000 3786668 site-packages/torch/_dynamo/convert_frame.py:1125]     self.dispatch_table[inst.opcode](self, inst)
W0318 11:22:23.794000 3786668 site-packages/torch/_dynamo/convert_frame.py:1125]   File "/home/drozdovdan/miniconda3/lib/python3.12/site-packages/torch/_dynamo/symbolic_convert.py", line 2987, in RETURN_VALUE
W0318 11:22:23.794000 3786668 site-packages/torch/_dynamo/convert_frame.py:1125]     self._return(inst)
W0318 11:22:23.794000 3786668 site-packages/torch/_dynamo/convert_frame.py:1125]   File "/home/drozdovdan/miniconda3/lib/python3.12/site-packages/torch/_dynamo/symbolic_convert.py", line 2972, in _return
W0318 11:22:23.794000 3786668 site-packages/torch/_dynamo/convert_frame.py:1125]     self.output.compile_subgraph(
W0318 11:22:23.794000 3786668 site-packages/torch/_dynamo/convert_frame.py:1125]   File "/home/drozdovdan/miniconda3/lib/python3.12/site-packages/torch/_dynamo/output_graph.py", line 1117, in compile_subgraph
W0318 11:22:23.794000 3786668 site-packages/torch/_dynamo/convert_frame.py:1125]     self.compile_and_call_fx_graph(tx, list(reversed(stack_values)), root)
W0318 11:22:23.794000 3786668 site-packages/torch/_dynamo/convert_frame.py:1125]   File "/home/drozdovdan/miniconda3/lib/python3.12/site-packages/torch/_dynamo/output_graph.py", line 1369, in compile_and_call_fx_graph
W0318 11:22:23.794000 3786668 site-packages/torch/_dynamo/convert_frame.py:1125]     compiled_fn = self.call_user_compiler(gm)
W0318 11:22:23.794000 3786668 site-packages/torch/_dynamo/convert_frame.py:1125]                   ^^^^^^^^^^^^^^^^^^^^^^^^^^^
W0318 11:22:23.794000 3786668 site-packages/torch/_dynamo/convert_frame.py:1125]   File "/home/drozdovdan/miniconda3/lib/python3.12/site-packages/torch/_dynamo/output_graph.py", line 1416, in call_user_compiler
W0318 11:22:23.794000 3786668 site-packages/torch/_dynamo/convert_frame.py:1125]     return self._call_user_compiler(gm)
W0318 11:22:23.794000 3786668 site-packages/torch/_dynamo/convert_frame.py:1125]            ^^^^^^^^^^^^^^^^^^^^^^^^^^^^
W0318 11:22:23.794000 3786668 site-packages/torch/_dynamo/convert_frame.py:1125]   File "/home/drozdovdan/miniconda3/lib/python3.12/site-packages/torch/_dynamo/output_graph.py", line 1465, in _call_user_compiler
W0318 11:22:23.794000 3786668 site-packages/torch/_dynamo/convert_frame.py:1125]     raise BackendCompilerFailed(self.compiler_fn, e) from e
W0318 11:22:23.794000 3786668 site-packages/torch/_dynamo/convert_frame.py:1125] torch._dynamo.exc.BackendCompilerFailed: backend='inductor' raised:
W0318 11:22:23.794000 3786668 site-packages/torch/_dynamo/convert_frame.py:1125] AttributeError: 'float' object has no attribute 'meta'
W0318 11:22:23.794000 3786668 site-packages/torch/_dynamo/convert_frame.py:1125]
W0318 11:22:23.794000 3786668 site-packages/torch/_dynamo/convert_frame.py:1125] Set TORCH_LOGS="+dynamo" and TORCHDYNAMO_VERBOSE=1 for more information
W0318 11:22:23.794000 3786668 site-packages/torch/_dynamo/convert_frame.py:1125]
W0318 11:22:24.144000 3786668 site-packages/torch/_dynamo/convert_frame.py:1125] WON'T CONVERT forward /home/drozdovdan/Hebb_Adaptation/Hebb_Adaptation_nanoGPT/model.py line 950
W0318 11:22:24.144000 3786668 site-packages/torch/_dynamo/convert_frame.py:1125] due to:
W0318 11:22:24.144000 3786668 site-packages/torch/_dynamo/convert_frame.py:1125] Traceback (most recent call last):
W0318 11:22:24.144000 3786668 site-packages/torch/_dynamo/convert_frame.py:1125]   File "/home/drozdovdan/miniconda3/lib/python3.12/site-packages/torch/_dynamo/output_graph.py", line 1446, in _call_user_compiler
W0318 11:22:24.144000 3786668 site-packages/torch/_dynamo/convert_frame.py:1125]     compiled_fn = compiler_fn(gm, self.example_inputs())
W0318 11:22:24.144000 3786668 site-packages/torch/_dynamo/convert_frame.py:1125]                   ^^^^^^^^^^^^^^^^^^^^^^^^^^^^^^^^^^^^^^
W0318 11:22:24.144000 3786668 site-packages/torch/_dynamo/convert_frame.py:1125]   File "/home/drozdovdan/miniconda3/lib/python3.12/site-packages/torch/_dynamo/repro/after_dynamo.py", line 129, in __call__
W0318 11:22:24.144000 3786668 site-packages/torch/_dynamo/convert_frame.py:1125]     compiled_gm = compiler_fn(gm, example_inputs)
W0318 11:22:24.144000 3786668 site-packages/torch/_dynamo/convert_frame.py:1125]                   ^^^^^^^^^^^^^^^^^^^^^^^^^^^^^^^
W0318 11:22:24.144000 3786668 site-packages/torch/_dynamo/convert_frame.py:1125]   File "/home/drozdovdan/miniconda3/lib/python3.12/site-packages/torch/__init__.py", line 2234, in __call__
W0318 11:22:24.144000 3786668 site-packages/torch/_dynamo/convert_frame.py:1125]     return compile_fx(model_, inputs_, config_patches=self.config)
W0318 11:22:24.144000 3786668 site-packages/torch/_dynamo/convert_frame.py:1125]            ^^^^^^^^^^^^^^^^^^^^^^^^^^^^^^^^^^^^^^^^^^^^^^^^^^^^^^^
W0318 11:22:24.144000 3786668 site-packages/torch/_dynamo/convert_frame.py:1125]   File "/home/drozdovdan/miniconda3/lib/python3.12/site-packages/torch/_inductor/compile_fx.py", line 1521, in compile_fx
W0318 11:22:24.144000 3786668 site-packages/torch/_dynamo/convert_frame.py:1125]     return aot_autograd(
W0318 11:22:24.144000 3786668 site-packages/torch/_dynamo/convert_frame.py:1125]            ^^^^^^^^^^^^^
W0318 11:22:24.144000 3786668 site-packages/torch/_dynamo/convert_frame.py:1125]   File "/home/drozdovdan/miniconda3/lib/python3.12/site-packages/torch/_dynamo/backends/common.py", line 72, in __call__
W0318 11:22:24.144000 3786668 site-packages/torch/_dynamo/convert_frame.py:1125]     cg = aot_module_simplified(gm, example_inputs, **self.kwargs)
W0318 11:22:24.144000 3786668 site-packages/torch/_dynamo/convert_frame.py:1125]          ^^^^^^^^^^^^^^^^^^^^^^^^^^^^^^^^^^^^^^^^^^^^^^^^^^^^^^^^
W0318 11:22:24.144000 3786668 site-packages/torch/_dynamo/convert_frame.py:1125]   File "/home/drozdovdan/miniconda3/lib/python3.12/site-packages/torch/_functorch/aot_autograd.py", line 1071, in aot_module_simplified
W0318 11:22:24.144000 3786668 site-packages/torch/_dynamo/convert_frame.py:1125]     compiled_fn = dispatch_and_compile()
W0318 11:22:24.144000 3786668 site-packages/torch/_dynamo/convert_frame.py:1125]                   ^^^^^^^^^^^^^^^^^^^^^^
W0318 11:22:24.144000 3786668 site-packages/torch/_dynamo/convert_frame.py:1125]   File "/home/drozdovdan/miniconda3/lib/python3.12/site-packages/torch/_functorch/aot_autograd.py", line 1056, in dispatch_and_compile
W0318 11:22:24.144000 3786668 site-packages/torch/_dynamo/convert_frame.py:1125]     compiled_fn, _ = create_aot_dispatcher_function(
W0318 11:22:24.144000 3786668 site-packages/torch/_dynamo/convert_frame.py:1125]                      ^^^^^^^^^^^^^^^^^^^^^^^^^^^^^^^
W0318 11:22:24.144000 3786668 site-packages/torch/_dynamo/convert_frame.py:1125]   File "/home/drozdovdan/miniconda3/lib/python3.12/site-packages/torch/_functorch/aot_autograd.py", line 522, in create_aot_dispatcher_function
W0318 11:22:24.144000 3786668 site-packages/torch/_dynamo/convert_frame.py:1125]     return _create_aot_dispatcher_function(
W0318 11:22:24.144000 3786668 site-packages/torch/_dynamo/convert_frame.py:1125]            ^^^^^^^^^^^^^^^^^^^^^^^^^^^^^^^^
W0318 11:22:24.144000 3786668 site-packages/torch/_dynamo/convert_frame.py:1125]   File "/home/drozdovdan/miniconda3/lib/python3.12/site-packages/torch/_functorch/aot_autograd.py", line 759, in _create_aot_dispatcher_function
W0318 11:22:24.144000 3786668 site-packages/torch/_dynamo/convert_frame.py:1125]     compiled_fn, fw_metadata = compiler_fn(
W0318 11:22:24.144000 3786668 site-packages/torch/_dynamo/convert_frame.py:1125]                                ^^^^^^^^^^^^
W0318 11:22:24.144000 3786668 site-packages/torch/_dynamo/convert_frame.py:1125]   File "/home/drozdovdan/miniconda3/lib/python3.12/site-packages/torch/_functorch/_aot_autograd/jit_compile_runtime_wrappers.py", line 179, in aot_dispatch_base
W0318 11:22:24.144000 3786668 site-packages/torch/_dynamo/convert_frame.py:1125]     compiled_fw = compiler(fw_module, updated_flat_args)
W0318 11:22:24.144000 3786668 site-packages/torch/_dynamo/convert_frame.py:1125]                   ^^^^^^^^^^^^^^^^^^^^^^^^^^^^^^^^^^^^^^
W0318 11:22:24.144000 3786668 site-packages/torch/_dynamo/convert_frame.py:1125]   File "/home/drozdovdan/miniconda3/lib/python3.12/site-packages/torch/_inductor/compile_fx.py", line 1350, in fw_compiler_base
W0318 11:22:24.144000 3786668 site-packages/torch/_dynamo/convert_frame.py:1125]     return _fw_compiler_base(model, example_inputs, is_inference)
W0318 11:22:24.144000 3786668 site-packages/torch/_dynamo/convert_frame.py:1125]            ^^^^^^^^^^^^^^^^^^^^^^^^^^^^^^^^^^^^^^^^^^^^^^^^^^^^^^
W0318 11:22:24.144000 3786668 site-packages/torch/_dynamo/convert_frame.py:1125]   File "/home/drozdovdan/miniconda3/lib/python3.12/site-packages/torch/_inductor/compile_fx.py", line 1421, in _fw_compiler_base
W0318 11:22:24.144000 3786668 site-packages/torch/_dynamo/convert_frame.py:1125]     return inner_compile(
W0318 11:22:24.144000 3786668 site-packages/torch/_dynamo/convert_frame.py:1125]            ^^^^^^^^^^^^^^
W0318 11:22:24.144000 3786668 site-packages/torch/_dynamo/convert_frame.py:1125]   File "/home/drozdovdan/miniconda3/lib/python3.12/site-packages/torch/_inductor/compile_fx.py", line 475, in compile_fx_inner
W0318 11:22:24.144000 3786668 site-packages/torch/_dynamo/convert_frame.py:1125]     return wrap_compiler_debug(_compile_fx_inner, compiler_name="inductor")(
W0318 11:22:24.144000 3786668 site-packages/torch/_dynamo/convert_frame.py:1125]            ^^^^^^^^^^^^^^^^^^^^^^^^^^^^^^^^^^^^^^^^^^^^^^^^^^^^^^^^^^^^^^^^^
W0318 11:22:24.144000 3786668 site-packages/torch/_dynamo/convert_frame.py:1125]   File "/home/drozdovdan/miniconda3/lib/python3.12/site-packages/torch/_dynamo/repro/after_aot.py", line 85, in debug_wrapper
W0318 11:22:24.144000 3786668 site-packages/torch/_dynamo/convert_frame.py:1125]     inner_compiled_fn = compiler_fn(gm, example_inputs)
W0318 11:22:24.144000 3786668 site-packages/torch/_dynamo/convert_frame.py:1125]                         ^^^^^^^^^^^^^^^^^^^^^^^^^^^^^^^
W0318 11:22:24.144000 3786668 site-packages/torch/_dynamo/convert_frame.py:1125]   File "/home/drozdovdan/miniconda3/lib/python3.12/site-packages/torch/_inductor/compile_fx.py", line 661, in _compile_fx_inner
W0318 11:22:24.144000 3786668 site-packages/torch/_dynamo/convert_frame.py:1125]     compiled_graph = FxGraphCache.load(
W0318 11:22:24.144000 3786668 site-packages/torch/_dynamo/convert_frame.py:1125]                      ^^^^^^^^^^^^^^^^^^
W0318 11:22:24.144000 3786668 site-packages/torch/_dynamo/convert_frame.py:1125]   File "/home/drozdovdan/miniconda3/lib/python3.12/site-packages/torch/_inductor/codecache.py", line 1334, in load
W0318 11:22:24.144000 3786668 site-packages/torch/_dynamo/convert_frame.py:1125]     compiled_graph = compile_fx_fn(
W0318 11:22:24.144000 3786668 site-packages/torch/_dynamo/convert_frame.py:1125]                      ^^^^^^^^^^^^^^
W0318 11:22:24.144000 3786668 site-packages/torch/_dynamo/convert_frame.py:1125]   File "/home/drozdovdan/miniconda3/lib/python3.12/site-packages/torch/_inductor/compile_fx.py", line 570, in codegen_and_compile
W0318 11:22:24.144000 3786668 site-packages/torch/_dynamo/convert_frame.py:1125]     compiled_graph = fx_codegen_and_compile(gm, example_inputs, **fx_kwargs)
W0318 11:22:24.144000 3786668 site-packages/torch/_dynamo/convert_frame.py:1125]                      ^^^^^^^^^^^^^^^^^^^^^^^^^^^^^^^^^^^^^^^^^^^^^^^^^^^^^^^
W0318 11:22:24.144000 3786668 site-packages/torch/_dynamo/convert_frame.py:1125]   File "/home/drozdovdan/miniconda3/lib/python3.12/site-packages/torch/_inductor/compile_fx.py", line 789, in fx_codegen_and_compile
W0318 11:22:24.144000 3786668 site-packages/torch/_dynamo/convert_frame.py:1125]     _recursive_post_grad_passes(gm, is_inference=is_inference)
W0318 11:22:24.144000 3786668 site-packages/torch/_dynamo/convert_frame.py:1125]   File "/home/drozdovdan/miniconda3/lib/python3.12/site-packages/torch/_inductor/compile_fx.py", line 288, in _recursive_post_grad_passes
W0318 11:22:24.144000 3786668 site-packages/torch/_dynamo/convert_frame.py:1125]     post_grad_passes(gm, is_inference)
W0318 11:22:24.144000 3786668 site-packages/torch/_dynamo/convert_frame.py:1125]   File "/home/drozdovdan/miniconda3/lib/python3.12/site-packages/torch/_inductor/fx_passes/post_grad.py", line 100, in post_grad_passes
W0318 11:22:24.144000 3786668 site-packages/torch/_dynamo/convert_frame.py:1125]     patterns.apply(gm.graph)  # type: ignore[arg-type]
W0318 11:22:24.144000 3786668 site-packages/torch/_dynamo/convert_frame.py:1125]     ^^^^^^^^^^^^^^^^^^^^^^^^
W0318 11:22:24.144000 3786668 site-packages/torch/_dynamo/convert_frame.py:1125]   File "/home/drozdovdan/miniconda3/lib/python3.12/site-packages/torch/_inductor/pattern_matcher.py", line 1729, in apply
W0318 11:22:24.144000 3786668 site-packages/torch/_dynamo/convert_frame.py:1125]     if is_match(m) and entry.extra_check(m):
W0318 11:22:24.144000 3786668 site-packages/torch/_dynamo/convert_frame.py:1125]                        ^^^^^^^^^^^^^^^^^^^^
W0318 11:22:24.144000 3786668 site-packages/torch/_dynamo/convert_frame.py:1125]   File "/home/drozdovdan/miniconda3/lib/python3.12/site-packages/torch/_inductor/fx_passes/quantization.py", line 1448, in fn
W0318 11:22:24.144000 3786668 site-packages/torch/_dynamo/convert_frame.py:1125]     scales = match.kwargs["scales"].meta["val"]
W0318 11:22:24.144000 3786668 site-packages/torch/_dynamo/convert_frame.py:1125]              ^^^^^^^^^^^^^^^^^^^^^^^^^^^
W0318 11:22:24.144000 3786668 site-packages/torch/_dynamo/convert_frame.py:1125] AttributeError: 'float' object has no attribute 'meta'
W0318 11:22:24.144000 3786668 site-packages/torch/_dynamo/convert_frame.py:1125]
W0318 11:22:24.144000 3786668 site-packages/torch/_dynamo/convert_frame.py:1125] The above exception was the direct cause of the following exception:
W0318 11:22:24.144000 3786668 site-packages/torch/_dynamo/convert_frame.py:1125]
W0318 11:22:24.144000 3786668 site-packages/torch/_dynamo/convert_frame.py:1125] Traceback (most recent call last):
W0318 11:22:24.144000 3786668 site-packages/torch/_dynamo/convert_frame.py:1125]   File "/home/drozdovdan/miniconda3/lib/python3.12/site-packages/torch/_dynamo/convert_frame.py", line 1064, in __call__
W0318 11:22:24.144000 3786668 site-packages/torch/_dynamo/convert_frame.py:1125]     result = self._inner_convert(
W0318 11:22:24.144000 3786668 site-packages/torch/_dynamo/convert_frame.py:1125]              ^^^^^^^^^^^^^^^^^^^^
W0318 11:22:24.144000 3786668 site-packages/torch/_dynamo/convert_frame.py:1125]   File "/home/drozdovdan/miniconda3/lib/python3.12/site-packages/torch/_dynamo/convert_frame.py", line 526, in __call__
W0318 11:22:24.144000 3786668 site-packages/torch/_dynamo/convert_frame.py:1125]     return _compile(
W0318 11:22:24.144000 3786668 site-packages/torch/_dynamo/convert_frame.py:1125]            ^^^^^^^^^
W0318 11:22:24.144000 3786668 site-packages/torch/_dynamo/convert_frame.py:1125]   File "/home/drozdovdan/miniconda3/lib/python3.12/site-packages/torch/_dynamo/convert_frame.py", line 924, in _compile
W0318 11:22:24.144000 3786668 site-packages/torch/_dynamo/convert_frame.py:1125]     guarded_code = compile_inner(code, one_graph, hooks, transform)
W0318 11:22:24.144000 3786668 site-packages/torch/_dynamo/convert_frame.py:1125]                    ^^^^^^^^^^^^^^^^^^^^^^^^^^^^^^^^^^^^^^^^^^^^^^^^
W0318 11:22:24.144000 3786668 site-packages/torch/_dynamo/convert_frame.py:1125]   File "/home/drozdovdan/miniconda3/lib/python3.12/site-packages/torch/_dynamo/convert_frame.py", line 666, in compile_inner
W0318 11:22:24.144000 3786668 site-packages/torch/_dynamo/convert_frame.py:1125]     return _compile_inner(code, one_graph, hooks, transform)
W0318 11:22:24.144000 3786668 site-packages/torch/_dynamo/convert_frame.py:1125]            ^^^^^^^^^^^^^^^^^^^^^^^^^^^^^^^^^^^^^^^^^^^^^^^^^
W0318 11:22:24.144000 3786668 site-packages/torch/_dynamo/convert_frame.py:1125]   File "/home/drozdovdan/miniconda3/lib/python3.12/site-packages/torch/_utils_internal.py", line 87, in wrapper_function
W0318 11:22:24.144000 3786668 site-packages/torch/_dynamo/convert_frame.py:1125]     return function(*args, **kwargs)
W0318 11:22:24.144000 3786668 site-packages/torch/_dynamo/convert_frame.py:1125]            ^^^^^^^^^^^^^^^^^^^^^^^^^
W0318 11:22:24.144000 3786668 site-packages/torch/_dynamo/convert_frame.py:1125]   File "/home/drozdovdan/miniconda3/lib/python3.12/site-packages/torch/_dynamo/convert_frame.py", line 699, in _compile_inner
W0318 11:22:24.144000 3786668 site-packages/torch/_dynamo/convert_frame.py:1125]     out_code = transform_code_object(code, transform)
W0318 11:22:24.144000 3786668 site-packages/torch/_dynamo/convert_frame.py:1125]                ^^^^^^^^^^^^^^^^^^^^^^^^^^^^^^^^^^^^^^
W0318 11:22:24.144000 3786668 site-packages/torch/_dynamo/convert_frame.py:1125]   File "/home/drozdovdan/miniconda3/lib/python3.12/site-packages/torch/_dynamo/bytecode_transformation.py", line 1322, in transform_code_object
W0318 11:22:24.144000 3786668 site-packages/torch/_dynamo/convert_frame.py:1125]     transformations(instructions, code_options)
W0318 11:22:24.144000 3786668 site-packages/torch/_dynamo/convert_frame.py:1125]   File "/home/drozdovdan/miniconda3/lib/python3.12/site-packages/torch/_dynamo/convert_frame.py", line 219, in _fn
W0318 11:22:24.144000 3786668 site-packages/torch/_dynamo/convert_frame.py:1125]     return fn(*args, **kwargs)
W0318 11:22:24.144000 3786668 site-packages/torch/_dynamo/convert_frame.py:1125]            ^^^^^^^^^^^^^^^^^^^
W0318 11:22:24.144000 3786668 site-packages/torch/_dynamo/convert_frame.py:1125]   File "/home/drozdovdan/miniconda3/lib/python3.12/site-packages/torch/_dynamo/convert_frame.py", line 634, in transform
W0318 11:22:24.144000 3786668 site-packages/torch/_dynamo/convert_frame.py:1125]     tracer.run()
W0318 11:22:24.144000 3786668 site-packages/torch/_dynamo/convert_frame.py:1125]   File "/home/drozdovdan/miniconda3/lib/python3.12/site-packages/torch/_dynamo/symbolic_convert.py", line 2796, in run
W0318 11:22:24.144000 3786668 site-packages/torch/_dynamo/convert_frame.py:1125]     super().run()
W0318 11:22:24.144000 3786668 site-packages/torch/_dynamo/convert_frame.py:1125]   File "/home/drozdovdan/miniconda3/lib/python3.12/site-packages/torch/_dynamo/symbolic_convert.py", line 983, in run
W0318 11:22:24.144000 3786668 site-packages/torch/_dynamo/convert_frame.py:1125]     while self.step():
W0318 11:22:24.144000 3786668 site-packages/torch/_dynamo/convert_frame.py:1125]           ^^^^^^^^^^^
W0318 11:22:24.144000 3786668 site-packages/torch/_dynamo/convert_frame.py:1125]   File "/home/drozdovdan/miniconda3/lib/python3.12/site-packages/torch/_dynamo/symbolic_convert.py", line 895, in step
W0318 11:22:24.144000 3786668 site-packages/torch/_dynamo/convert_frame.py:1125]     self.dispatch_table[inst.opcode](self, inst)
W0318 11:22:24.144000 3786668 site-packages/torch/_dynamo/convert_frame.py:1125]   File "/home/drozdovdan/miniconda3/lib/python3.12/site-packages/torch/_dynamo/symbolic_convert.py", line 2987, in RETURN_VALUE
W0318 11:22:24.144000 3786668 site-packages/torch/_dynamo/convert_frame.py:1125]     self._return(inst)
W0318 11:22:24.144000 3786668 site-packages/torch/_dynamo/convert_frame.py:1125]   File "/home/drozdovdan/miniconda3/lib/python3.12/site-packages/torch/_dynamo/symbolic_convert.py", line 2972, in _return
W0318 11:22:24.144000 3786668 site-packages/torch/_dynamo/convert_frame.py:1125]     self.output.compile_subgraph(
W0318 11:22:24.144000 3786668 site-packages/torch/_dynamo/convert_frame.py:1125]   File "/home/drozdovdan/miniconda3/lib/python3.12/site-packages/torch/_dynamo/output_graph.py", line 1117, in compile_subgraph
W0318 11:22:24.144000 3786668 site-packages/torch/_dynamo/convert_frame.py:1125]     self.compile_and_call_fx_graph(tx, list(reversed(stack_values)), root)
W0318 11:22:24.144000 3786668 site-packages/torch/_dynamo/convert_frame.py:1125]   File "/home/drozdovdan/miniconda3/lib/python3.12/site-packages/torch/_dynamo/output_graph.py", line 1369, in compile_and_call_fx_graph
W0318 11:22:24.144000 3786668 site-packages/torch/_dynamo/convert_frame.py:1125]     compiled_fn = self.call_user_compiler(gm)
W0318 11:22:24.144000 3786668 site-packages/torch/_dynamo/convert_frame.py:1125]                   ^^^^^^^^^^^^^^^^^^^^^^^^^^^
W0318 11:22:24.144000 3786668 site-packages/torch/_dynamo/convert_frame.py:1125]   File "/home/drozdovdan/miniconda3/lib/python3.12/site-packages/torch/_dynamo/output_graph.py", line 1416, in call_user_compiler
W0318 11:22:24.144000 3786668 site-packages/torch/_dynamo/convert_frame.py:1125]     return self._call_user_compiler(gm)
W0318 11:22:24.144000 3786668 site-packages/torch/_dynamo/convert_frame.py:1125]            ^^^^^^^^^^^^^^^^^^^^^^^^^^^^
W0318 11:22:24.144000 3786668 site-packages/torch/_dynamo/convert_frame.py:1125]   File "/home/drozdovdan/miniconda3/lib/python3.12/site-packages/torch/_dynamo/output_graph.py", line 1465, in _call_user_compiler
W0318 11:22:24.144000 3786668 site-packages/torch/_dynamo/convert_frame.py:1125]     raise BackendCompilerFailed(self.compiler_fn, e) from e
W0318 11:22:24.144000 3786668 site-packages/torch/_dynamo/convert_frame.py:1125] torch._dynamo.exc.BackendCompilerFailed: backend='inductor' raised:
W0318 11:22:24.144000 3786668 site-packages/torch/_dynamo/convert_frame.py:1125] AttributeError: 'float' object has no attribute 'meta'
W0318 11:22:24.144000 3786668 site-packages/torch/_dynamo/convert_frame.py:1125]
W0318 11:22:24.144000 3786668 site-packages/torch/_dynamo/convert_frame.py:1125] Set TORCH_LOGS="+dynamo" and TORCHDYNAMO_VERBOSE=1 for more information
W0318 11:22:24.144000 3786668 site-packages/torch/_dynamo/convert_frame.py:1125]
W0318 11:22:24.144000 3786668 site-packages/torch/_dynamo/convert_frame.py:1125] Traceback (most recent call last):
W0318 11:22:24.144000 3786668 site-packages/torch/_dynamo/convert_frame.py:1125]   File "/home/drozdovdan/miniconda3/lib/python3.12/site-packages/torch/_dynamo/output_graph.py", line 1446, in _call_user_compiler
W0318 11:22:24.144000 3786668 site-packages/torch/_dynamo/convert_frame.py:1125]     compiled_fn = compiler_fn(gm, self.example_inputs())
W0318 11:22:24.144000 3786668 site-packages/torch/_dynamo/convert_frame.py:1125]                   ^^^^^^^^^^^^^^^^^^^^^^^^^^^^^^^^^^^^^^
W0318 11:22:24.144000 3786668 site-packages/torch/_dynamo/convert_frame.py:1125]   File "/home/drozdovdan/miniconda3/lib/python3.12/site-packages/torch/_dynamo/repro/after_dynamo.py", line 129, in __call__
W0318 11:22:24.144000 3786668 site-packages/torch/_dynamo/convert_frame.py:1125]     compiled_gm = compiler_fn(gm, example_inputs)
W0318 11:22:24.144000 3786668 site-packages/torch/_dynamo/convert_frame.py:1125]                   ^^^^^^^^^^^^^^^^^^^^^^^^^^^^^^^
W0318 11:22:24.144000 3786668 site-packages/torch/_dynamo/convert_frame.py:1125]   File "/home/drozdovdan/miniconda3/lib/python3.12/site-packages/torch/__init__.py", line 2234, in __call__
W0318 11:22:24.144000 3786668 site-packages/torch/_dynamo/convert_frame.py:1125]     return compile_fx(model_, inputs_, config_patches=self.config)
W0318 11:22:24.144000 3786668 site-packages/torch/_dynamo/convert_frame.py:1125]            ^^^^^^^^^^^^^^^^^^^^^^^^^^^^^^^^^^^^^^^^^^^^^^^^^^^^^^^
W0318 11:22:24.144000 3786668 site-packages/torch/_dynamo/convert_frame.py:1125]   File "/home/drozdovdan/miniconda3/lib/python3.12/site-packages/torch/_inductor/compile_fx.py", line 1521, in compile_fx
W0318 11:22:24.144000 3786668 site-packages/torch/_dynamo/convert_frame.py:1125]     return aot_autograd(
W0318 11:22:24.144000 3786668 site-packages/torch/_dynamo/convert_frame.py:1125]            ^^^^^^^^^^^^^
W0318 11:22:24.144000 3786668 site-packages/torch/_dynamo/convert_frame.py:1125]   File "/home/drozdovdan/miniconda3/lib/python3.12/site-packages/torch/_dynamo/backends/common.py", line 72, in __call__
W0318 11:22:24.144000 3786668 site-packages/torch/_dynamo/convert_frame.py:1125]     cg = aot_module_simplified(gm, example_inputs, **self.kwargs)
W0318 11:22:24.144000 3786668 site-packages/torch/_dynamo/convert_frame.py:1125]          ^^^^^^^^^^^^^^^^^^^^^^^^^^^^^^^^^^^^^^^^^^^^^^^^^^^^^^^^
W0318 11:22:24.144000 3786668 site-packages/torch/_dynamo/convert_frame.py:1125]   File "/home/drozdovdan/miniconda3/lib/python3.12/site-packages/torch/_functorch/aot_autograd.py", line 1071, in aot_module_simplified
W0318 11:22:24.144000 3786668 site-packages/torch/_dynamo/convert_frame.py:1125]     compiled_fn = dispatch_and_compile()
W0318 11:22:24.144000 3786668 site-packages/torch/_dynamo/convert_frame.py:1125]                   ^^^^^^^^^^^^^^^^^^^^^^
W0318 11:22:24.144000 3786668 site-packages/torch/_dynamo/convert_frame.py:1125]   File "/home/drozdovdan/miniconda3/lib/python3.12/site-packages/torch/_functorch/aot_autograd.py", line 1056, in dispatch_and_compile
W0318 11:22:24.144000 3786668 site-packages/torch/_dynamo/convert_frame.py:1125]     compiled_fn, _ = create_aot_dispatcher_function(
W0318 11:22:24.144000 3786668 site-packages/torch/_dynamo/convert_frame.py:1125]                      ^^^^^^^^^^^^^^^^^^^^^^^^^^^^^^^
W0318 11:22:24.144000 3786668 site-packages/torch/_dynamo/convert_frame.py:1125]   File "/home/drozdovdan/miniconda3/lib/python3.12/site-packages/torch/_functorch/aot_autograd.py", line 522, in create_aot_dispatcher_function
W0318 11:22:24.144000 3786668 site-packages/torch/_dynamo/convert_frame.py:1125]     return _create_aot_dispatcher_function(
W0318 11:22:24.144000 3786668 site-packages/torch/_dynamo/convert_frame.py:1125]            ^^^^^^^^^^^^^^^^^^^^^^^^^^^^^^^^
W0318 11:22:24.144000 3786668 site-packages/torch/_dynamo/convert_frame.py:1125]   File "/home/drozdovdan/miniconda3/lib/python3.12/site-packages/torch/_functorch/aot_autograd.py", line 759, in _create_aot_dispatcher_function
W0318 11:22:24.144000 3786668 site-packages/torch/_dynamo/convert_frame.py:1125]     compiled_fn, fw_metadata = compiler_fn(
W0318 11:22:24.144000 3786668 site-packages/torch/_dynamo/convert_frame.py:1125]                                ^^^^^^^^^^^^
W0318 11:22:24.144000 3786668 site-packages/torch/_dynamo/convert_frame.py:1125]   File "/home/drozdovdan/miniconda3/lib/python3.12/site-packages/torch/_functorch/_aot_autograd/jit_compile_runtime_wrappers.py", line 179, in aot_dispatch_base
W0318 11:22:24.144000 3786668 site-packages/torch/_dynamo/convert_frame.py:1125]     compiled_fw = compiler(fw_module, updated_flat_args)
W0318 11:22:24.144000 3786668 site-packages/torch/_dynamo/convert_frame.py:1125]                   ^^^^^^^^^^^^^^^^^^^^^^^^^^^^^^^^^^^^^^
W0318 11:22:24.144000 3786668 site-packages/torch/_dynamo/convert_frame.py:1125]   File "/home/drozdovdan/miniconda3/lib/python3.12/site-packages/torch/_inductor/compile_fx.py", line 1350, in fw_compiler_base
W0318 11:22:24.144000 3786668 site-packages/torch/_dynamo/convert_frame.py:1125]     return _fw_compiler_base(model, example_inputs, is_inference)
W0318 11:22:24.144000 3786668 site-packages/torch/_dynamo/convert_frame.py:1125]            ^^^^^^^^^^^^^^^^^^^^^^^^^^^^^^^^^^^^^^^^^^^^^^^^^^^^^^
W0318 11:22:24.144000 3786668 site-packages/torch/_dynamo/convert_frame.py:1125]   File "/home/drozdovdan/miniconda3/lib/python3.12/site-packages/torch/_inductor/compile_fx.py", line 1421, in _fw_compiler_base
W0318 11:22:24.144000 3786668 site-packages/torch/_dynamo/convert_frame.py:1125]     return inner_compile(
W0318 11:22:24.144000 3786668 site-packages/torch/_dynamo/convert_frame.py:1125]            ^^^^^^^^^^^^^^
W0318 11:22:24.144000 3786668 site-packages/torch/_dynamo/convert_frame.py:1125]   File "/home/drozdovdan/miniconda3/lib/python3.12/site-packages/torch/_inductor/compile_fx.py", line 475, in compile_fx_inner
W0318 11:22:24.144000 3786668 site-packages/torch/_dynamo/convert_frame.py:1125]     return wrap_compiler_debug(_compile_fx_inner, compiler_name="inductor")(
W0318 11:22:24.144000 3786668 site-packages/torch/_dynamo/convert_frame.py:1125]            ^^^^^^^^^^^^^^^^^^^^^^^^^^^^^^^^^^^^^^^^^^^^^^^^^^^^^^^^^^^^^^^^^
W0318 11:22:24.144000 3786668 site-packages/torch/_dynamo/convert_frame.py:1125]   File "/home/drozdovdan/miniconda3/lib/python3.12/site-packages/torch/_dynamo/repro/after_aot.py", line 85, in debug_wrapper
W0318 11:22:24.144000 3786668 site-packages/torch/_dynamo/convert_frame.py:1125]     inner_compiled_fn = compiler_fn(gm, example_inputs)
W0318 11:22:24.144000 3786668 site-packages/torch/_dynamo/convert_frame.py:1125]                         ^^^^^^^^^^^^^^^^^^^^^^^^^^^^^^^
W0318 11:22:24.144000 3786668 site-packages/torch/_dynamo/convert_frame.py:1125]   File "/home/drozdovdan/miniconda3/lib/python3.12/site-packages/torch/_inductor/compile_fx.py", line 661, in _compile_fx_inner
W0318 11:22:24.144000 3786668 site-packages/torch/_dynamo/convert_frame.py:1125]     compiled_graph = FxGraphCache.load(
W0318 11:22:24.144000 3786668 site-packages/torch/_dynamo/convert_frame.py:1125]                      ^^^^^^^^^^^^^^^^^^
W0318 11:22:24.144000 3786668 site-packages/torch/_dynamo/convert_frame.py:1125]   File "/home/drozdovdan/miniconda3/lib/python3.12/site-packages/torch/_inductor/codecache.py", line 1334, in load
W0318 11:22:24.144000 3786668 site-packages/torch/_dynamo/convert_frame.py:1125]     compiled_graph = compile_fx_fn(
W0318 11:22:24.144000 3786668 site-packages/torch/_dynamo/convert_frame.py:1125]                      ^^^^^^^^^^^^^^
W0318 11:22:24.144000 3786668 site-packages/torch/_dynamo/convert_frame.py:1125]   File "/home/drozdovdan/miniconda3/lib/python3.12/site-packages/torch/_inductor/compile_fx.py", line 570, in codegen_and_compile
W0318 11:22:24.144000 3786668 site-packages/torch/_dynamo/convert_frame.py:1125]     compiled_graph = fx_codegen_and_compile(gm, example_inputs, **fx_kwargs)
W0318 11:22:24.144000 3786668 site-packages/torch/_dynamo/convert_frame.py:1125]                      ^^^^^^^^^^^^^^^^^^^^^^^^^^^^^^^^^^^^^^^^^^^^^^^^^^^^^^^
W0318 11:22:24.144000 3786668 site-packages/torch/_dynamo/convert_frame.py:1125]   File "/home/drozdovdan/miniconda3/lib/python3.12/site-packages/torch/_inductor/compile_fx.py", line 789, in fx_codegen_and_compile
W0318 11:22:24.144000 3786668 site-packages/torch/_dynamo/convert_frame.py:1125]     _recursive_post_grad_passes(gm, is_inference=is_inference)
W0318 11:22:24.144000 3786668 site-packages/torch/_dynamo/convert_frame.py:1125]   File "/home/drozdovdan/miniconda3/lib/python3.12/site-packages/torch/_inductor/compile_fx.py", line 288, in _recursive_post_grad_passes
W0318 11:22:24.144000 3786668 site-packages/torch/_dynamo/convert_frame.py:1125]     post_grad_passes(gm, is_inference)
W0318 11:22:24.144000 3786668 site-packages/torch/_dynamo/convert_frame.py:1125]   File "/home/drozdovdan/miniconda3/lib/python3.12/site-packages/torch/_inductor/fx_passes/post_grad.py", line 100, in post_grad_passes
W0318 11:22:24.144000 3786668 site-packages/torch/_dynamo/convert_frame.py:1125]     patterns.apply(gm.graph)  # type: ignore[arg-type]
W0318 11:22:24.144000 3786668 site-packages/torch/_dynamo/convert_frame.py:1125]     ^^^^^^^^^^^^^^^^^^^^^^^^
W0318 11:22:24.144000 3786668 site-packages/torch/_dynamo/convert_frame.py:1125]   File "/home/drozdovdan/miniconda3/lib/python3.12/site-packages/torch/_inductor/pattern_matcher.py", line 1729, in apply
W0318 11:22:24.144000 3786668 site-packages/torch/_dynamo/convert_frame.py:1125]     if is_match(m) and entry.extra_check(m):
W0318 11:22:24.144000 3786668 site-packages/torch/_dynamo/convert_frame.py:1125]                        ^^^^^^^^^^^^^^^^^^^^
W0318 11:22:24.144000 3786668 site-packages/torch/_dynamo/convert_frame.py:1125]   File "/home/drozdovdan/miniconda3/lib/python3.12/site-packages/torch/_inductor/fx_passes/quantization.py", line 1448, in fn
W0318 11:22:24.144000 3786668 site-packages/torch/_dynamo/convert_frame.py:1125]     scales = match.kwargs["scales"].meta["val"]
W0318 11:22:24.144000 3786668 site-packages/torch/_dynamo/convert_frame.py:1125]              ^^^^^^^^^^^^^^^^^^^^^^^^^^^
W0318 11:22:24.144000 3786668 site-packages/torch/_dynamo/convert_frame.py:1125] AttributeError: 'float' object has no attribute 'meta'
W0318 11:22:24.144000 3786668 site-packages/torch/_dynamo/convert_frame.py:1125]
W0318 11:22:24.144000 3786668 site-packages/torch/_dynamo/convert_frame.py:1125] The above exception was the direct cause of the following exception:
W0318 11:22:24.144000 3786668 site-packages/torch/_dynamo/convert_frame.py:1125]
W0318 11:22:24.144000 3786668 site-packages/torch/_dynamo/convert_frame.py:1125] Traceback (most recent call last):
W0318 11:22:24.144000 3786668 site-packages/torch/_dynamo/convert_frame.py:1125]   File "/home/drozdovdan/miniconda3/lib/python3.12/site-packages/torch/_dynamo/convert_frame.py", line 1064, in __call__
W0318 11:22:24.144000 3786668 site-packages/torch/_dynamo/convert_frame.py:1125]     result = self._inner_convert(
W0318 11:22:24.144000 3786668 site-packages/torch/_dynamo/convert_frame.py:1125]              ^^^^^^^^^^^^^^^^^^^^
W0318 11:22:24.144000 3786668 site-packages/torch/_dynamo/convert_frame.py:1125]   File "/home/drozdovdan/miniconda3/lib/python3.12/site-packages/torch/_dynamo/convert_frame.py", line 526, in __call__
W0318 11:22:24.144000 3786668 site-packages/torch/_dynamo/convert_frame.py:1125]     return _compile(
W0318 11:22:24.144000 3786668 site-packages/torch/_dynamo/convert_frame.py:1125]            ^^^^^^^^^
W0318 11:22:24.144000 3786668 site-packages/torch/_dynamo/convert_frame.py:1125]   File "/home/drozdovdan/miniconda3/lib/python3.12/site-packages/torch/_dynamo/convert_frame.py", line 924, in _compile
W0318 11:22:24.144000 3786668 site-packages/torch/_dynamo/convert_frame.py:1125]     guarded_code = compile_inner(code, one_graph, hooks, transform)
W0318 11:22:24.144000 3786668 site-packages/torch/_dynamo/convert_frame.py:1125]                    ^^^^^^^^^^^^^^^^^^^^^^^^^^^^^^^^^^^^^^^^^^^^^^^^
W0318 11:22:24.144000 3786668 site-packages/torch/_dynamo/convert_frame.py:1125]   File "/home/drozdovdan/miniconda3/lib/python3.12/site-packages/torch/_dynamo/convert_frame.py", line 666, in compile_inner
W0318 11:22:24.144000 3786668 site-packages/torch/_dynamo/convert_frame.py:1125]     return _compile_inner(code, one_graph, hooks, transform)
W0318 11:22:24.144000 3786668 site-packages/torch/_dynamo/convert_frame.py:1125]            ^^^^^^^^^^^^^^^^^^^^^^^^^^^^^^^^^^^^^^^^^^^^^^^^^
W0318 11:22:24.144000 3786668 site-packages/torch/_dynamo/convert_frame.py:1125]   File "/home/drozdovdan/miniconda3/lib/python3.12/site-packages/torch/_utils_internal.py", line 87, in wrapper_function
W0318 11:22:24.144000 3786668 site-packages/torch/_dynamo/convert_frame.py:1125]     return function(*args, **kwargs)
W0318 11:22:24.144000 3786668 site-packages/torch/_dynamo/convert_frame.py:1125]            ^^^^^^^^^^^^^^^^^^^^^^^^^
W0318 11:22:24.144000 3786668 site-packages/torch/_dynamo/convert_frame.py:1125]   File "/home/drozdovdan/miniconda3/lib/python3.12/site-packages/torch/_dynamo/convert_frame.py", line 699, in _compile_inner
W0318 11:22:24.144000 3786668 site-packages/torch/_dynamo/convert_frame.py:1125]     out_code = transform_code_object(code, transform)
W0318 11:22:24.144000 3786668 site-packages/torch/_dynamo/convert_frame.py:1125]                ^^^^^^^^^^^^^^^^^^^^^^^^^^^^^^^^^^^^^^
W0318 11:22:24.144000 3786668 site-packages/torch/_dynamo/convert_frame.py:1125]   File "/home/drozdovdan/miniconda3/lib/python3.12/site-packages/torch/_dynamo/bytecode_transformation.py", line 1322, in transform_code_object
W0318 11:22:24.144000 3786668 site-packages/torch/_dynamo/convert_frame.py:1125]     transformations(instructions, code_options)
W0318 11:22:24.144000 3786668 site-packages/torch/_dynamo/convert_frame.py:1125]   File "/home/drozdovdan/miniconda3/lib/python3.12/site-packages/torch/_dynamo/convert_frame.py", line 219, in _fn
W0318 11:22:24.144000 3786668 site-packages/torch/_dynamo/convert_frame.py:1125]     return fn(*args, **kwargs)
W0318 11:22:24.144000 3786668 site-packages/torch/_dynamo/convert_frame.py:1125]            ^^^^^^^^^^^^^^^^^^^
W0318 11:22:24.144000 3786668 site-packages/torch/_dynamo/convert_frame.py:1125]   File "/home/drozdovdan/miniconda3/lib/python3.12/site-packages/torch/_dynamo/convert_frame.py", line 634, in transform
W0318 11:22:24.144000 3786668 site-packages/torch/_dynamo/convert_frame.py:1125]     tracer.run()
W0318 11:22:24.144000 3786668 site-packages/torch/_dynamo/convert_frame.py:1125]   File "/home/drozdovdan/miniconda3/lib/python3.12/site-packages/torch/_dynamo/symbolic_convert.py", line 2796, in run
W0318 11:22:24.144000 3786668 site-packages/torch/_dynamo/convert_frame.py:1125]     super().run()
W0318 11:22:24.144000 3786668 site-packages/torch/_dynamo/convert_frame.py:1125]   File "/home/drozdovdan/miniconda3/lib/python3.12/site-packages/torch/_dynamo/symbolic_convert.py", line 983, in run
W0318 11:22:24.144000 3786668 site-packages/torch/_dynamo/convert_frame.py:1125]     while self.step():
W0318 11:22:24.144000 3786668 site-packages/torch/_dynamo/convert_frame.py:1125]           ^^^^^^^^^^^
W0318 11:22:24.144000 3786668 site-packages/torch/_dynamo/convert_frame.py:1125]   File "/home/drozdovdan/miniconda3/lib/python3.12/site-packages/torch/_dynamo/symbolic_convert.py", line 895, in step
W0318 11:22:24.144000 3786668 site-packages/torch/_dynamo/convert_frame.py:1125]     self.dispatch_table[inst.opcode](self, inst)
W0318 11:22:24.144000 3786668 site-packages/torch/_dynamo/convert_frame.py:1125]   File "/home/drozdovdan/miniconda3/lib/python3.12/site-packages/torch/_dynamo/symbolic_convert.py", line 2987, in RETURN_VALUE
W0318 11:22:24.144000 3786668 site-packages/torch/_dynamo/convert_frame.py:1125]     self._return(inst)
W0318 11:22:24.144000 3786668 site-packages/torch/_dynamo/convert_frame.py:1125]   File "/home/drozdovdan/miniconda3/lib/python3.12/site-packages/torch/_dynamo/symbolic_convert.py", line 2972, in _return
W0318 11:22:24.144000 3786668 site-packages/torch/_dynamo/convert_frame.py:1125]     self.output.compile_subgraph(
W0318 11:22:24.144000 3786668 site-packages/torch/_dynamo/convert_frame.py:1125]   File "/home/drozdovdan/miniconda3/lib/python3.12/site-packages/torch/_dynamo/output_graph.py", line 1117, in compile_subgraph
W0318 11:22:24.144000 3786668 site-packages/torch/_dynamo/convert_frame.py:1125]     self.compile_and_call_fx_graph(tx, list(reversed(stack_values)), root)
W0318 11:22:24.144000 3786668 site-packages/torch/_dynamo/convert_frame.py:1125]   File "/home/drozdovdan/miniconda3/lib/python3.12/site-packages/torch/_dynamo/output_graph.py", line 1369, in compile_and_call_fx_graph
W0318 11:22:24.144000 3786668 site-packages/torch/_dynamo/convert_frame.py:1125]     compiled_fn = self.call_user_compiler(gm)
W0318 11:22:24.144000 3786668 site-packages/torch/_dynamo/convert_frame.py:1125]                   ^^^^^^^^^^^^^^^^^^^^^^^^^^^
W0318 11:22:24.144000 3786668 site-packages/torch/_dynamo/convert_frame.py:1125]   File "/home/drozdovdan/miniconda3/lib/python3.12/site-packages/torch/_dynamo/output_graph.py", line 1416, in call_user_compiler
W0318 11:22:24.144000 3786668 site-packages/torch/_dynamo/convert_frame.py:1125]     return self._call_user_compiler(gm)
W0318 11:22:24.144000 3786668 site-packages/torch/_dynamo/convert_frame.py:1125]            ^^^^^^^^^^^^^^^^^^^^^^^^^^^^
W0318 11:22:24.144000 3786668 site-packages/torch/_dynamo/convert_frame.py:1125]   File "/home/drozdovdan/miniconda3/lib/python3.12/site-packages/torch/_dynamo/output_graph.py", line 1465, in _call_user_compiler
W0318 11:22:24.144000 3786668 site-packages/torch/_dynamo/convert_frame.py:1125]     raise BackendCompilerFailed(self.compiler_fn, e) from e
W0318 11:22:24.144000 3786668 site-packages/torch/_dynamo/convert_frame.py:1125] torch._dynamo.exc.BackendCompilerFailed: backend='inductor' raised:
W0318 11:22:24.144000 3786668 site-packages/torch/_dynamo/convert_frame.py:1125] AttributeError: 'float' object has no attribute 'meta'
W0318 11:22:24.144000 3786668 site-packages/torch/_dynamo/convert_frame.py:1125]
W0318 11:22:24.144000 3786668 site-packages/torch/_dynamo/convert_frame.py:1125] Set TORCH_LOGS="+dynamo" and TORCHDYNAMO_VERBOSE=1 for more information
W0318 11:22:24.144000 3786668 site-packages/torch/_dynamo/convert_frame.py:1125]
W0318 11:22:24.243000 3786668 site-packages/torch/_dynamo/convert_frame.py:1125] WON'T CONVERT forward /home/drozdovdan/Hebb_Adaptation/Hebb_Adaptation_nanoGPT/model.py line 873
W0318 11:22:24.243000 3786668 site-packages/torch/_dynamo/convert_frame.py:1125] due to:
W0318 11:22:24.243000 3786668 site-packages/torch/_dynamo/convert_frame.py:1125] Traceback (most recent call last):
W0318 11:22:24.243000 3786668 site-packages/torch/_dynamo/convert_frame.py:1125]   File "/home/drozdovdan/miniconda3/lib/python3.12/site-packages/torch/_dynamo/output_graph.py", line 1446, in _call_user_compiler
W0318 11:22:24.243000 3786668 site-packages/torch/_dynamo/convert_frame.py:1125]     compiled_fn = compiler_fn(gm, self.example_inputs())
W0318 11:22:24.243000 3786668 site-packages/torch/_dynamo/convert_frame.py:1125]                   ^^^^^^^^^^^^^^^^^^^^^^^^^^^^^^^^^^^^^^
W0318 11:22:24.243000 3786668 site-packages/torch/_dynamo/convert_frame.py:1125]   File "/home/drozdovdan/miniconda3/lib/python3.12/site-packages/torch/_dynamo/repro/after_dynamo.py", line 129, in __call__
W0318 11:22:24.243000 3786668 site-packages/torch/_dynamo/convert_frame.py:1125]     compiled_gm = compiler_fn(gm, example_inputs)
W0318 11:22:24.243000 3786668 site-packages/torch/_dynamo/convert_frame.py:1125]                   ^^^^^^^^^^^^^^^^^^^^^^^^^^^^^^^
W0318 11:22:24.243000 3786668 site-packages/torch/_dynamo/convert_frame.py:1125]   File "/home/drozdovdan/miniconda3/lib/python3.12/site-packages/torch/__init__.py", line 2234, in __call__
W0318 11:22:24.243000 3786668 site-packages/torch/_dynamo/convert_frame.py:1125]     return compile_fx(model_, inputs_, config_patches=self.config)
W0318 11:22:24.243000 3786668 site-packages/torch/_dynamo/convert_frame.py:1125]            ^^^^^^^^^^^^^^^^^^^^^^^^^^^^^^^^^^^^^^^^^^^^^^^^^^^^^^^
W0318 11:22:24.243000 3786668 site-packages/torch/_dynamo/convert_frame.py:1125]   File "/home/drozdovdan/miniconda3/lib/python3.12/site-packages/torch/_inductor/compile_fx.py", line 1521, in compile_fx
W0318 11:22:24.243000 3786668 site-packages/torch/_dynamo/convert_frame.py:1125]     return aot_autograd(
W0318 11:22:24.243000 3786668 site-packages/torch/_dynamo/convert_frame.py:1125]            ^^^^^^^^^^^^^
W0318 11:22:24.243000 3786668 site-packages/torch/_dynamo/convert_frame.py:1125]   File "/home/drozdovdan/miniconda3/lib/python3.12/site-packages/torch/_dynamo/backends/common.py", line 72, in __call__
W0318 11:22:24.243000 3786668 site-packages/torch/_dynamo/convert_frame.py:1125]     cg = aot_module_simplified(gm, example_inputs, **self.kwargs)
W0318 11:22:24.243000 3786668 site-packages/torch/_dynamo/convert_frame.py:1125]          ^^^^^^^^^^^^^^^^^^^^^^^^^^^^^^^^^^^^^^^^^^^^^^^^^^^^^^^^
W0318 11:22:24.243000 3786668 site-packages/torch/_dynamo/convert_frame.py:1125]   File "/home/drozdovdan/miniconda3/lib/python3.12/site-packages/torch/_functorch/aot_autograd.py", line 1071, in aot_module_simplified
W0318 11:22:24.243000 3786668 site-packages/torch/_dynamo/convert_frame.py:1125]     compiled_fn = dispatch_and_compile()
W0318 11:22:24.243000 3786668 site-packages/torch/_dynamo/convert_frame.py:1125]                   ^^^^^^^^^^^^^^^^^^^^^^
W0318 11:22:24.243000 3786668 site-packages/torch/_dynamo/convert_frame.py:1125]   File "/home/drozdovdan/miniconda3/lib/python3.12/site-packages/torch/_functorch/aot_autograd.py", line 1056, in dispatch_and_compile
W0318 11:22:24.243000 3786668 site-packages/torch/_dynamo/convert_frame.py:1125]     compiled_fn, _ = create_aot_dispatcher_function(
W0318 11:22:24.243000 3786668 site-packages/torch/_dynamo/convert_frame.py:1125]                      ^^^^^^^^^^^^^^^^^^^^^^^^^^^^^^^
W0318 11:22:24.243000 3786668 site-packages/torch/_dynamo/convert_frame.py:1125]   File "/home/drozdovdan/miniconda3/lib/python3.12/site-packages/torch/_functorch/aot_autograd.py", line 522, in create_aot_dispatcher_function
W0318 11:22:24.243000 3786668 site-packages/torch/_dynamo/convert_frame.py:1125]     return _create_aot_dispatcher_function(
W0318 11:22:24.243000 3786668 site-packages/torch/_dynamo/convert_frame.py:1125]            ^^^^^^^^^^^^^^^^^^^^^^^^^^^^^^^^
W0318 11:22:24.243000 3786668 site-packages/torch/_dynamo/convert_frame.py:1125]   File "/home/drozdovdan/miniconda3/lib/python3.12/site-packages/torch/_functorch/aot_autograd.py", line 759, in _create_aot_dispatcher_function
W0318 11:22:24.243000 3786668 site-packages/torch/_dynamo/convert_frame.py:1125]     compiled_fn, fw_metadata = compiler_fn(
W0318 11:22:24.243000 3786668 site-packages/torch/_dynamo/convert_frame.py:1125]                                ^^^^^^^^^^^^
W0318 11:22:24.243000 3786668 site-packages/torch/_dynamo/convert_frame.py:1125]   File "/home/drozdovdan/miniconda3/lib/python3.12/site-packages/torch/_functorch/_aot_autograd/jit_compile_runtime_wrappers.py", line 179, in aot_dispatch_base
W0318 11:22:24.243000 3786668 site-packages/torch/_dynamo/convert_frame.py:1125]     compiled_fw = compiler(fw_module, updated_flat_args)
W0318 11:22:24.243000 3786668 site-packages/torch/_dynamo/convert_frame.py:1125]                   ^^^^^^^^^^^^^^^^^^^^^^^^^^^^^^^^^^^^^^
W0318 11:22:24.243000 3786668 site-packages/torch/_dynamo/convert_frame.py:1125]   File "/home/drozdovdan/miniconda3/lib/python3.12/site-packages/torch/_inductor/compile_fx.py", line 1350, in fw_compiler_base
W0318 11:22:24.243000 3786668 site-packages/torch/_dynamo/convert_frame.py:1125]     return _fw_compiler_base(model, example_inputs, is_inference)
W0318 11:22:24.243000 3786668 site-packages/torch/_dynamo/convert_frame.py:1125]            ^^^^^^^^^^^^^^^^^^^^^^^^^^^^^^^^^^^^^^^^^^^^^^^^^^^^^^
W0318 11:22:24.243000 3786668 site-packages/torch/_dynamo/convert_frame.py:1125]   File "/home/drozdovdan/miniconda3/lib/python3.12/site-packages/torch/_inductor/compile_fx.py", line 1421, in _fw_compiler_base
W0318 11:22:24.243000 3786668 site-packages/torch/_dynamo/convert_frame.py:1125]     return inner_compile(
W0318 11:22:24.243000 3786668 site-packages/torch/_dynamo/convert_frame.py:1125]            ^^^^^^^^^^^^^^
W0318 11:22:24.243000 3786668 site-packages/torch/_dynamo/convert_frame.py:1125]   File "/home/drozdovdan/miniconda3/lib/python3.12/site-packages/torch/_inductor/compile_fx.py", line 475, in compile_fx_inner
W0318 11:22:24.243000 3786668 site-packages/torch/_dynamo/convert_frame.py:1125]     return wrap_compiler_debug(_compile_fx_inner, compiler_name="inductor")(
W0318 11:22:24.243000 3786668 site-packages/torch/_dynamo/convert_frame.py:1125]            ^^^^^^^^^^^^^^^^^^^^^^^^^^^^^^^^^^^^^^^^^^^^^^^^^^^^^^^^^^^^^^^^^
W0318 11:22:24.243000 3786668 site-packages/torch/_dynamo/convert_frame.py:1125]   File "/home/drozdovdan/miniconda3/lib/python3.12/site-packages/torch/_dynamo/repro/after_aot.py", line 85, in debug_wrapper
W0318 11:22:24.243000 3786668 site-packages/torch/_dynamo/convert_frame.py:1125]     inner_compiled_fn = compiler_fn(gm, example_inputs)
W0318 11:22:24.243000 3786668 site-packages/torch/_dynamo/convert_frame.py:1125]                         ^^^^^^^^^^^^^^^^^^^^^^^^^^^^^^^
W0318 11:22:24.243000 3786668 site-packages/torch/_dynamo/convert_frame.py:1125]   File "/home/drozdovdan/miniconda3/lib/python3.12/site-packages/torch/_inductor/compile_fx.py", line 661, in _compile_fx_inner
W0318 11:22:24.243000 3786668 site-packages/torch/_dynamo/convert_frame.py:1125]     compiled_graph = FxGraphCache.load(
W0318 11:22:24.243000 3786668 site-packages/torch/_dynamo/convert_frame.py:1125]                      ^^^^^^^^^^^^^^^^^^
W0318 11:22:24.243000 3786668 site-packages/torch/_dynamo/convert_frame.py:1125]   File "/home/drozdovdan/miniconda3/lib/python3.12/site-packages/torch/_inductor/codecache.py", line 1334, in load
W0318 11:22:24.243000 3786668 site-packages/torch/_dynamo/convert_frame.py:1125]     compiled_graph = compile_fx_fn(
W0318 11:22:24.243000 3786668 site-packages/torch/_dynamo/convert_frame.py:1125]                      ^^^^^^^^^^^^^^
W0318 11:22:24.243000 3786668 site-packages/torch/_dynamo/convert_frame.py:1125]   File "/home/drozdovdan/miniconda3/lib/python3.12/site-packages/torch/_inductor/compile_fx.py", line 570, in codegen_and_compile
W0318 11:22:24.243000 3786668 site-packages/torch/_dynamo/convert_frame.py:1125]     compiled_graph = fx_codegen_and_compile(gm, example_inputs, **fx_kwargs)
W0318 11:22:24.243000 3786668 site-packages/torch/_dynamo/convert_frame.py:1125]                      ^^^^^^^^^^^^^^^^^^^^^^^^^^^^^^^^^^^^^^^^^^^^^^^^^^^^^^^
W0318 11:22:24.243000 3786668 site-packages/torch/_dynamo/convert_frame.py:1125]   File "/home/drozdovdan/miniconda3/lib/python3.12/site-packages/torch/_inductor/compile_fx.py", line 789, in fx_codegen_and_compile
W0318 11:22:24.243000 3786668 site-packages/torch/_dynamo/convert_frame.py:1125]     _recursive_post_grad_passes(gm, is_inference=is_inference)
W0318 11:22:24.243000 3786668 site-packages/torch/_dynamo/convert_frame.py:1125]   File "/home/drozdovdan/miniconda3/lib/python3.12/site-packages/torch/_inductor/compile_fx.py", line 288, in _recursive_post_grad_passes
W0318 11:22:24.243000 3786668 site-packages/torch/_dynamo/convert_frame.py:1125]     post_grad_passes(gm, is_inference)
W0318 11:22:24.243000 3786668 site-packages/torch/_dynamo/convert_frame.py:1125]   File "/home/drozdovdan/miniconda3/lib/python3.12/site-packages/torch/_inductor/fx_passes/post_grad.py", line 100, in post_grad_passes
W0318 11:22:24.243000 3786668 site-packages/torch/_dynamo/convert_frame.py:1125]     patterns.apply(gm.graph)  # type: ignore[arg-type]
W0318 11:22:24.243000 3786668 site-packages/torch/_dynamo/convert_frame.py:1125]     ^^^^^^^^^^^^^^^^^^^^^^^^
W0318 11:22:24.243000 3786668 site-packages/torch/_dynamo/convert_frame.py:1125]   File "/home/drozdovdan/miniconda3/lib/python3.12/site-packages/torch/_inductor/pattern_matcher.py", line 1729, in apply
W0318 11:22:24.243000 3786668 site-packages/torch/_dynamo/convert_frame.py:1125]     if is_match(m) and entry.extra_check(m):
W0318 11:22:24.243000 3786668 site-packages/torch/_dynamo/convert_frame.py:1125]                        ^^^^^^^^^^^^^^^^^^^^
W0318 11:22:24.243000 3786668 site-packages/torch/_dynamo/convert_frame.py:1125]   File "/home/drozdovdan/miniconda3/lib/python3.12/site-packages/torch/_inductor/fx_passes/quantization.py", line 1448, in fn
W0318 11:22:24.243000 3786668 site-packages/torch/_dynamo/convert_frame.py:1125]     scales = match.kwargs["scales"].meta["val"]
W0318 11:22:24.243000 3786668 site-packages/torch/_dynamo/convert_frame.py:1125]              ^^^^^^^^^^^^^^^^^^^^^^^^^^^
W0318 11:22:24.243000 3786668 site-packages/torch/_dynamo/convert_frame.py:1125] AttributeError: 'float' object has no attribute 'meta'
W0318 11:22:24.243000 3786668 site-packages/torch/_dynamo/convert_frame.py:1125]
W0318 11:22:24.243000 3786668 site-packages/torch/_dynamo/convert_frame.py:1125] The above exception was the direct cause of the following exception:
W0318 11:22:24.243000 3786668 site-packages/torch/_dynamo/convert_frame.py:1125]
W0318 11:22:24.243000 3786668 site-packages/torch/_dynamo/convert_frame.py:1125] Traceback (most recent call last):
W0318 11:22:24.243000 3786668 site-packages/torch/_dynamo/convert_frame.py:1125]   File "/home/drozdovdan/miniconda3/lib/python3.12/site-packages/torch/_dynamo/convert_frame.py", line 1064, in __call__
W0318 11:22:24.243000 3786668 site-packages/torch/_dynamo/convert_frame.py:1125]     result = self._inner_convert(
W0318 11:22:24.243000 3786668 site-packages/torch/_dynamo/convert_frame.py:1125]              ^^^^^^^^^^^^^^^^^^^^
W0318 11:22:24.243000 3786668 site-packages/torch/_dynamo/convert_frame.py:1125]   File "/home/drozdovdan/miniconda3/lib/python3.12/site-packages/torch/_dynamo/convert_frame.py", line 526, in __call__
W0318 11:22:24.243000 3786668 site-packages/torch/_dynamo/convert_frame.py:1125]     return _compile(
W0318 11:22:24.243000 3786668 site-packages/torch/_dynamo/convert_frame.py:1125]            ^^^^^^^^^
W0318 11:22:24.243000 3786668 site-packages/torch/_dynamo/convert_frame.py:1125]   File "/home/drozdovdan/miniconda3/lib/python3.12/site-packages/torch/_dynamo/convert_frame.py", line 924, in _compile
W0318 11:22:24.243000 3786668 site-packages/torch/_dynamo/convert_frame.py:1125]     guarded_code = compile_inner(code, one_graph, hooks, transform)
W0318 11:22:24.243000 3786668 site-packages/torch/_dynamo/convert_frame.py:1125]                    ^^^^^^^^^^^^^^^^^^^^^^^^^^^^^^^^^^^^^^^^^^^^^^^^
W0318 11:22:24.243000 3786668 site-packages/torch/_dynamo/convert_frame.py:1125]   File "/home/drozdovdan/miniconda3/lib/python3.12/site-packages/torch/_dynamo/convert_frame.py", line 666, in compile_inner
W0318 11:22:24.243000 3786668 site-packages/torch/_dynamo/convert_frame.py:1125]     return _compile_inner(code, one_graph, hooks, transform)
W0318 11:22:24.243000 3786668 site-packages/torch/_dynamo/convert_frame.py:1125]            ^^^^^^^^^^^^^^^^^^^^^^^^^^^^^^^^^^^^^^^^^^^^^^^^^
W0318 11:22:24.243000 3786668 site-packages/torch/_dynamo/convert_frame.py:1125]   File "/home/drozdovdan/miniconda3/lib/python3.12/site-packages/torch/_utils_internal.py", line 87, in wrapper_function
W0318 11:22:24.243000 3786668 site-packages/torch/_dynamo/convert_frame.py:1125]     return function(*args, **kwargs)
W0318 11:22:24.243000 3786668 site-packages/torch/_dynamo/convert_frame.py:1125]            ^^^^^^^^^^^^^^^^^^^^^^^^^
W0318 11:22:24.243000 3786668 site-packages/torch/_dynamo/convert_frame.py:1125]   File "/home/drozdovdan/miniconda3/lib/python3.12/site-packages/torch/_dynamo/convert_frame.py", line 699, in _compile_inner
W0318 11:22:24.243000 3786668 site-packages/torch/_dynamo/convert_frame.py:1125]     out_code = transform_code_object(code, transform)
W0318 11:22:24.243000 3786668 site-packages/torch/_dynamo/convert_frame.py:1125]                ^^^^^^^^^^^^^^^^^^^^^^^^^^^^^^^^^^^^^^
W0318 11:22:24.243000 3786668 site-packages/torch/_dynamo/convert_frame.py:1125]   File "/home/drozdovdan/miniconda3/lib/python3.12/site-packages/torch/_dynamo/bytecode_transformation.py", line 1322, in transform_code_object
W0318 11:22:24.243000 3786668 site-packages/torch/_dynamo/convert_frame.py:1125]     transformations(instructions, code_options)
W0318 11:22:24.243000 3786668 site-packages/torch/_dynamo/convert_frame.py:1125]   File "/home/drozdovdan/miniconda3/lib/python3.12/site-packages/torch/_dynamo/convert_frame.py", line 219, in _fn
W0318 11:22:24.243000 3786668 site-packages/torch/_dynamo/convert_frame.py:1125]     return fn(*args, **kwargs)
W0318 11:22:24.243000 3786668 site-packages/torch/_dynamo/convert_frame.py:1125]            ^^^^^^^^^^^^^^^^^^^
W0318 11:22:24.243000 3786668 site-packages/torch/_dynamo/convert_frame.py:1125]   File "/home/drozdovdan/miniconda3/lib/python3.12/site-packages/torch/_dynamo/convert_frame.py", line 634, in transform
W0318 11:22:24.243000 3786668 site-packages/torch/_dynamo/convert_frame.py:1125]     tracer.run()
W0318 11:22:24.243000 3786668 site-packages/torch/_dynamo/convert_frame.py:1125]   File "/home/drozdovdan/miniconda3/lib/python3.12/site-packages/torch/_dynamo/symbolic_convert.py", line 2796, in run
W0318 11:22:24.243000 3786668 site-packages/torch/_dynamo/convert_frame.py:1125]     super().run()
W0318 11:22:24.243000 3786668 site-packages/torch/_dynamo/convert_frame.py:1125]   File "/home/drozdovdan/miniconda3/lib/python3.12/site-packages/torch/_dynamo/symbolic_convert.py", line 983, in run
W0318 11:22:24.243000 3786668 site-packages/torch/_dynamo/convert_frame.py:1125]     while self.step():
W0318 11:22:24.243000 3786668 site-packages/torch/_dynamo/convert_frame.py:1125]           ^^^^^^^^^^^
W0318 11:22:24.243000 3786668 site-packages/torch/_dynamo/convert_frame.py:1125]   File "/home/drozdovdan/miniconda3/lib/python3.12/site-packages/torch/_dynamo/symbolic_convert.py", line 895, in step
W0318 11:22:24.243000 3786668 site-packages/torch/_dynamo/convert_frame.py:1125]     self.dispatch_table[inst.opcode](self, inst)
W0318 11:22:24.243000 3786668 site-packages/torch/_dynamo/convert_frame.py:1125]   File "/home/drozdovdan/miniconda3/lib/python3.12/site-packages/torch/_dynamo/symbolic_convert.py", line 2987, in RETURN_VALUE
W0318 11:22:24.243000 3786668 site-packages/torch/_dynamo/convert_frame.py:1125]     self._return(inst)
W0318 11:22:24.243000 3786668 site-packages/torch/_dynamo/convert_frame.py:1125]   File "/home/drozdovdan/miniconda3/lib/python3.12/site-packages/torch/_dynamo/symbolic_convert.py", line 2972, in _return
W0318 11:22:24.243000 3786668 site-packages/torch/_dynamo/convert_frame.py:1125]     self.output.compile_subgraph(
W0318 11:22:24.243000 3786668 site-packages/torch/_dynamo/convert_frame.py:1125]   File "/home/drozdovdan/miniconda3/lib/python3.12/site-packages/torch/_dynamo/output_graph.py", line 1117, in compile_subgraph
W0318 11:22:24.243000 3786668 site-packages/torch/_dynamo/convert_frame.py:1125]     self.compile_and_call_fx_graph(tx, list(reversed(stack_values)), root)
W0318 11:22:24.243000 3786668 site-packages/torch/_dynamo/convert_frame.py:1125]   File "/home/drozdovdan/miniconda3/lib/python3.12/site-packages/torch/_dynamo/output_graph.py", line 1369, in compile_and_call_fx_graph
W0318 11:22:24.243000 3786668 site-packages/torch/_dynamo/convert_frame.py:1125]     compiled_fn = self.call_user_compiler(gm)
W0318 11:22:24.243000 3786668 site-packages/torch/_dynamo/convert_frame.py:1125]                   ^^^^^^^^^^^^^^^^^^^^^^^^^^^
W0318 11:22:24.243000 3786668 site-packages/torch/_dynamo/convert_frame.py:1125]   File "/home/drozdovdan/miniconda3/lib/python3.12/site-packages/torch/_dynamo/output_graph.py", line 1416, in call_user_compiler
W0318 11:22:24.243000 3786668 site-packages/torch/_dynamo/convert_frame.py:1125]     return self._call_user_compiler(gm)
W0318 11:22:24.243000 3786668 site-packages/torch/_dynamo/convert_frame.py:1125]            ^^^^^^^^^^^^^^^^^^^^^^^^^^^^
W0318 11:22:24.243000 3786668 site-packages/torch/_dynamo/convert_frame.py:1125]   File "/home/drozdovdan/miniconda3/lib/python3.12/site-packages/torch/_dynamo/output_graph.py", line 1465, in _call_user_compiler
W0318 11:22:24.243000 3786668 site-packages/torch/_dynamo/convert_frame.py:1125]     raise BackendCompilerFailed(self.compiler_fn, e) from e
W0318 11:22:24.243000 3786668 site-packages/torch/_dynamo/convert_frame.py:1125] torch._dynamo.exc.BackendCompilerFailed: backend='inductor' raised:
W0318 11:22:24.243000 3786668 site-packages/torch/_dynamo/convert_frame.py:1125] AttributeError: 'float' object has no attribute 'meta'
W0318 11:22:24.243000 3786668 site-packages/torch/_dynamo/convert_frame.py:1125]
W0318 11:22:24.243000 3786668 site-packages/torch/_dynamo/convert_frame.py:1125] Set TORCH_LOGS="+dynamo" and TORCHDYNAMO_VERBOSE=1 for more information
W0318 11:22:24.243000 3786668 site-packages/torch/_dynamo/convert_frame.py:1125]
W0318 11:22:24.243000 3786668 site-packages/torch/_dynamo/convert_frame.py:1125] Traceback (most recent call last):
W0318 11:22:24.243000 3786668 site-packages/torch/_dynamo/convert_frame.py:1125]   File "/home/drozdovdan/miniconda3/lib/python3.12/site-packages/torch/_dynamo/output_graph.py", line 1446, in _call_user_compiler
W0318 11:22:24.243000 3786668 site-packages/torch/_dynamo/convert_frame.py:1125]     compiled_fn = compiler_fn(gm, self.example_inputs())
W0318 11:22:24.243000 3786668 site-packages/torch/_dynamo/convert_frame.py:1125]                   ^^^^^^^^^^^^^^^^^^^^^^^^^^^^^^^^^^^^^^
W0318 11:22:24.243000 3786668 site-packages/torch/_dynamo/convert_frame.py:1125]   File "/home/drozdovdan/miniconda3/lib/python3.12/site-packages/torch/_dynamo/repro/after_dynamo.py", line 129, in __call__
W0318 11:22:24.243000 3786668 site-packages/torch/_dynamo/convert_frame.py:1125]     compiled_gm = compiler_fn(gm, example_inputs)
W0318 11:22:24.243000 3786668 site-packages/torch/_dynamo/convert_frame.py:1125]                   ^^^^^^^^^^^^^^^^^^^^^^^^^^^^^^^
W0318 11:22:24.243000 3786668 site-packages/torch/_dynamo/convert_frame.py:1125]   File "/home/drozdovdan/miniconda3/lib/python3.12/site-packages/torch/__init__.py", line 2234, in __call__
W0318 11:22:24.243000 3786668 site-packages/torch/_dynamo/convert_frame.py:1125]     return compile_fx(model_, inputs_, config_patches=self.config)
W0318 11:22:24.243000 3786668 site-packages/torch/_dynamo/convert_frame.py:1125]            ^^^^^^^^^^^^^^^^^^^^^^^^^^^^^^^^^^^^^^^^^^^^^^^^^^^^^^^
W0318 11:22:24.243000 3786668 site-packages/torch/_dynamo/convert_frame.py:1125]   File "/home/drozdovdan/miniconda3/lib/python3.12/site-packages/torch/_inductor/compile_fx.py", line 1521, in compile_fx
W0318 11:22:24.243000 3786668 site-packages/torch/_dynamo/convert_frame.py:1125]     return aot_autograd(
W0318 11:22:24.243000 3786668 site-packages/torch/_dynamo/convert_frame.py:1125]            ^^^^^^^^^^^^^
W0318 11:22:24.243000 3786668 site-packages/torch/_dynamo/convert_frame.py:1125]   File "/home/drozdovdan/miniconda3/lib/python3.12/site-packages/torch/_dynamo/backends/common.py", line 72, in __call__
W0318 11:22:24.243000 3786668 site-packages/torch/_dynamo/convert_frame.py:1125]     cg = aot_module_simplified(gm, example_inputs, **self.kwargs)
W0318 11:22:24.243000 3786668 site-packages/torch/_dynamo/convert_frame.py:1125]          ^^^^^^^^^^^^^^^^^^^^^^^^^^^^^^^^^^^^^^^^^^^^^^^^^^^^^^^^
W0318 11:22:24.243000 3786668 site-packages/torch/_dynamo/convert_frame.py:1125]   File "/home/drozdovdan/miniconda3/lib/python3.12/site-packages/torch/_functorch/aot_autograd.py", line 1071, in aot_module_simplified
W0318 11:22:24.243000 3786668 site-packages/torch/_dynamo/convert_frame.py:1125]     compiled_fn = dispatch_and_compile()
W0318 11:22:24.243000 3786668 site-packages/torch/_dynamo/convert_frame.py:1125]                   ^^^^^^^^^^^^^^^^^^^^^^
W0318 11:22:24.243000 3786668 site-packages/torch/_dynamo/convert_frame.py:1125]   File "/home/drozdovdan/miniconda3/lib/python3.12/site-packages/torch/_functorch/aot_autograd.py", line 1056, in dispatch_and_compile
W0318 11:22:24.243000 3786668 site-packages/torch/_dynamo/convert_frame.py:1125]     compiled_fn, _ = create_aot_dispatcher_function(
W0318 11:22:24.243000 3786668 site-packages/torch/_dynamo/convert_frame.py:1125]                      ^^^^^^^^^^^^^^^^^^^^^^^^^^^^^^^
W0318 11:22:24.243000 3786668 site-packages/torch/_dynamo/convert_frame.py:1125]   File "/home/drozdovdan/miniconda3/lib/python3.12/site-packages/torch/_functorch/aot_autograd.py", line 522, in create_aot_dispatcher_function
W0318 11:22:24.243000 3786668 site-packages/torch/_dynamo/convert_frame.py:1125]     return _create_aot_dispatcher_function(
W0318 11:22:24.243000 3786668 site-packages/torch/_dynamo/convert_frame.py:1125]            ^^^^^^^^^^^^^^^^^^^^^^^^^^^^^^^^
W0318 11:22:24.243000 3786668 site-packages/torch/_dynamo/convert_frame.py:1125]   File "/home/drozdovdan/miniconda3/lib/python3.12/site-packages/torch/_functorch/aot_autograd.py", line 759, in _create_aot_dispatcher_function
W0318 11:22:24.243000 3786668 site-packages/torch/_dynamo/convert_frame.py:1125]     compiled_fn, fw_metadata = compiler_fn(
W0318 11:22:24.243000 3786668 site-packages/torch/_dynamo/convert_frame.py:1125]                                ^^^^^^^^^^^^
W0318 11:22:24.243000 3786668 site-packages/torch/_dynamo/convert_frame.py:1125]   File "/home/drozdovdan/miniconda3/lib/python3.12/site-packages/torch/_functorch/_aot_autograd/jit_compile_runtime_wrappers.py", line 179, in aot_dispatch_base
W0318 11:22:24.243000 3786668 site-packages/torch/_dynamo/convert_frame.py:1125]     compiled_fw = compiler(fw_module, updated_flat_args)
W0318 11:22:24.243000 3786668 site-packages/torch/_dynamo/convert_frame.py:1125]                   ^^^^^^^^^^^^^^^^^^^^^^^^^^^^^^^^^^^^^^
W0318 11:22:24.243000 3786668 site-packages/torch/_dynamo/convert_frame.py:1125]   File "/home/drozdovdan/miniconda3/lib/python3.12/site-packages/torch/_inductor/compile_fx.py", line 1350, in fw_compiler_base
W0318 11:22:24.243000 3786668 site-packages/torch/_dynamo/convert_frame.py:1125]     return _fw_compiler_base(model, example_inputs, is_inference)
W0318 11:22:24.243000 3786668 site-packages/torch/_dynamo/convert_frame.py:1125]            ^^^^^^^^^^^^^^^^^^^^^^^^^^^^^^^^^^^^^^^^^^^^^^^^^^^^^^
W0318 11:22:24.243000 3786668 site-packages/torch/_dynamo/convert_frame.py:1125]   File "/home/drozdovdan/miniconda3/lib/python3.12/site-packages/torch/_inductor/compile_fx.py", line 1421, in _fw_compiler_base
W0318 11:22:24.243000 3786668 site-packages/torch/_dynamo/convert_frame.py:1125]     return inner_compile(
W0318 11:22:24.243000 3786668 site-packages/torch/_dynamo/convert_frame.py:1125]            ^^^^^^^^^^^^^^
W0318 11:22:24.243000 3786668 site-packages/torch/_dynamo/convert_frame.py:1125]   File "/home/drozdovdan/miniconda3/lib/python3.12/site-packages/torch/_inductor/compile_fx.py", line 475, in compile_fx_inner
W0318 11:22:24.243000 3786668 site-packages/torch/_dynamo/convert_frame.py:1125]     return wrap_compiler_debug(_compile_fx_inner, compiler_name="inductor")(
W0318 11:22:24.243000 3786668 site-packages/torch/_dynamo/convert_frame.py:1125]            ^^^^^^^^^^^^^^^^^^^^^^^^^^^^^^^^^^^^^^^^^^^^^^^^^^^^^^^^^^^^^^^^^
W0318 11:22:24.243000 3786668 site-packages/torch/_dynamo/convert_frame.py:1125]   File "/home/drozdovdan/miniconda3/lib/python3.12/site-packages/torch/_dynamo/repro/after_aot.py", line 85, in debug_wrapper
W0318 11:22:24.243000 3786668 site-packages/torch/_dynamo/convert_frame.py:1125]     inner_compiled_fn = compiler_fn(gm, example_inputs)
W0318 11:22:24.243000 3786668 site-packages/torch/_dynamo/convert_frame.py:1125]                         ^^^^^^^^^^^^^^^^^^^^^^^^^^^^^^^
W0318 11:22:24.243000 3786668 site-packages/torch/_dynamo/convert_frame.py:1125]   File "/home/drozdovdan/miniconda3/lib/python3.12/site-packages/torch/_inductor/compile_fx.py", line 661, in _compile_fx_inner
W0318 11:22:24.243000 3786668 site-packages/torch/_dynamo/convert_frame.py:1125]     compiled_graph = FxGraphCache.load(
W0318 11:22:24.243000 3786668 site-packages/torch/_dynamo/convert_frame.py:1125]                      ^^^^^^^^^^^^^^^^^^
W0318 11:22:24.243000 3786668 site-packages/torch/_dynamo/convert_frame.py:1125]   File "/home/drozdovdan/miniconda3/lib/python3.12/site-packages/torch/_inductor/codecache.py", line 1334, in load
W0318 11:22:24.243000 3786668 site-packages/torch/_dynamo/convert_frame.py:1125]     compiled_graph = compile_fx_fn(
W0318 11:22:24.243000 3786668 site-packages/torch/_dynamo/convert_frame.py:1125]                      ^^^^^^^^^^^^^^
W0318 11:22:24.243000 3786668 site-packages/torch/_dynamo/convert_frame.py:1125]   File "/home/drozdovdan/miniconda3/lib/python3.12/site-packages/torch/_inductor/compile_fx.py", line 570, in codegen_and_compile
W0318 11:22:24.243000 3786668 site-packages/torch/_dynamo/convert_frame.py:1125]     compiled_graph = fx_codegen_and_compile(gm, example_inputs, **fx_kwargs)
W0318 11:22:24.243000 3786668 site-packages/torch/_dynamo/convert_frame.py:1125]                      ^^^^^^^^^^^^^^^^^^^^^^^^^^^^^^^^^^^^^^^^^^^^^^^^^^^^^^^
W0318 11:22:24.243000 3786668 site-packages/torch/_dynamo/convert_frame.py:1125]   File "/home/drozdovdan/miniconda3/lib/python3.12/site-packages/torch/_inductor/compile_fx.py", line 789, in fx_codegen_and_compile
W0318 11:22:24.243000 3786668 site-packages/torch/_dynamo/convert_frame.py:1125]     _recursive_post_grad_passes(gm, is_inference=is_inference)
W0318 11:22:24.243000 3786668 site-packages/torch/_dynamo/convert_frame.py:1125]   File "/home/drozdovdan/miniconda3/lib/python3.12/site-packages/torch/_inductor/compile_fx.py", line 288, in _recursive_post_grad_passes
W0318 11:22:24.243000 3786668 site-packages/torch/_dynamo/convert_frame.py:1125]     post_grad_passes(gm, is_inference)
W0318 11:22:24.243000 3786668 site-packages/torch/_dynamo/convert_frame.py:1125]   File "/home/drozdovdan/miniconda3/lib/python3.12/site-packages/torch/_inductor/fx_passes/post_grad.py", line 100, in post_grad_passes
W0318 11:22:24.243000 3786668 site-packages/torch/_dynamo/convert_frame.py:1125]     patterns.apply(gm.graph)  # type: ignore[arg-type]
W0318 11:22:24.243000 3786668 site-packages/torch/_dynamo/convert_frame.py:1125]     ^^^^^^^^^^^^^^^^^^^^^^^^
W0318 11:22:24.243000 3786668 site-packages/torch/_dynamo/convert_frame.py:1125]   File "/home/drozdovdan/miniconda3/lib/python3.12/site-packages/torch/_inductor/pattern_matcher.py", line 1729, in apply
W0318 11:22:24.243000 3786668 site-packages/torch/_dynamo/convert_frame.py:1125]     if is_match(m) and entry.extra_check(m):
W0318 11:22:24.243000 3786668 site-packages/torch/_dynamo/convert_frame.py:1125]                        ^^^^^^^^^^^^^^^^^^^^
W0318 11:22:24.243000 3786668 site-packages/torch/_dynamo/convert_frame.py:1125]   File "/home/drozdovdan/miniconda3/lib/python3.12/site-packages/torch/_inductor/fx_passes/quantization.py", line 1448, in fn
W0318 11:22:24.243000 3786668 site-packages/torch/_dynamo/convert_frame.py:1125]     scales = match.kwargs["scales"].meta["val"]
W0318 11:22:24.243000 3786668 site-packages/torch/_dynamo/convert_frame.py:1125]              ^^^^^^^^^^^^^^^^^^^^^^^^^^^
W0318 11:22:24.243000 3786668 site-packages/torch/_dynamo/convert_frame.py:1125] AttributeError: 'float' object has no attribute 'meta'
W0318 11:22:24.243000 3786668 site-packages/torch/_dynamo/convert_frame.py:1125]
W0318 11:22:24.243000 3786668 site-packages/torch/_dynamo/convert_frame.py:1125] The above exception was the direct cause of the following exception:
W0318 11:22:24.243000 3786668 site-packages/torch/_dynamo/convert_frame.py:1125]
W0318 11:22:24.243000 3786668 site-packages/torch/_dynamo/convert_frame.py:1125] Traceback (most recent call last):
W0318 11:22:24.243000 3786668 site-packages/torch/_dynamo/convert_frame.py:1125]   File "/home/drozdovdan/miniconda3/lib/python3.12/site-packages/torch/_dynamo/convert_frame.py", line 1064, in __call__
W0318 11:22:24.243000 3786668 site-packages/torch/_dynamo/convert_frame.py:1125]     result = self._inner_convert(
W0318 11:22:24.243000 3786668 site-packages/torch/_dynamo/convert_frame.py:1125]              ^^^^^^^^^^^^^^^^^^^^
W0318 11:22:24.243000 3786668 site-packages/torch/_dynamo/convert_frame.py:1125]   File "/home/drozdovdan/miniconda3/lib/python3.12/site-packages/torch/_dynamo/convert_frame.py", line 526, in __call__
W0318 11:22:24.243000 3786668 site-packages/torch/_dynamo/convert_frame.py:1125]     return _compile(
W0318 11:22:24.243000 3786668 site-packages/torch/_dynamo/convert_frame.py:1125]            ^^^^^^^^^
W0318 11:22:24.243000 3786668 site-packages/torch/_dynamo/convert_frame.py:1125]   File "/home/drozdovdan/miniconda3/lib/python3.12/site-packages/torch/_dynamo/convert_frame.py", line 924, in _compile
W0318 11:22:24.243000 3786668 site-packages/torch/_dynamo/convert_frame.py:1125]     guarded_code = compile_inner(code, one_graph, hooks, transform)
W0318 11:22:24.243000 3786668 site-packages/torch/_dynamo/convert_frame.py:1125]                    ^^^^^^^^^^^^^^^^^^^^^^^^^^^^^^^^^^^^^^^^^^^^^^^^
W0318 11:22:24.243000 3786668 site-packages/torch/_dynamo/convert_frame.py:1125]   File "/home/drozdovdan/miniconda3/lib/python3.12/site-packages/torch/_dynamo/convert_frame.py", line 666, in compile_inner
W0318 11:22:24.243000 3786668 site-packages/torch/_dynamo/convert_frame.py:1125]     return _compile_inner(code, one_graph, hooks, transform)
W0318 11:22:24.243000 3786668 site-packages/torch/_dynamo/convert_frame.py:1125]            ^^^^^^^^^^^^^^^^^^^^^^^^^^^^^^^^^^^^^^^^^^^^^^^^^
W0318 11:22:24.243000 3786668 site-packages/torch/_dynamo/convert_frame.py:1125]   File "/home/drozdovdan/miniconda3/lib/python3.12/site-packages/torch/_utils_internal.py", line 87, in wrapper_function
W0318 11:22:24.243000 3786668 site-packages/torch/_dynamo/convert_frame.py:1125]     return function(*args, **kwargs)
W0318 11:22:24.243000 3786668 site-packages/torch/_dynamo/convert_frame.py:1125]            ^^^^^^^^^^^^^^^^^^^^^^^^^
W0318 11:22:24.243000 3786668 site-packages/torch/_dynamo/convert_frame.py:1125]   File "/home/drozdovdan/miniconda3/lib/python3.12/site-packages/torch/_dynamo/convert_frame.py", line 699, in _compile_inner
W0318 11:22:24.243000 3786668 site-packages/torch/_dynamo/convert_frame.py:1125]     out_code = transform_code_object(code, transform)
W0318 11:22:24.243000 3786668 site-packages/torch/_dynamo/convert_frame.py:1125]                ^^^^^^^^^^^^^^^^^^^^^^^^^^^^^^^^^^^^^^
W0318 11:22:24.243000 3786668 site-packages/torch/_dynamo/convert_frame.py:1125]   File "/home/drozdovdan/miniconda3/lib/python3.12/site-packages/torch/_dynamo/bytecode_transformation.py", line 1322, in transform_code_object
W0318 11:22:24.243000 3786668 site-packages/torch/_dynamo/convert_frame.py:1125]     transformations(instructions, code_options)
W0318 11:22:24.243000 3786668 site-packages/torch/_dynamo/convert_frame.py:1125]   File "/home/drozdovdan/miniconda3/lib/python3.12/site-packages/torch/_dynamo/convert_frame.py", line 219, in _fn
W0318 11:22:24.243000 3786668 site-packages/torch/_dynamo/convert_frame.py:1125]     return fn(*args, **kwargs)
W0318 11:22:24.243000 3786668 site-packages/torch/_dynamo/convert_frame.py:1125]            ^^^^^^^^^^^^^^^^^^^
W0318 11:22:24.243000 3786668 site-packages/torch/_dynamo/convert_frame.py:1125]   File "/home/drozdovdan/miniconda3/lib/python3.12/site-packages/torch/_dynamo/convert_frame.py", line 634, in transform
W0318 11:22:24.243000 3786668 site-packages/torch/_dynamo/convert_frame.py:1125]     tracer.run()
W0318 11:22:24.243000 3786668 site-packages/torch/_dynamo/convert_frame.py:1125]   File "/home/drozdovdan/miniconda3/lib/python3.12/site-packages/torch/_dynamo/symbolic_convert.py", line 2796, in run
W0318 11:22:24.243000 3786668 site-packages/torch/_dynamo/convert_frame.py:1125]     super().run()
W0318 11:22:24.243000 3786668 site-packages/torch/_dynamo/convert_frame.py:1125]   File "/home/drozdovdan/miniconda3/lib/python3.12/site-packages/torch/_dynamo/symbolic_convert.py", line 983, in run
W0318 11:22:24.243000 3786668 site-packages/torch/_dynamo/convert_frame.py:1125]     while self.step():
W0318 11:22:24.243000 3786668 site-packages/torch/_dynamo/convert_frame.py:1125]           ^^^^^^^^^^^
W0318 11:22:24.243000 3786668 site-packages/torch/_dynamo/convert_frame.py:1125]   File "/home/drozdovdan/miniconda3/lib/python3.12/site-packages/torch/_dynamo/symbolic_convert.py", line 895, in step
W0318 11:22:24.243000 3786668 site-packages/torch/_dynamo/convert_frame.py:1125]     self.dispatch_table[inst.opcode](self, inst)
W0318 11:22:24.243000 3786668 site-packages/torch/_dynamo/convert_frame.py:1125]   File "/home/drozdovdan/miniconda3/lib/python3.12/site-packages/torch/_dynamo/symbolic_convert.py", line 2987, in RETURN_VALUE
W0318 11:22:24.243000 3786668 site-packages/torch/_dynamo/convert_frame.py:1125]     self._return(inst)
W0318 11:22:24.243000 3786668 site-packages/torch/_dynamo/convert_frame.py:1125]   File "/home/drozdovdan/miniconda3/lib/python3.12/site-packages/torch/_dynamo/symbolic_convert.py", line 2972, in _return
W0318 11:22:24.243000 3786668 site-packages/torch/_dynamo/convert_frame.py:1125]     self.output.compile_subgraph(
W0318 11:22:24.243000 3786668 site-packages/torch/_dynamo/convert_frame.py:1125]   File "/home/drozdovdan/miniconda3/lib/python3.12/site-packages/torch/_dynamo/output_graph.py", line 1117, in compile_subgraph
W0318 11:22:24.243000 3786668 site-packages/torch/_dynamo/convert_frame.py:1125]     self.compile_and_call_fx_graph(tx, list(reversed(stack_values)), root)
W0318 11:22:24.243000 3786668 site-packages/torch/_dynamo/convert_frame.py:1125]   File "/home/drozdovdan/miniconda3/lib/python3.12/site-packages/torch/_dynamo/output_graph.py", line 1369, in compile_and_call_fx_graph
W0318 11:22:24.243000 3786668 site-packages/torch/_dynamo/convert_frame.py:1125]     compiled_fn = self.call_user_compiler(gm)
W0318 11:22:24.243000 3786668 site-packages/torch/_dynamo/convert_frame.py:1125]                   ^^^^^^^^^^^^^^^^^^^^^^^^^^^
W0318 11:22:24.243000 3786668 site-packages/torch/_dynamo/convert_frame.py:1125]   File "/home/drozdovdan/miniconda3/lib/python3.12/site-packages/torch/_dynamo/output_graph.py", line 1416, in call_user_compiler
W0318 11:22:24.243000 3786668 site-packages/torch/_dynamo/convert_frame.py:1125]     return self._call_user_compiler(gm)
W0318 11:22:24.243000 3786668 site-packages/torch/_dynamo/convert_frame.py:1125]            ^^^^^^^^^^^^^^^^^^^^^^^^^^^^
W0318 11:22:24.243000 3786668 site-packages/torch/_dynamo/convert_frame.py:1125]   File "/home/drozdovdan/miniconda3/lib/python3.12/site-packages/torch/_dynamo/output_graph.py", line 1465, in _call_user_compiler
W0318 11:22:24.243000 3786668 site-packages/torch/_dynamo/convert_frame.py:1125]     raise BackendCompilerFailed(self.compiler_fn, e) from e
W0318 11:22:24.243000 3786668 site-packages/torch/_dynamo/convert_frame.py:1125] torch._dynamo.exc.BackendCompilerFailed: backend='inductor' raised:
W0318 11:22:24.243000 3786668 site-packages/torch/_dynamo/convert_frame.py:1125] AttributeError: 'float' object has no attribute 'meta'
W0318 11:22:24.243000 3786668 site-packages/torch/_dynamo/convert_frame.py:1125]
W0318 11:22:24.243000 3786668 site-packages/torch/_dynamo/convert_frame.py:1125] Set TORCH_LOGS="+dynamo" and TORCHDYNAMO_VERBOSE=1 for more information
W0318 11:22:24.243000 3786668 site-packages/torch/_dynamo/convert_frame.py:1125]
step 0: train loss 3.8121, val loss 3.7354
iter 0: loss 4.0192, time 21550.09ms, mfu -100.00%
iter 1: loss 3.6951, time 3045.30ms, mfu -100.00%
iter 2: loss 3.6359, time 3069.13ms, mfu -100.00%
iter 3: loss 3.4253, time 3051.45ms, mfu -100.00%
iter 4: loss 2.9165, time 3026.27ms, mfu -100.00%
step 5: train loss 3.1069, val loss 2.9558
saving checkpoint to out-shakespeare-a-no-updates
iter 5: loss 3.1730, time 33902.17ms, mfu 3.19%
iter 6: loss 3.0754, time 3071.75ms, mfu 6.39%
iter 7: loss 3.3421, time 3098.27ms, mfu 9.24%
iter 8: loss 2.8421, time 3102.93ms, mfu 11.80%
iter 9: loss 2.6234, time 3115.13ms, mfu 14.09%
step 10: train loss 3.0184, val loss 2.8473
saving checkpoint to out-shakespeare-a-no-updates
iter 10: loss 2.8243, time 33884.97ms, mfu 13.00%
iter 11: loss 3.0448, time 3129.55ms, mfu 15.16%
iter 12: loss 2.9297, time 3088.60ms, mfu 17.14%
iter 13: loss 3.3661, time 3089.24ms, mfu 18.93%
iter 14: loss 2.6462, time 3080.50ms, mfu 20.54%
step 15: train loss 2.9448, val loss 2.9063
saving checkpoint to out-shakespeare-a-no-updates
iter 15: loss 2.9853, time 34953.86ms, mfu 18.80%
iter 16: loss 2.7072, time 3184.99ms, mfu 20.31%
iter 17: loss 2.6708, time 3098.66ms, mfu 21.77%
iter 18: loss 3.2361, time 3114.43ms, mfu 23.07%
iter 19: loss 2.9855, time 3120.43ms, mfu 24.22%
step 20: train loss 3.0159, val loss 2.9006
saving checkpoint to out-shakespeare-a-no-updates
iter 20: loss 3.2935, time 33618.70ms, mfu 22.12%
iter 21: loss 3.1632, time 2970.72ms, mfu 23.55%
iter 22: loss 3.5775, time 2956.21ms, mfu 24.85%
iter 23: loss 3.2120, time 3012.63ms, mfu 25.96%
iter 24: loss 2.7460, time 3070.27ms, mfu 26.88%
step 25: train loss 2.9103, val loss 2.8133
saving checkpoint to out-shakespeare-a-no-updates
iter 25: loss 2.5885, time 34943.10ms, mfu 24.50%
iter 26: loss 2.7940, time 3086.30ms, mfu 25.56%
iter 27: loss 2.5138, time 3560.41ms, mfu 26.04%
iter 28: loss 3.1375, time 3136.13ms, mfu 26.88%
iter 29: loss 3.0605, time 3151.55ms, mfu 27.62%
step 30: train loss 2.9685, val loss 2.8662
saving checkpoint to out-shakespeare-a-no-updates
iter 30: loss 2.9646, time 34123.01ms, mfu 25.18%
iter 31: loss 3.1683, time 3147.00ms, mfu 26.10%
iter 32: loss 3.0692, time 3158.41ms, mfu 26.91%
iter 33: loss 2.6827, time 3098.22ms, mfu 27.71%
iter 34: loss 2.8974, time 3142.80ms, mfu 28.38%
step 35: train loss 2.8669, val loss 2.9484
saving checkpoint to out-shakespeare-a-no-updates
iter 35: loss 3.0998, time 33874.76ms, mfu 25.86%
iter 36: loss 2.9527, time 3158.36ms, mfu 26.70%
iter 37: loss 2.8344, time 3092.49ms, mfu 27.52%
iter 38: loss 3.0535, time 3085.72ms, mfu 28.27%
iter 39: loss 3.3921, time 3108.97ms, mfu 28.92%
step 40: train loss 2.9382, val loss 2.9458
saving checkpoint to out-shakespeare-a-no-updates
iter 40: loss 3.2925, time 34118.25ms, mfu 26.35%
