W0318 12:13:04.613000 3802565 site-packages/torch/_dynamo/convert_frame.py:1125] WON'T CONVERT forward /home/drozdovdan/Hebb_Adaptation/Hebb_Adaptation_nanoGPT/model.py line 1047
W0318 12:13:04.613000 3802565 site-packages/torch/_dynamo/convert_frame.py:1125] due to:
W0318 12:13:04.613000 3802565 site-packages/torch/_dynamo/convert_frame.py:1125] Traceback (most recent call last):
W0318 12:13:04.613000 3802565 site-packages/torch/_dynamo/convert_frame.py:1125]   File "/home/drozdovdan/miniconda3/lib/python3.12/site-packages/torch/_dynamo/output_graph.py", line 1446, in _call_user_compiler
W0318 12:13:04.613000 3802565 site-packages/torch/_dynamo/convert_frame.py:1125]     compiled_fn = compiler_fn(gm, self.example_inputs())
W0318 12:13:04.613000 3802565 site-packages/torch/_dynamo/convert_frame.py:1125]                   ^^^^^^^^^^^^^^^^^^^^^^^^^^^^^^^^^^^^^^
W0318 12:13:04.613000 3802565 site-packages/torch/_dynamo/convert_frame.py:1125]   File "/home/drozdovdan/miniconda3/lib/python3.12/site-packages/torch/_dynamo/repro/after_dynamo.py", line 129, in __call__
W0318 12:13:04.613000 3802565 site-packages/torch/_dynamo/convert_frame.py:1125]     compiled_gm = compiler_fn(gm, example_inputs)
W0318 12:13:04.613000 3802565 site-packages/torch/_dynamo/convert_frame.py:1125]                   ^^^^^^^^^^^^^^^^^^^^^^^^^^^^^^^
W0318 12:13:04.613000 3802565 site-packages/torch/_dynamo/convert_frame.py:1125]   File "/home/drozdovdan/miniconda3/lib/python3.12/site-packages/torch/__init__.py", line 2234, in __call__
W0318 12:13:04.613000 3802565 site-packages/torch/_dynamo/convert_frame.py:1125]     return compile_fx(model_, inputs_, config_patches=self.config)
W0318 12:13:04.613000 3802565 site-packages/torch/_dynamo/convert_frame.py:1125]            ^^^^^^^^^^^^^^^^^^^^^^^^^^^^^^^^^^^^^^^^^^^^^^^^^^^^^^^
W0318 12:13:04.613000 3802565 site-packages/torch/_dynamo/convert_frame.py:1125]   File "/home/drozdovdan/miniconda3/lib/python3.12/site-packages/torch/_inductor/compile_fx.py", line 1521, in compile_fx
W0318 12:13:04.613000 3802565 site-packages/torch/_dynamo/convert_frame.py:1125]     return aot_autograd(
W0318 12:13:04.613000 3802565 site-packages/torch/_dynamo/convert_frame.py:1125]            ^^^^^^^^^^^^^
W0318 12:13:04.613000 3802565 site-packages/torch/_dynamo/convert_frame.py:1125]   File "/home/drozdovdan/miniconda3/lib/python3.12/site-packages/torch/_dynamo/backends/common.py", line 72, in __call__
W0318 12:13:04.613000 3802565 site-packages/torch/_dynamo/convert_frame.py:1125]     cg = aot_module_simplified(gm, example_inputs, **self.kwargs)
W0318 12:13:04.613000 3802565 site-packages/torch/_dynamo/convert_frame.py:1125]          ^^^^^^^^^^^^^^^^^^^^^^^^^^^^^^^^^^^^^^^^^^^^^^^^^^^^^^^^
W0318 12:13:04.613000 3802565 site-packages/torch/_dynamo/convert_frame.py:1125]   File "/home/drozdovdan/miniconda3/lib/python3.12/site-packages/torch/_functorch/aot_autograd.py", line 1071, in aot_module_simplified
W0318 12:13:04.613000 3802565 site-packages/torch/_dynamo/convert_frame.py:1125]     compiled_fn = dispatch_and_compile()
W0318 12:13:04.613000 3802565 site-packages/torch/_dynamo/convert_frame.py:1125]                   ^^^^^^^^^^^^^^^^^^^^^^
W0318 12:13:04.613000 3802565 site-packages/torch/_dynamo/convert_frame.py:1125]   File "/home/drozdovdan/miniconda3/lib/python3.12/site-packages/torch/_functorch/aot_autograd.py", line 1056, in dispatch_and_compile
W0318 12:13:04.613000 3802565 site-packages/torch/_dynamo/convert_frame.py:1125]     compiled_fn, _ = create_aot_dispatcher_function(
W0318 12:13:04.613000 3802565 site-packages/torch/_dynamo/convert_frame.py:1125]                      ^^^^^^^^^^^^^^^^^^^^^^^^^^^^^^^
W0318 12:13:04.613000 3802565 site-packages/torch/_dynamo/convert_frame.py:1125]   File "/home/drozdovdan/miniconda3/lib/python3.12/site-packages/torch/_functorch/aot_autograd.py", line 522, in create_aot_dispatcher_function
W0318 12:13:04.613000 3802565 site-packages/torch/_dynamo/convert_frame.py:1125]     return _create_aot_dispatcher_function(
W0318 12:13:04.613000 3802565 site-packages/torch/_dynamo/convert_frame.py:1125]            ^^^^^^^^^^^^^^^^^^^^^^^^^^^^^^^^
W0318 12:13:04.613000 3802565 site-packages/torch/_dynamo/convert_frame.py:1125]   File "/home/drozdovdan/miniconda3/lib/python3.12/site-packages/torch/_functorch/aot_autograd.py", line 759, in _create_aot_dispatcher_function
W0318 12:13:04.613000 3802565 site-packages/torch/_dynamo/convert_frame.py:1125]     compiled_fn, fw_metadata = compiler_fn(
W0318 12:13:04.613000 3802565 site-packages/torch/_dynamo/convert_frame.py:1125]                                ^^^^^^^^^^^^
W0318 12:13:04.613000 3802565 site-packages/torch/_dynamo/convert_frame.py:1125]   File "/home/drozdovdan/miniconda3/lib/python3.12/site-packages/torch/_functorch/_aot_autograd/jit_compile_runtime_wrappers.py", line 179, in aot_dispatch_base
W0318 12:13:04.613000 3802565 site-packages/torch/_dynamo/convert_frame.py:1125]     compiled_fw = compiler(fw_module, updated_flat_args)
W0318 12:13:04.613000 3802565 site-packages/torch/_dynamo/convert_frame.py:1125]                   ^^^^^^^^^^^^^^^^^^^^^^^^^^^^^^^^^^^^^^
W0318 12:13:04.613000 3802565 site-packages/torch/_dynamo/convert_frame.py:1125]   File "/home/drozdovdan/miniconda3/lib/python3.12/site-packages/torch/_inductor/compile_fx.py", line 1350, in fw_compiler_base
W0318 12:13:04.613000 3802565 site-packages/torch/_dynamo/convert_frame.py:1125]     return _fw_compiler_base(model, example_inputs, is_inference)
W0318 12:13:04.613000 3802565 site-packages/torch/_dynamo/convert_frame.py:1125]            ^^^^^^^^^^^^^^^^^^^^^^^^^^^^^^^^^^^^^^^^^^^^^^^^^^^^^^
W0318 12:13:04.613000 3802565 site-packages/torch/_dynamo/convert_frame.py:1125]   File "/home/drozdovdan/miniconda3/lib/python3.12/site-packages/torch/_inductor/compile_fx.py", line 1421, in _fw_compiler_base
W0318 12:13:04.613000 3802565 site-packages/torch/_dynamo/convert_frame.py:1125]     return inner_compile(
W0318 12:13:04.613000 3802565 site-packages/torch/_dynamo/convert_frame.py:1125]            ^^^^^^^^^^^^^^
W0318 12:13:04.613000 3802565 site-packages/torch/_dynamo/convert_frame.py:1125]   File "/home/drozdovdan/miniconda3/lib/python3.12/site-packages/torch/_inductor/compile_fx.py", line 475, in compile_fx_inner
W0318 12:13:04.613000 3802565 site-packages/torch/_dynamo/convert_frame.py:1125]     return wrap_compiler_debug(_compile_fx_inner, compiler_name="inductor")(
W0318 12:13:04.613000 3802565 site-packages/torch/_dynamo/convert_frame.py:1125]            ^^^^^^^^^^^^^^^^^^^^^^^^^^^^^^^^^^^^^^^^^^^^^^^^^^^^^^^^^^^^^^^^^
W0318 12:13:04.613000 3802565 site-packages/torch/_dynamo/convert_frame.py:1125]   File "/home/drozdovdan/miniconda3/lib/python3.12/site-packages/torch/_dynamo/repro/after_aot.py", line 85, in debug_wrapper
W0318 12:13:04.613000 3802565 site-packages/torch/_dynamo/convert_frame.py:1125]     inner_compiled_fn = compiler_fn(gm, example_inputs)
W0318 12:13:04.613000 3802565 site-packages/torch/_dynamo/convert_frame.py:1125]                         ^^^^^^^^^^^^^^^^^^^^^^^^^^^^^^^
W0318 12:13:04.613000 3802565 site-packages/torch/_dynamo/convert_frame.py:1125]   File "/home/drozdovdan/miniconda3/lib/python3.12/site-packages/torch/_inductor/compile_fx.py", line 661, in _compile_fx_inner
W0318 12:13:04.613000 3802565 site-packages/torch/_dynamo/convert_frame.py:1125]     compiled_graph = FxGraphCache.load(
W0318 12:13:04.613000 3802565 site-packages/torch/_dynamo/convert_frame.py:1125]                      ^^^^^^^^^^^^^^^^^^
W0318 12:13:04.613000 3802565 site-packages/torch/_dynamo/convert_frame.py:1125]   File "/home/drozdovdan/miniconda3/lib/python3.12/site-packages/torch/_inductor/codecache.py", line 1334, in load
W0318 12:13:04.613000 3802565 site-packages/torch/_dynamo/convert_frame.py:1125]     compiled_graph = compile_fx_fn(
W0318 12:13:04.613000 3802565 site-packages/torch/_dynamo/convert_frame.py:1125]                      ^^^^^^^^^^^^^^
W0318 12:13:04.613000 3802565 site-packages/torch/_dynamo/convert_frame.py:1125]   File "/home/drozdovdan/miniconda3/lib/python3.12/site-packages/torch/_inductor/compile_fx.py", line 570, in codegen_and_compile
W0318 12:13:04.613000 3802565 site-packages/torch/_dynamo/convert_frame.py:1125]     compiled_graph = fx_codegen_and_compile(gm, example_inputs, **fx_kwargs)
W0318 12:13:04.613000 3802565 site-packages/torch/_dynamo/convert_frame.py:1125]                      ^^^^^^^^^^^^^^^^^^^^^^^^^^^^^^^^^^^^^^^^^^^^^^^^^^^^^^^
W0318 12:13:04.613000 3802565 site-packages/torch/_dynamo/convert_frame.py:1125]   File "/home/drozdovdan/miniconda3/lib/python3.12/site-packages/torch/_inductor/compile_fx.py", line 789, in fx_codegen_and_compile
W0318 12:13:04.613000 3802565 site-packages/torch/_dynamo/convert_frame.py:1125]     _recursive_post_grad_passes(gm, is_inference=is_inference)
W0318 12:13:04.613000 3802565 site-packages/torch/_dynamo/convert_frame.py:1125]   File "/home/drozdovdan/miniconda3/lib/python3.12/site-packages/torch/_inductor/compile_fx.py", line 288, in _recursive_post_grad_passes
W0318 12:13:04.613000 3802565 site-packages/torch/_dynamo/convert_frame.py:1125]     post_grad_passes(gm, is_inference)
W0318 12:13:04.613000 3802565 site-packages/torch/_dynamo/convert_frame.py:1125]   File "/home/drozdovdan/miniconda3/lib/python3.12/site-packages/torch/_inductor/fx_passes/post_grad.py", line 100, in post_grad_passes
W0318 12:13:04.613000 3802565 site-packages/torch/_dynamo/convert_frame.py:1125]     patterns.apply(gm.graph)  # type: ignore[arg-type]
W0318 12:13:04.613000 3802565 site-packages/torch/_dynamo/convert_frame.py:1125]     ^^^^^^^^^^^^^^^^^^^^^^^^
W0318 12:13:04.613000 3802565 site-packages/torch/_dynamo/convert_frame.py:1125]   File "/home/drozdovdan/miniconda3/lib/python3.12/site-packages/torch/_inductor/pattern_matcher.py", line 1729, in apply
W0318 12:13:04.613000 3802565 site-packages/torch/_dynamo/convert_frame.py:1125]     if is_match(m) and entry.extra_check(m):
W0318 12:13:04.613000 3802565 site-packages/torch/_dynamo/convert_frame.py:1125]                        ^^^^^^^^^^^^^^^^^^^^
W0318 12:13:04.613000 3802565 site-packages/torch/_dynamo/convert_frame.py:1125]   File "/home/drozdovdan/miniconda3/lib/python3.12/site-packages/torch/_inductor/fx_passes/quantization.py", line 1448, in fn
W0318 12:13:04.613000 3802565 site-packages/torch/_dynamo/convert_frame.py:1125]     scales = match.kwargs["scales"].meta["val"]
W0318 12:13:04.613000 3802565 site-packages/torch/_dynamo/convert_frame.py:1125]              ^^^^^^^^^^^^^^^^^^^^^^^^^^^
W0318 12:13:04.613000 3802565 site-packages/torch/_dynamo/convert_frame.py:1125] AttributeError: 'float' object has no attribute 'meta'
W0318 12:13:04.613000 3802565 site-packages/torch/_dynamo/convert_frame.py:1125]
W0318 12:13:04.613000 3802565 site-packages/torch/_dynamo/convert_frame.py:1125] The above exception was the direct cause of the following exception:
W0318 12:13:04.613000 3802565 site-packages/torch/_dynamo/convert_frame.py:1125]
W0318 12:13:04.613000 3802565 site-packages/torch/_dynamo/convert_frame.py:1125] Traceback (most recent call last):
W0318 12:13:04.613000 3802565 site-packages/torch/_dynamo/convert_frame.py:1125]   File "/home/drozdovdan/miniconda3/lib/python3.12/site-packages/torch/_dynamo/convert_frame.py", line 1064, in __call__
W0318 12:13:04.613000 3802565 site-packages/torch/_dynamo/convert_frame.py:1125]     result = self._inner_convert(
W0318 12:13:04.613000 3802565 site-packages/torch/_dynamo/convert_frame.py:1125]              ^^^^^^^^^^^^^^^^^^^^
W0318 12:13:04.613000 3802565 site-packages/torch/_dynamo/convert_frame.py:1125]   File "/home/drozdovdan/miniconda3/lib/python3.12/site-packages/torch/_dynamo/convert_frame.py", line 526, in __call__
W0318 12:13:04.613000 3802565 site-packages/torch/_dynamo/convert_frame.py:1125]     return _compile(
W0318 12:13:04.613000 3802565 site-packages/torch/_dynamo/convert_frame.py:1125]            ^^^^^^^^^
W0318 12:13:04.613000 3802565 site-packages/torch/_dynamo/convert_frame.py:1125]   File "/home/drozdovdan/miniconda3/lib/python3.12/site-packages/torch/_dynamo/convert_frame.py", line 924, in _compile
W0318 12:13:04.613000 3802565 site-packages/torch/_dynamo/convert_frame.py:1125]     guarded_code = compile_inner(code, one_graph, hooks, transform)
W0318 12:13:04.613000 3802565 site-packages/torch/_dynamo/convert_frame.py:1125]                    ^^^^^^^^^^^^^^^^^^^^^^^^^^^^^^^^^^^^^^^^^^^^^^^^
W0318 12:13:04.613000 3802565 site-packages/torch/_dynamo/convert_frame.py:1125]   File "/home/drozdovdan/miniconda3/lib/python3.12/site-packages/torch/_dynamo/convert_frame.py", line 666, in compile_inner
W0318 12:13:04.613000 3802565 site-packages/torch/_dynamo/convert_frame.py:1125]     return _compile_inner(code, one_graph, hooks, transform)
W0318 12:13:04.613000 3802565 site-packages/torch/_dynamo/convert_frame.py:1125]            ^^^^^^^^^^^^^^^^^^^^^^^^^^^^^^^^^^^^^^^^^^^^^^^^^
W0318 12:13:04.613000 3802565 site-packages/torch/_dynamo/convert_frame.py:1125]   File "/home/drozdovdan/miniconda3/lib/python3.12/site-packages/torch/_utils_internal.py", line 87, in wrapper_function
W0318 12:13:04.613000 3802565 site-packages/torch/_dynamo/convert_frame.py:1125]     return function(*args, **kwargs)
W0318 12:13:04.613000 3802565 site-packages/torch/_dynamo/convert_frame.py:1125]            ^^^^^^^^^^^^^^^^^^^^^^^^^
W0318 12:13:04.613000 3802565 site-packages/torch/_dynamo/convert_frame.py:1125]   File "/home/drozdovdan/miniconda3/lib/python3.12/site-packages/torch/_dynamo/convert_frame.py", line 699, in _compile_inner
W0318 12:13:04.613000 3802565 site-packages/torch/_dynamo/convert_frame.py:1125]     out_code = transform_code_object(code, transform)
W0318 12:13:04.613000 3802565 site-packages/torch/_dynamo/convert_frame.py:1125]                ^^^^^^^^^^^^^^^^^^^^^^^^^^^^^^^^^^^^^^
W0318 12:13:04.613000 3802565 site-packages/torch/_dynamo/convert_frame.py:1125]   File "/home/drozdovdan/miniconda3/lib/python3.12/site-packages/torch/_dynamo/bytecode_transformation.py", line 1322, in transform_code_object
W0318 12:13:04.613000 3802565 site-packages/torch/_dynamo/convert_frame.py:1125]     transformations(instructions, code_options)
W0318 12:13:04.613000 3802565 site-packages/torch/_dynamo/convert_frame.py:1125]   File "/home/drozdovdan/miniconda3/lib/python3.12/site-packages/torch/_dynamo/convert_frame.py", line 219, in _fn
W0318 12:13:04.613000 3802565 site-packages/torch/_dynamo/convert_frame.py:1125]     return fn(*args, **kwargs)
W0318 12:13:04.613000 3802565 site-packages/torch/_dynamo/convert_frame.py:1125]            ^^^^^^^^^^^^^^^^^^^
W0318 12:13:04.613000 3802565 site-packages/torch/_dynamo/convert_frame.py:1125]   File "/home/drozdovdan/miniconda3/lib/python3.12/site-packages/torch/_dynamo/convert_frame.py", line 634, in transform
W0318 12:13:04.613000 3802565 site-packages/torch/_dynamo/convert_frame.py:1125]     tracer.run()
W0318 12:13:04.613000 3802565 site-packages/torch/_dynamo/convert_frame.py:1125]   File "/home/drozdovdan/miniconda3/lib/python3.12/site-packages/torch/_dynamo/symbolic_convert.py", line 2796, in run
W0318 12:13:04.613000 3802565 site-packages/torch/_dynamo/convert_frame.py:1125]     super().run()
W0318 12:13:04.613000 3802565 site-packages/torch/_dynamo/convert_frame.py:1125]   File "/home/drozdovdan/miniconda3/lib/python3.12/site-packages/torch/_dynamo/symbolic_convert.py", line 983, in run
W0318 12:13:04.613000 3802565 site-packages/torch/_dynamo/convert_frame.py:1125]     while self.step():
W0318 12:13:04.613000 3802565 site-packages/torch/_dynamo/convert_frame.py:1125]           ^^^^^^^^^^^
W0318 12:13:04.613000 3802565 site-packages/torch/_dynamo/convert_frame.py:1125]   File "/home/drozdovdan/miniconda3/lib/python3.12/site-packages/torch/_dynamo/symbolic_convert.py", line 895, in step
W0318 12:13:04.613000 3802565 site-packages/torch/_dynamo/convert_frame.py:1125]     self.dispatch_table[inst.opcode](self, inst)
W0318 12:13:04.613000 3802565 site-packages/torch/_dynamo/convert_frame.py:1125]   File "/home/drozdovdan/miniconda3/lib/python3.12/site-packages/torch/_dynamo/symbolic_convert.py", line 2987, in RETURN_VALUE
W0318 12:13:04.613000 3802565 site-packages/torch/_dynamo/convert_frame.py:1125]     self._return(inst)
W0318 12:13:04.613000 3802565 site-packages/torch/_dynamo/convert_frame.py:1125]   File "/home/drozdovdan/miniconda3/lib/python3.12/site-packages/torch/_dynamo/symbolic_convert.py", line 2972, in _return
W0318 12:13:04.613000 3802565 site-packages/torch/_dynamo/convert_frame.py:1125]     self.output.compile_subgraph(
W0318 12:13:04.613000 3802565 site-packages/torch/_dynamo/convert_frame.py:1125]   File "/home/drozdovdan/miniconda3/lib/python3.12/site-packages/torch/_dynamo/output_graph.py", line 1142, in compile_subgraph
W0318 12:13:04.613000 3802565 site-packages/torch/_dynamo/convert_frame.py:1125]     self.compile_and_call_fx_graph(tx, pass2.graph_output_vars(), root)
W0318 12:13:04.613000 3802565 site-packages/torch/_dynamo/convert_frame.py:1125]   File "/home/drozdovdan/miniconda3/lib/python3.12/site-packages/torch/_dynamo/output_graph.py", line 1369, in compile_and_call_fx_graph
W0318 12:13:04.613000 3802565 site-packages/torch/_dynamo/convert_frame.py:1125]     compiled_fn = self.call_user_compiler(gm)
W0318 12:13:04.613000 3802565 site-packages/torch/_dynamo/convert_frame.py:1125]                   ^^^^^^^^^^^^^^^^^^^^^^^^^^^
W0318 12:13:04.613000 3802565 site-packages/torch/_dynamo/convert_frame.py:1125]   File "/home/drozdovdan/miniconda3/lib/python3.12/site-packages/torch/_dynamo/output_graph.py", line 1416, in call_user_compiler
W0318 12:13:04.613000 3802565 site-packages/torch/_dynamo/convert_frame.py:1125]     return self._call_user_compiler(gm)
W0318 12:13:04.613000 3802565 site-packages/torch/_dynamo/convert_frame.py:1125]            ^^^^^^^^^^^^^^^^^^^^^^^^^^^^
W0318 12:13:04.613000 3802565 site-packages/torch/_dynamo/convert_frame.py:1125]   File "/home/drozdovdan/miniconda3/lib/python3.12/site-packages/torch/_dynamo/output_graph.py", line 1465, in _call_user_compiler
W0318 12:13:04.613000 3802565 site-packages/torch/_dynamo/convert_frame.py:1125]     raise BackendCompilerFailed(self.compiler_fn, e) from e
W0318 12:13:04.613000 3802565 site-packages/torch/_dynamo/convert_frame.py:1125] torch._dynamo.exc.BackendCompilerFailed: backend='inductor' raised:
W0318 12:13:04.613000 3802565 site-packages/torch/_dynamo/convert_frame.py:1125] AttributeError: 'float' object has no attribute 'meta'
W0318 12:13:04.613000 3802565 site-packages/torch/_dynamo/convert_frame.py:1125]
W0318 12:13:04.613000 3802565 site-packages/torch/_dynamo/convert_frame.py:1125] Set TORCH_LOGS="+dynamo" and TORCHDYNAMO_VERBOSE=1 for more information
W0318 12:13:04.613000 3802565 site-packages/torch/_dynamo/convert_frame.py:1125]
W0318 12:13:04.613000 3802565 site-packages/torch/_dynamo/convert_frame.py:1125] Traceback (most recent call last):
W0318 12:13:04.613000 3802565 site-packages/torch/_dynamo/convert_frame.py:1125]   File "/home/drozdovdan/miniconda3/lib/python3.12/site-packages/torch/_dynamo/output_graph.py", line 1446, in _call_user_compiler
W0318 12:13:04.613000 3802565 site-packages/torch/_dynamo/convert_frame.py:1125]     compiled_fn = compiler_fn(gm, self.example_inputs())
W0318 12:13:04.613000 3802565 site-packages/torch/_dynamo/convert_frame.py:1125]                   ^^^^^^^^^^^^^^^^^^^^^^^^^^^^^^^^^^^^^^
W0318 12:13:04.613000 3802565 site-packages/torch/_dynamo/convert_frame.py:1125]   File "/home/drozdovdan/miniconda3/lib/python3.12/site-packages/torch/_dynamo/repro/after_dynamo.py", line 129, in __call__
W0318 12:13:04.613000 3802565 site-packages/torch/_dynamo/convert_frame.py:1125]     compiled_gm = compiler_fn(gm, example_inputs)
W0318 12:13:04.613000 3802565 site-packages/torch/_dynamo/convert_frame.py:1125]                   ^^^^^^^^^^^^^^^^^^^^^^^^^^^^^^^
W0318 12:13:04.613000 3802565 site-packages/torch/_dynamo/convert_frame.py:1125]   File "/home/drozdovdan/miniconda3/lib/python3.12/site-packages/torch/__init__.py", line 2234, in __call__
W0318 12:13:04.613000 3802565 site-packages/torch/_dynamo/convert_frame.py:1125]     return compile_fx(model_, inputs_, config_patches=self.config)
W0318 12:13:04.613000 3802565 site-packages/torch/_dynamo/convert_frame.py:1125]            ^^^^^^^^^^^^^^^^^^^^^^^^^^^^^^^^^^^^^^^^^^^^^^^^^^^^^^^
W0318 12:13:04.613000 3802565 site-packages/torch/_dynamo/convert_frame.py:1125]   File "/home/drozdovdan/miniconda3/lib/python3.12/site-packages/torch/_inductor/compile_fx.py", line 1521, in compile_fx
W0318 12:13:04.613000 3802565 site-packages/torch/_dynamo/convert_frame.py:1125]     return aot_autograd(
W0318 12:13:04.613000 3802565 site-packages/torch/_dynamo/convert_frame.py:1125]            ^^^^^^^^^^^^^
W0318 12:13:04.613000 3802565 site-packages/torch/_dynamo/convert_frame.py:1125]   File "/home/drozdovdan/miniconda3/lib/python3.12/site-packages/torch/_dynamo/backends/common.py", line 72, in __call__
W0318 12:13:04.613000 3802565 site-packages/torch/_dynamo/convert_frame.py:1125]     cg = aot_module_simplified(gm, example_inputs, **self.kwargs)
W0318 12:13:04.613000 3802565 site-packages/torch/_dynamo/convert_frame.py:1125]          ^^^^^^^^^^^^^^^^^^^^^^^^^^^^^^^^^^^^^^^^^^^^^^^^^^^^^^^^
W0318 12:13:04.613000 3802565 site-packages/torch/_dynamo/convert_frame.py:1125]   File "/home/drozdovdan/miniconda3/lib/python3.12/site-packages/torch/_functorch/aot_autograd.py", line 1071, in aot_module_simplified
W0318 12:13:04.613000 3802565 site-packages/torch/_dynamo/convert_frame.py:1125]     compiled_fn = dispatch_and_compile()
W0318 12:13:04.613000 3802565 site-packages/torch/_dynamo/convert_frame.py:1125]                   ^^^^^^^^^^^^^^^^^^^^^^
W0318 12:13:04.613000 3802565 site-packages/torch/_dynamo/convert_frame.py:1125]   File "/home/drozdovdan/miniconda3/lib/python3.12/site-packages/torch/_functorch/aot_autograd.py", line 1056, in dispatch_and_compile
W0318 12:13:04.613000 3802565 site-packages/torch/_dynamo/convert_frame.py:1125]     compiled_fn, _ = create_aot_dispatcher_function(
W0318 12:13:04.613000 3802565 site-packages/torch/_dynamo/convert_frame.py:1125]                      ^^^^^^^^^^^^^^^^^^^^^^^^^^^^^^^
W0318 12:13:04.613000 3802565 site-packages/torch/_dynamo/convert_frame.py:1125]   File "/home/drozdovdan/miniconda3/lib/python3.12/site-packages/torch/_functorch/aot_autograd.py", line 522, in create_aot_dispatcher_function
W0318 12:13:04.613000 3802565 site-packages/torch/_dynamo/convert_frame.py:1125]     return _create_aot_dispatcher_function(
W0318 12:13:04.613000 3802565 site-packages/torch/_dynamo/convert_frame.py:1125]            ^^^^^^^^^^^^^^^^^^^^^^^^^^^^^^^^
W0318 12:13:04.613000 3802565 site-packages/torch/_dynamo/convert_frame.py:1125]   File "/home/drozdovdan/miniconda3/lib/python3.12/site-packages/torch/_functorch/aot_autograd.py", line 759, in _create_aot_dispatcher_function
W0318 12:13:04.613000 3802565 site-packages/torch/_dynamo/convert_frame.py:1125]     compiled_fn, fw_metadata = compiler_fn(
W0318 12:13:04.613000 3802565 site-packages/torch/_dynamo/convert_frame.py:1125]                                ^^^^^^^^^^^^
W0318 12:13:04.613000 3802565 site-packages/torch/_dynamo/convert_frame.py:1125]   File "/home/drozdovdan/miniconda3/lib/python3.12/site-packages/torch/_functorch/_aot_autograd/jit_compile_runtime_wrappers.py", line 179, in aot_dispatch_base
W0318 12:13:04.613000 3802565 site-packages/torch/_dynamo/convert_frame.py:1125]     compiled_fw = compiler(fw_module, updated_flat_args)
W0318 12:13:04.613000 3802565 site-packages/torch/_dynamo/convert_frame.py:1125]                   ^^^^^^^^^^^^^^^^^^^^^^^^^^^^^^^^^^^^^^
W0318 12:13:04.613000 3802565 site-packages/torch/_dynamo/convert_frame.py:1125]   File "/home/drozdovdan/miniconda3/lib/python3.12/site-packages/torch/_inductor/compile_fx.py", line 1350, in fw_compiler_base
W0318 12:13:04.613000 3802565 site-packages/torch/_dynamo/convert_frame.py:1125]     return _fw_compiler_base(model, example_inputs, is_inference)
W0318 12:13:04.613000 3802565 site-packages/torch/_dynamo/convert_frame.py:1125]            ^^^^^^^^^^^^^^^^^^^^^^^^^^^^^^^^^^^^^^^^^^^^^^^^^^^^^^
W0318 12:13:04.613000 3802565 site-packages/torch/_dynamo/convert_frame.py:1125]   File "/home/drozdovdan/miniconda3/lib/python3.12/site-packages/torch/_inductor/compile_fx.py", line 1421, in _fw_compiler_base
W0318 12:13:04.613000 3802565 site-packages/torch/_dynamo/convert_frame.py:1125]     return inner_compile(
W0318 12:13:04.613000 3802565 site-packages/torch/_dynamo/convert_frame.py:1125]            ^^^^^^^^^^^^^^
W0318 12:13:04.613000 3802565 site-packages/torch/_dynamo/convert_frame.py:1125]   File "/home/drozdovdan/miniconda3/lib/python3.12/site-packages/torch/_inductor/compile_fx.py", line 475, in compile_fx_inner
W0318 12:13:04.613000 3802565 site-packages/torch/_dynamo/convert_frame.py:1125]     return wrap_compiler_debug(_compile_fx_inner, compiler_name="inductor")(
W0318 12:13:04.613000 3802565 site-packages/torch/_dynamo/convert_frame.py:1125]            ^^^^^^^^^^^^^^^^^^^^^^^^^^^^^^^^^^^^^^^^^^^^^^^^^^^^^^^^^^^^^^^^^
W0318 12:13:04.613000 3802565 site-packages/torch/_dynamo/convert_frame.py:1125]   File "/home/drozdovdan/miniconda3/lib/python3.12/site-packages/torch/_dynamo/repro/after_aot.py", line 85, in debug_wrapper
W0318 12:13:04.613000 3802565 site-packages/torch/_dynamo/convert_frame.py:1125]     inner_compiled_fn = compiler_fn(gm, example_inputs)
W0318 12:13:04.613000 3802565 site-packages/torch/_dynamo/convert_frame.py:1125]                         ^^^^^^^^^^^^^^^^^^^^^^^^^^^^^^^
W0318 12:13:04.613000 3802565 site-packages/torch/_dynamo/convert_frame.py:1125]   File "/home/drozdovdan/miniconda3/lib/python3.12/site-packages/torch/_inductor/compile_fx.py", line 661, in _compile_fx_inner
W0318 12:13:04.613000 3802565 site-packages/torch/_dynamo/convert_frame.py:1125]     compiled_graph = FxGraphCache.load(
W0318 12:13:04.613000 3802565 site-packages/torch/_dynamo/convert_frame.py:1125]                      ^^^^^^^^^^^^^^^^^^
W0318 12:13:04.613000 3802565 site-packages/torch/_dynamo/convert_frame.py:1125]   File "/home/drozdovdan/miniconda3/lib/python3.12/site-packages/torch/_inductor/codecache.py", line 1334, in load
W0318 12:13:04.613000 3802565 site-packages/torch/_dynamo/convert_frame.py:1125]     compiled_graph = compile_fx_fn(
W0318 12:13:04.613000 3802565 site-packages/torch/_dynamo/convert_frame.py:1125]                      ^^^^^^^^^^^^^^
W0318 12:13:04.613000 3802565 site-packages/torch/_dynamo/convert_frame.py:1125]   File "/home/drozdovdan/miniconda3/lib/python3.12/site-packages/torch/_inductor/compile_fx.py", line 570, in codegen_and_compile
W0318 12:13:04.613000 3802565 site-packages/torch/_dynamo/convert_frame.py:1125]     compiled_graph = fx_codegen_and_compile(gm, example_inputs, **fx_kwargs)
W0318 12:13:04.613000 3802565 site-packages/torch/_dynamo/convert_frame.py:1125]                      ^^^^^^^^^^^^^^^^^^^^^^^^^^^^^^^^^^^^^^^^^^^^^^^^^^^^^^^
W0318 12:13:04.613000 3802565 site-packages/torch/_dynamo/convert_frame.py:1125]   File "/home/drozdovdan/miniconda3/lib/python3.12/site-packages/torch/_inductor/compile_fx.py", line 789, in fx_codegen_and_compile
W0318 12:13:04.613000 3802565 site-packages/torch/_dynamo/convert_frame.py:1125]     _recursive_post_grad_passes(gm, is_inference=is_inference)
W0318 12:13:04.613000 3802565 site-packages/torch/_dynamo/convert_frame.py:1125]   File "/home/drozdovdan/miniconda3/lib/python3.12/site-packages/torch/_inductor/compile_fx.py", line 288, in _recursive_post_grad_passes
W0318 12:13:04.613000 3802565 site-packages/torch/_dynamo/convert_frame.py:1125]     post_grad_passes(gm, is_inference)
W0318 12:13:04.613000 3802565 site-packages/torch/_dynamo/convert_frame.py:1125]   File "/home/drozdovdan/miniconda3/lib/python3.12/site-packages/torch/_inductor/fx_passes/post_grad.py", line 100, in post_grad_passes
W0318 12:13:04.613000 3802565 site-packages/torch/_dynamo/convert_frame.py:1125]     patterns.apply(gm.graph)  # type: ignore[arg-type]
W0318 12:13:04.613000 3802565 site-packages/torch/_dynamo/convert_frame.py:1125]     ^^^^^^^^^^^^^^^^^^^^^^^^
W0318 12:13:04.613000 3802565 site-packages/torch/_dynamo/convert_frame.py:1125]   File "/home/drozdovdan/miniconda3/lib/python3.12/site-packages/torch/_inductor/pattern_matcher.py", line 1729, in apply
W0318 12:13:04.613000 3802565 site-packages/torch/_dynamo/convert_frame.py:1125]     if is_match(m) and entry.extra_check(m):
W0318 12:13:04.613000 3802565 site-packages/torch/_dynamo/convert_frame.py:1125]                        ^^^^^^^^^^^^^^^^^^^^
W0318 12:13:04.613000 3802565 site-packages/torch/_dynamo/convert_frame.py:1125]   File "/home/drozdovdan/miniconda3/lib/python3.12/site-packages/torch/_inductor/fx_passes/quantization.py", line 1448, in fn
W0318 12:13:04.613000 3802565 site-packages/torch/_dynamo/convert_frame.py:1125]     scales = match.kwargs["scales"].meta["val"]
W0318 12:13:04.613000 3802565 site-packages/torch/_dynamo/convert_frame.py:1125]              ^^^^^^^^^^^^^^^^^^^^^^^^^^^
W0318 12:13:04.613000 3802565 site-packages/torch/_dynamo/convert_frame.py:1125] AttributeError: 'float' object has no attribute 'meta'
W0318 12:13:04.613000 3802565 site-packages/torch/_dynamo/convert_frame.py:1125]
W0318 12:13:04.613000 3802565 site-packages/torch/_dynamo/convert_frame.py:1125] The above exception was the direct cause of the following exception:
W0318 12:13:04.613000 3802565 site-packages/torch/_dynamo/convert_frame.py:1125]
W0318 12:13:04.613000 3802565 site-packages/torch/_dynamo/convert_frame.py:1125] Traceback (most recent call last):
W0318 12:13:04.613000 3802565 site-packages/torch/_dynamo/convert_frame.py:1125]   File "/home/drozdovdan/miniconda3/lib/python3.12/site-packages/torch/_dynamo/convert_frame.py", line 1064, in __call__
W0318 12:13:04.613000 3802565 site-packages/torch/_dynamo/convert_frame.py:1125]     result = self._inner_convert(
W0318 12:13:04.613000 3802565 site-packages/torch/_dynamo/convert_frame.py:1125]              ^^^^^^^^^^^^^^^^^^^^
W0318 12:13:04.613000 3802565 site-packages/torch/_dynamo/convert_frame.py:1125]   File "/home/drozdovdan/miniconda3/lib/python3.12/site-packages/torch/_dynamo/convert_frame.py", line 526, in __call__
W0318 12:13:04.613000 3802565 site-packages/torch/_dynamo/convert_frame.py:1125]     return _compile(
W0318 12:13:04.613000 3802565 site-packages/torch/_dynamo/convert_frame.py:1125]            ^^^^^^^^^
W0318 12:13:04.613000 3802565 site-packages/torch/_dynamo/convert_frame.py:1125]   File "/home/drozdovdan/miniconda3/lib/python3.12/site-packages/torch/_dynamo/convert_frame.py", line 924, in _compile
W0318 12:13:04.613000 3802565 site-packages/torch/_dynamo/convert_frame.py:1125]     guarded_code = compile_inner(code, one_graph, hooks, transform)
W0318 12:13:04.613000 3802565 site-packages/torch/_dynamo/convert_frame.py:1125]                    ^^^^^^^^^^^^^^^^^^^^^^^^^^^^^^^^^^^^^^^^^^^^^^^^
W0318 12:13:04.613000 3802565 site-packages/torch/_dynamo/convert_frame.py:1125]   File "/home/drozdovdan/miniconda3/lib/python3.12/site-packages/torch/_dynamo/convert_frame.py", line 666, in compile_inner
W0318 12:13:04.613000 3802565 site-packages/torch/_dynamo/convert_frame.py:1125]     return _compile_inner(code, one_graph, hooks, transform)
W0318 12:13:04.613000 3802565 site-packages/torch/_dynamo/convert_frame.py:1125]            ^^^^^^^^^^^^^^^^^^^^^^^^^^^^^^^^^^^^^^^^^^^^^^^^^
W0318 12:13:04.613000 3802565 site-packages/torch/_dynamo/convert_frame.py:1125]   File "/home/drozdovdan/miniconda3/lib/python3.12/site-packages/torch/_utils_internal.py", line 87, in wrapper_function
W0318 12:13:04.613000 3802565 site-packages/torch/_dynamo/convert_frame.py:1125]     return function(*args, **kwargs)
W0318 12:13:04.613000 3802565 site-packages/torch/_dynamo/convert_frame.py:1125]            ^^^^^^^^^^^^^^^^^^^^^^^^^
W0318 12:13:04.613000 3802565 site-packages/torch/_dynamo/convert_frame.py:1125]   File "/home/drozdovdan/miniconda3/lib/python3.12/site-packages/torch/_dynamo/convert_frame.py", line 699, in _compile_inner
W0318 12:13:04.613000 3802565 site-packages/torch/_dynamo/convert_frame.py:1125]     out_code = transform_code_object(code, transform)
W0318 12:13:04.613000 3802565 site-packages/torch/_dynamo/convert_frame.py:1125]                ^^^^^^^^^^^^^^^^^^^^^^^^^^^^^^^^^^^^^^
W0318 12:13:04.613000 3802565 site-packages/torch/_dynamo/convert_frame.py:1125]   File "/home/drozdovdan/miniconda3/lib/python3.12/site-packages/torch/_dynamo/bytecode_transformation.py", line 1322, in transform_code_object
W0318 12:13:04.613000 3802565 site-packages/torch/_dynamo/convert_frame.py:1125]     transformations(instructions, code_options)
W0318 12:13:04.613000 3802565 site-packages/torch/_dynamo/convert_frame.py:1125]   File "/home/drozdovdan/miniconda3/lib/python3.12/site-packages/torch/_dynamo/convert_frame.py", line 219, in _fn
W0318 12:13:04.613000 3802565 site-packages/torch/_dynamo/convert_frame.py:1125]     return fn(*args, **kwargs)
W0318 12:13:04.613000 3802565 site-packages/torch/_dynamo/convert_frame.py:1125]            ^^^^^^^^^^^^^^^^^^^
W0318 12:13:04.613000 3802565 site-packages/torch/_dynamo/convert_frame.py:1125]   File "/home/drozdovdan/miniconda3/lib/python3.12/site-packages/torch/_dynamo/convert_frame.py", line 634, in transform
W0318 12:13:04.613000 3802565 site-packages/torch/_dynamo/convert_frame.py:1125]     tracer.run()
W0318 12:13:04.613000 3802565 site-packages/torch/_dynamo/convert_frame.py:1125]   File "/home/drozdovdan/miniconda3/lib/python3.12/site-packages/torch/_dynamo/symbolic_convert.py", line 2796, in run
W0318 12:13:04.613000 3802565 site-packages/torch/_dynamo/convert_frame.py:1125]     super().run()
W0318 12:13:04.613000 3802565 site-packages/torch/_dynamo/convert_frame.py:1125]   File "/home/drozdovdan/miniconda3/lib/python3.12/site-packages/torch/_dynamo/symbolic_convert.py", line 983, in run
W0318 12:13:04.613000 3802565 site-packages/torch/_dynamo/convert_frame.py:1125]     while self.step():
W0318 12:13:04.613000 3802565 site-packages/torch/_dynamo/convert_frame.py:1125]           ^^^^^^^^^^^
W0318 12:13:04.613000 3802565 site-packages/torch/_dynamo/convert_frame.py:1125]   File "/home/drozdovdan/miniconda3/lib/python3.12/site-packages/torch/_dynamo/symbolic_convert.py", line 895, in step
W0318 12:13:04.613000 3802565 site-packages/torch/_dynamo/convert_frame.py:1125]     self.dispatch_table[inst.opcode](self, inst)
W0318 12:13:04.613000 3802565 site-packages/torch/_dynamo/convert_frame.py:1125]   File "/home/drozdovdan/miniconda3/lib/python3.12/site-packages/torch/_dynamo/symbolic_convert.py", line 2987, in RETURN_VALUE
W0318 12:13:04.613000 3802565 site-packages/torch/_dynamo/convert_frame.py:1125]     self._return(inst)
W0318 12:13:04.613000 3802565 site-packages/torch/_dynamo/convert_frame.py:1125]   File "/home/drozdovdan/miniconda3/lib/python3.12/site-packages/torch/_dynamo/symbolic_convert.py", line 2972, in _return
W0318 12:13:04.613000 3802565 site-packages/torch/_dynamo/convert_frame.py:1125]     self.output.compile_subgraph(
W0318 12:13:04.613000 3802565 site-packages/torch/_dynamo/convert_frame.py:1125]   File "/home/drozdovdan/miniconda3/lib/python3.12/site-packages/torch/_dynamo/output_graph.py", line 1142, in compile_subgraph
W0318 12:13:04.613000 3802565 site-packages/torch/_dynamo/convert_frame.py:1125]     self.compile_and_call_fx_graph(tx, pass2.graph_output_vars(), root)
W0318 12:13:04.613000 3802565 site-packages/torch/_dynamo/convert_frame.py:1125]   File "/home/drozdovdan/miniconda3/lib/python3.12/site-packages/torch/_dynamo/output_graph.py", line 1369, in compile_and_call_fx_graph
W0318 12:13:04.613000 3802565 site-packages/torch/_dynamo/convert_frame.py:1125]     compiled_fn = self.call_user_compiler(gm)
W0318 12:13:04.613000 3802565 site-packages/torch/_dynamo/convert_frame.py:1125]                   ^^^^^^^^^^^^^^^^^^^^^^^^^^^
W0318 12:13:04.613000 3802565 site-packages/torch/_dynamo/convert_frame.py:1125]   File "/home/drozdovdan/miniconda3/lib/python3.12/site-packages/torch/_dynamo/output_graph.py", line 1416, in call_user_compiler
W0318 12:13:04.613000 3802565 site-packages/torch/_dynamo/convert_frame.py:1125]     return self._call_user_compiler(gm)
W0318 12:13:04.613000 3802565 site-packages/torch/_dynamo/convert_frame.py:1125]            ^^^^^^^^^^^^^^^^^^^^^^^^^^^^
W0318 12:13:04.613000 3802565 site-packages/torch/_dynamo/convert_frame.py:1125]   File "/home/drozdovdan/miniconda3/lib/python3.12/site-packages/torch/_dynamo/output_graph.py", line 1465, in _call_user_compiler
W0318 12:13:04.613000 3802565 site-packages/torch/_dynamo/convert_frame.py:1125]     raise BackendCompilerFailed(self.compiler_fn, e) from e
W0318 12:13:04.613000 3802565 site-packages/torch/_dynamo/convert_frame.py:1125] torch._dynamo.exc.BackendCompilerFailed: backend='inductor' raised:
W0318 12:13:04.613000 3802565 site-packages/torch/_dynamo/convert_frame.py:1125] AttributeError: 'float' object has no attribute 'meta'
W0318 12:13:04.613000 3802565 site-packages/torch/_dynamo/convert_frame.py:1125]
W0318 12:13:04.613000 3802565 site-packages/torch/_dynamo/convert_frame.py:1125] Set TORCH_LOGS="+dynamo" and TORCHDYNAMO_VERBOSE=1 for more information
W0318 12:13:04.613000 3802565 site-packages/torch/_dynamo/convert_frame.py:1125]
W0318 12:13:04.984000 3802565 site-packages/torch/_dynamo/convert_frame.py:1125] WON'T CONVERT forward /home/drozdovdan/Hebb_Adaptation/Hebb_Adaptation_nanoGPT/model.py line 993
W0318 12:13:04.984000 3802565 site-packages/torch/_dynamo/convert_frame.py:1125] due to:
W0318 12:13:04.984000 3802565 site-packages/torch/_dynamo/convert_frame.py:1125] Traceback (most recent call last):
W0318 12:13:04.984000 3802565 site-packages/torch/_dynamo/convert_frame.py:1125]   File "/home/drozdovdan/miniconda3/lib/python3.12/site-packages/torch/_dynamo/output_graph.py", line 1446, in _call_user_compiler
W0318 12:13:04.984000 3802565 site-packages/torch/_dynamo/convert_frame.py:1125]     compiled_fn = compiler_fn(gm, self.example_inputs())
W0318 12:13:04.984000 3802565 site-packages/torch/_dynamo/convert_frame.py:1125]                   ^^^^^^^^^^^^^^^^^^^^^^^^^^^^^^^^^^^^^^
W0318 12:13:04.984000 3802565 site-packages/torch/_dynamo/convert_frame.py:1125]   File "/home/drozdovdan/miniconda3/lib/python3.12/site-packages/torch/_dynamo/repro/after_dynamo.py", line 129, in __call__
W0318 12:13:04.984000 3802565 site-packages/torch/_dynamo/convert_frame.py:1125]     compiled_gm = compiler_fn(gm, example_inputs)
W0318 12:13:04.984000 3802565 site-packages/torch/_dynamo/convert_frame.py:1125]                   ^^^^^^^^^^^^^^^^^^^^^^^^^^^^^^^
W0318 12:13:04.984000 3802565 site-packages/torch/_dynamo/convert_frame.py:1125]   File "/home/drozdovdan/miniconda3/lib/python3.12/site-packages/torch/__init__.py", line 2234, in __call__
W0318 12:13:04.984000 3802565 site-packages/torch/_dynamo/convert_frame.py:1125]     return compile_fx(model_, inputs_, config_patches=self.config)
W0318 12:13:04.984000 3802565 site-packages/torch/_dynamo/convert_frame.py:1125]            ^^^^^^^^^^^^^^^^^^^^^^^^^^^^^^^^^^^^^^^^^^^^^^^^^^^^^^^
W0318 12:13:04.984000 3802565 site-packages/torch/_dynamo/convert_frame.py:1125]   File "/home/drozdovdan/miniconda3/lib/python3.12/site-packages/torch/_inductor/compile_fx.py", line 1521, in compile_fx
W0318 12:13:04.984000 3802565 site-packages/torch/_dynamo/convert_frame.py:1125]     return aot_autograd(
W0318 12:13:04.984000 3802565 site-packages/torch/_dynamo/convert_frame.py:1125]            ^^^^^^^^^^^^^
W0318 12:13:04.984000 3802565 site-packages/torch/_dynamo/convert_frame.py:1125]   File "/home/drozdovdan/miniconda3/lib/python3.12/site-packages/torch/_dynamo/backends/common.py", line 72, in __call__
W0318 12:13:04.984000 3802565 site-packages/torch/_dynamo/convert_frame.py:1125]     cg = aot_module_simplified(gm, example_inputs, **self.kwargs)
W0318 12:13:04.984000 3802565 site-packages/torch/_dynamo/convert_frame.py:1125]          ^^^^^^^^^^^^^^^^^^^^^^^^^^^^^^^^^^^^^^^^^^^^^^^^^^^^^^^^
W0318 12:13:04.984000 3802565 site-packages/torch/_dynamo/convert_frame.py:1125]   File "/home/drozdovdan/miniconda3/lib/python3.12/site-packages/torch/_functorch/aot_autograd.py", line 1071, in aot_module_simplified
W0318 12:13:04.984000 3802565 site-packages/torch/_dynamo/convert_frame.py:1125]     compiled_fn = dispatch_and_compile()
W0318 12:13:04.984000 3802565 site-packages/torch/_dynamo/convert_frame.py:1125]                   ^^^^^^^^^^^^^^^^^^^^^^
W0318 12:13:04.984000 3802565 site-packages/torch/_dynamo/convert_frame.py:1125]   File "/home/drozdovdan/miniconda3/lib/python3.12/site-packages/torch/_functorch/aot_autograd.py", line 1056, in dispatch_and_compile
W0318 12:13:04.984000 3802565 site-packages/torch/_dynamo/convert_frame.py:1125]     compiled_fn, _ = create_aot_dispatcher_function(
W0318 12:13:04.984000 3802565 site-packages/torch/_dynamo/convert_frame.py:1125]                      ^^^^^^^^^^^^^^^^^^^^^^^^^^^^^^^
W0318 12:13:04.984000 3802565 site-packages/torch/_dynamo/convert_frame.py:1125]   File "/home/drozdovdan/miniconda3/lib/python3.12/site-packages/torch/_functorch/aot_autograd.py", line 522, in create_aot_dispatcher_function
W0318 12:13:04.984000 3802565 site-packages/torch/_dynamo/convert_frame.py:1125]     return _create_aot_dispatcher_function(
W0318 12:13:04.984000 3802565 site-packages/torch/_dynamo/convert_frame.py:1125]            ^^^^^^^^^^^^^^^^^^^^^^^^^^^^^^^^
W0318 12:13:04.984000 3802565 site-packages/torch/_dynamo/convert_frame.py:1125]   File "/home/drozdovdan/miniconda3/lib/python3.12/site-packages/torch/_functorch/aot_autograd.py", line 759, in _create_aot_dispatcher_function
W0318 12:13:04.984000 3802565 site-packages/torch/_dynamo/convert_frame.py:1125]     compiled_fn, fw_metadata = compiler_fn(
W0318 12:13:04.984000 3802565 site-packages/torch/_dynamo/convert_frame.py:1125]                                ^^^^^^^^^^^^
W0318 12:13:04.984000 3802565 site-packages/torch/_dynamo/convert_frame.py:1125]   File "/home/drozdovdan/miniconda3/lib/python3.12/site-packages/torch/_functorch/_aot_autograd/jit_compile_runtime_wrappers.py", line 179, in aot_dispatch_base
W0318 12:13:04.984000 3802565 site-packages/torch/_dynamo/convert_frame.py:1125]     compiled_fw = compiler(fw_module, updated_flat_args)
W0318 12:13:04.984000 3802565 site-packages/torch/_dynamo/convert_frame.py:1125]                   ^^^^^^^^^^^^^^^^^^^^^^^^^^^^^^^^^^^^^^
W0318 12:13:04.984000 3802565 site-packages/torch/_dynamo/convert_frame.py:1125]   File "/home/drozdovdan/miniconda3/lib/python3.12/site-packages/torch/_inductor/compile_fx.py", line 1350, in fw_compiler_base
W0318 12:13:04.984000 3802565 site-packages/torch/_dynamo/convert_frame.py:1125]     return _fw_compiler_base(model, example_inputs, is_inference)
W0318 12:13:04.984000 3802565 site-packages/torch/_dynamo/convert_frame.py:1125]            ^^^^^^^^^^^^^^^^^^^^^^^^^^^^^^^^^^^^^^^^^^^^^^^^^^^^^^
W0318 12:13:04.984000 3802565 site-packages/torch/_dynamo/convert_frame.py:1125]   File "/home/drozdovdan/miniconda3/lib/python3.12/site-packages/torch/_inductor/compile_fx.py", line 1421, in _fw_compiler_base
W0318 12:13:04.984000 3802565 site-packages/torch/_dynamo/convert_frame.py:1125]     return inner_compile(
W0318 12:13:04.984000 3802565 site-packages/torch/_dynamo/convert_frame.py:1125]            ^^^^^^^^^^^^^^
W0318 12:13:04.984000 3802565 site-packages/torch/_dynamo/convert_frame.py:1125]   File "/home/drozdovdan/miniconda3/lib/python3.12/site-packages/torch/_inductor/compile_fx.py", line 475, in compile_fx_inner
W0318 12:13:04.984000 3802565 site-packages/torch/_dynamo/convert_frame.py:1125]     return wrap_compiler_debug(_compile_fx_inner, compiler_name="inductor")(
W0318 12:13:04.984000 3802565 site-packages/torch/_dynamo/convert_frame.py:1125]            ^^^^^^^^^^^^^^^^^^^^^^^^^^^^^^^^^^^^^^^^^^^^^^^^^^^^^^^^^^^^^^^^^
W0318 12:13:04.984000 3802565 site-packages/torch/_dynamo/convert_frame.py:1125]   File "/home/drozdovdan/miniconda3/lib/python3.12/site-packages/torch/_dynamo/repro/after_aot.py", line 85, in debug_wrapper
W0318 12:13:04.984000 3802565 site-packages/torch/_dynamo/convert_frame.py:1125]     inner_compiled_fn = compiler_fn(gm, example_inputs)
W0318 12:13:04.984000 3802565 site-packages/torch/_dynamo/convert_frame.py:1125]                         ^^^^^^^^^^^^^^^^^^^^^^^^^^^^^^^
W0318 12:13:04.984000 3802565 site-packages/torch/_dynamo/convert_frame.py:1125]   File "/home/drozdovdan/miniconda3/lib/python3.12/site-packages/torch/_inductor/compile_fx.py", line 661, in _compile_fx_inner
W0318 12:13:04.984000 3802565 site-packages/torch/_dynamo/convert_frame.py:1125]     compiled_graph = FxGraphCache.load(
W0318 12:13:04.984000 3802565 site-packages/torch/_dynamo/convert_frame.py:1125]                      ^^^^^^^^^^^^^^^^^^
W0318 12:13:04.984000 3802565 site-packages/torch/_dynamo/convert_frame.py:1125]   File "/home/drozdovdan/miniconda3/lib/python3.12/site-packages/torch/_inductor/codecache.py", line 1334, in load
W0318 12:13:04.984000 3802565 site-packages/torch/_dynamo/convert_frame.py:1125]     compiled_graph = compile_fx_fn(
W0318 12:13:04.984000 3802565 site-packages/torch/_dynamo/convert_frame.py:1125]                      ^^^^^^^^^^^^^^
W0318 12:13:04.984000 3802565 site-packages/torch/_dynamo/convert_frame.py:1125]   File "/home/drozdovdan/miniconda3/lib/python3.12/site-packages/torch/_inductor/compile_fx.py", line 570, in codegen_and_compile
W0318 12:13:04.984000 3802565 site-packages/torch/_dynamo/convert_frame.py:1125]     compiled_graph = fx_codegen_and_compile(gm, example_inputs, **fx_kwargs)
W0318 12:13:04.984000 3802565 site-packages/torch/_dynamo/convert_frame.py:1125]                      ^^^^^^^^^^^^^^^^^^^^^^^^^^^^^^^^^^^^^^^^^^^^^^^^^^^^^^^
W0318 12:13:04.984000 3802565 site-packages/torch/_dynamo/convert_frame.py:1125]   File "/home/drozdovdan/miniconda3/lib/python3.12/site-packages/torch/_inductor/compile_fx.py", line 789, in fx_codegen_and_compile
W0318 12:13:04.984000 3802565 site-packages/torch/_dynamo/convert_frame.py:1125]     _recursive_post_grad_passes(gm, is_inference=is_inference)
W0318 12:13:04.984000 3802565 site-packages/torch/_dynamo/convert_frame.py:1125]   File "/home/drozdovdan/miniconda3/lib/python3.12/site-packages/torch/_inductor/compile_fx.py", line 288, in _recursive_post_grad_passes
W0318 12:13:04.984000 3802565 site-packages/torch/_dynamo/convert_frame.py:1125]     post_grad_passes(gm, is_inference)
W0318 12:13:04.984000 3802565 site-packages/torch/_dynamo/convert_frame.py:1125]   File "/home/drozdovdan/miniconda3/lib/python3.12/site-packages/torch/_inductor/fx_passes/post_grad.py", line 100, in post_grad_passes
W0318 12:13:04.984000 3802565 site-packages/torch/_dynamo/convert_frame.py:1125]     patterns.apply(gm.graph)  # type: ignore[arg-type]
W0318 12:13:04.984000 3802565 site-packages/torch/_dynamo/convert_frame.py:1125]     ^^^^^^^^^^^^^^^^^^^^^^^^
W0318 12:13:04.984000 3802565 site-packages/torch/_dynamo/convert_frame.py:1125]   File "/home/drozdovdan/miniconda3/lib/python3.12/site-packages/torch/_inductor/pattern_matcher.py", line 1729, in apply
W0318 12:13:04.984000 3802565 site-packages/torch/_dynamo/convert_frame.py:1125]     if is_match(m) and entry.extra_check(m):
W0318 12:13:04.984000 3802565 site-packages/torch/_dynamo/convert_frame.py:1125]                        ^^^^^^^^^^^^^^^^^^^^
W0318 12:13:04.984000 3802565 site-packages/torch/_dynamo/convert_frame.py:1125]   File "/home/drozdovdan/miniconda3/lib/python3.12/site-packages/torch/_inductor/fx_passes/quantization.py", line 1448, in fn
W0318 12:13:04.984000 3802565 site-packages/torch/_dynamo/convert_frame.py:1125]     scales = match.kwargs["scales"].meta["val"]
W0318 12:13:04.984000 3802565 site-packages/torch/_dynamo/convert_frame.py:1125]              ^^^^^^^^^^^^^^^^^^^^^^^^^^^
W0318 12:13:04.984000 3802565 site-packages/torch/_dynamo/convert_frame.py:1125] AttributeError: 'float' object has no attribute 'meta'
W0318 12:13:04.984000 3802565 site-packages/torch/_dynamo/convert_frame.py:1125]
W0318 12:13:04.984000 3802565 site-packages/torch/_dynamo/convert_frame.py:1125] The above exception was the direct cause of the following exception:
W0318 12:13:04.984000 3802565 site-packages/torch/_dynamo/convert_frame.py:1125]
W0318 12:13:04.984000 3802565 site-packages/torch/_dynamo/convert_frame.py:1125] Traceback (most recent call last):
W0318 12:13:04.984000 3802565 site-packages/torch/_dynamo/convert_frame.py:1125]   File "/home/drozdovdan/miniconda3/lib/python3.12/site-packages/torch/_dynamo/convert_frame.py", line 1064, in __call__
W0318 12:13:04.984000 3802565 site-packages/torch/_dynamo/convert_frame.py:1125]     result = self._inner_convert(
W0318 12:13:04.984000 3802565 site-packages/torch/_dynamo/convert_frame.py:1125]              ^^^^^^^^^^^^^^^^^^^^
W0318 12:13:04.984000 3802565 site-packages/torch/_dynamo/convert_frame.py:1125]   File "/home/drozdovdan/miniconda3/lib/python3.12/site-packages/torch/_dynamo/convert_frame.py", line 526, in __call__
W0318 12:13:04.984000 3802565 site-packages/torch/_dynamo/convert_frame.py:1125]     return _compile(
W0318 12:13:04.984000 3802565 site-packages/torch/_dynamo/convert_frame.py:1125]            ^^^^^^^^^
W0318 12:13:04.984000 3802565 site-packages/torch/_dynamo/convert_frame.py:1125]   File "/home/drozdovdan/miniconda3/lib/python3.12/site-packages/torch/_dynamo/convert_frame.py", line 924, in _compile
W0318 12:13:04.984000 3802565 site-packages/torch/_dynamo/convert_frame.py:1125]     guarded_code = compile_inner(code, one_graph, hooks, transform)
W0318 12:13:04.984000 3802565 site-packages/torch/_dynamo/convert_frame.py:1125]                    ^^^^^^^^^^^^^^^^^^^^^^^^^^^^^^^^^^^^^^^^^^^^^^^^
W0318 12:13:04.984000 3802565 site-packages/torch/_dynamo/convert_frame.py:1125]   File "/home/drozdovdan/miniconda3/lib/python3.12/site-packages/torch/_dynamo/convert_frame.py", line 666, in compile_inner
W0318 12:13:04.984000 3802565 site-packages/torch/_dynamo/convert_frame.py:1125]     return _compile_inner(code, one_graph, hooks, transform)
W0318 12:13:04.984000 3802565 site-packages/torch/_dynamo/convert_frame.py:1125]            ^^^^^^^^^^^^^^^^^^^^^^^^^^^^^^^^^^^^^^^^^^^^^^^^^
W0318 12:13:04.984000 3802565 site-packages/torch/_dynamo/convert_frame.py:1125]   File "/home/drozdovdan/miniconda3/lib/python3.12/site-packages/torch/_utils_internal.py", line 87, in wrapper_function
W0318 12:13:04.984000 3802565 site-packages/torch/_dynamo/convert_frame.py:1125]     return function(*args, **kwargs)
W0318 12:13:04.984000 3802565 site-packages/torch/_dynamo/convert_frame.py:1125]            ^^^^^^^^^^^^^^^^^^^^^^^^^
W0318 12:13:04.984000 3802565 site-packages/torch/_dynamo/convert_frame.py:1125]   File "/home/drozdovdan/miniconda3/lib/python3.12/site-packages/torch/_dynamo/convert_frame.py", line 699, in _compile_inner
W0318 12:13:04.984000 3802565 site-packages/torch/_dynamo/convert_frame.py:1125]     out_code = transform_code_object(code, transform)
W0318 12:13:04.984000 3802565 site-packages/torch/_dynamo/convert_frame.py:1125]                ^^^^^^^^^^^^^^^^^^^^^^^^^^^^^^^^^^^^^^
W0318 12:13:04.984000 3802565 site-packages/torch/_dynamo/convert_frame.py:1125]   File "/home/drozdovdan/miniconda3/lib/python3.12/site-packages/torch/_dynamo/bytecode_transformation.py", line 1322, in transform_code_object
W0318 12:13:04.984000 3802565 site-packages/torch/_dynamo/convert_frame.py:1125]     transformations(instructions, code_options)
W0318 12:13:04.984000 3802565 site-packages/torch/_dynamo/convert_frame.py:1125]   File "/home/drozdovdan/miniconda3/lib/python3.12/site-packages/torch/_dynamo/convert_frame.py", line 219, in _fn
W0318 12:13:04.984000 3802565 site-packages/torch/_dynamo/convert_frame.py:1125]     return fn(*args, **kwargs)
W0318 12:13:04.984000 3802565 site-packages/torch/_dynamo/convert_frame.py:1125]            ^^^^^^^^^^^^^^^^^^^
W0318 12:13:04.984000 3802565 site-packages/torch/_dynamo/convert_frame.py:1125]   File "/home/drozdovdan/miniconda3/lib/python3.12/site-packages/torch/_dynamo/convert_frame.py", line 634, in transform
W0318 12:13:04.984000 3802565 site-packages/torch/_dynamo/convert_frame.py:1125]     tracer.run()
W0318 12:13:04.984000 3802565 site-packages/torch/_dynamo/convert_frame.py:1125]   File "/home/drozdovdan/miniconda3/lib/python3.12/site-packages/torch/_dynamo/symbolic_convert.py", line 2796, in run
W0318 12:13:04.984000 3802565 site-packages/torch/_dynamo/convert_frame.py:1125]     super().run()
W0318 12:13:04.984000 3802565 site-packages/torch/_dynamo/convert_frame.py:1125]   File "/home/drozdovdan/miniconda3/lib/python3.12/site-packages/torch/_dynamo/symbolic_convert.py", line 983, in run
W0318 12:13:04.984000 3802565 site-packages/torch/_dynamo/convert_frame.py:1125]     while self.step():
W0318 12:13:04.984000 3802565 site-packages/torch/_dynamo/convert_frame.py:1125]           ^^^^^^^^^^^
W0318 12:13:04.984000 3802565 site-packages/torch/_dynamo/convert_frame.py:1125]   File "/home/drozdovdan/miniconda3/lib/python3.12/site-packages/torch/_dynamo/symbolic_convert.py", line 895, in step
W0318 12:13:04.984000 3802565 site-packages/torch/_dynamo/convert_frame.py:1125]     self.dispatch_table[inst.opcode](self, inst)
W0318 12:13:04.984000 3802565 site-packages/torch/_dynamo/convert_frame.py:1125]   File "/home/drozdovdan/miniconda3/lib/python3.12/site-packages/torch/_dynamo/symbolic_convert.py", line 2987, in RETURN_VALUE
W0318 12:13:04.984000 3802565 site-packages/torch/_dynamo/convert_frame.py:1125]     self._return(inst)
W0318 12:13:04.984000 3802565 site-packages/torch/_dynamo/convert_frame.py:1125]   File "/home/drozdovdan/miniconda3/lib/python3.12/site-packages/torch/_dynamo/symbolic_convert.py", line 2972, in _return
W0318 12:13:04.984000 3802565 site-packages/torch/_dynamo/convert_frame.py:1125]     self.output.compile_subgraph(
W0318 12:13:04.984000 3802565 site-packages/torch/_dynamo/convert_frame.py:1125]   File "/home/drozdovdan/miniconda3/lib/python3.12/site-packages/torch/_dynamo/output_graph.py", line 1142, in compile_subgraph
W0318 12:13:04.984000 3802565 site-packages/torch/_dynamo/convert_frame.py:1125]     self.compile_and_call_fx_graph(tx, pass2.graph_output_vars(), root)
W0318 12:13:04.984000 3802565 site-packages/torch/_dynamo/convert_frame.py:1125]   File "/home/drozdovdan/miniconda3/lib/python3.12/site-packages/torch/_dynamo/output_graph.py", line 1369, in compile_and_call_fx_graph
W0318 12:13:04.984000 3802565 site-packages/torch/_dynamo/convert_frame.py:1125]     compiled_fn = self.call_user_compiler(gm)
W0318 12:13:04.984000 3802565 site-packages/torch/_dynamo/convert_frame.py:1125]                   ^^^^^^^^^^^^^^^^^^^^^^^^^^^
W0318 12:13:04.984000 3802565 site-packages/torch/_dynamo/convert_frame.py:1125]   File "/home/drozdovdan/miniconda3/lib/python3.12/site-packages/torch/_dynamo/output_graph.py", line 1416, in call_user_compiler
W0318 12:13:04.984000 3802565 site-packages/torch/_dynamo/convert_frame.py:1125]     return self._call_user_compiler(gm)
W0318 12:13:04.984000 3802565 site-packages/torch/_dynamo/convert_frame.py:1125]            ^^^^^^^^^^^^^^^^^^^^^^^^^^^^
W0318 12:13:04.984000 3802565 site-packages/torch/_dynamo/convert_frame.py:1125]   File "/home/drozdovdan/miniconda3/lib/python3.12/site-packages/torch/_dynamo/output_graph.py", line 1465, in _call_user_compiler
W0318 12:13:04.984000 3802565 site-packages/torch/_dynamo/convert_frame.py:1125]     raise BackendCompilerFailed(self.compiler_fn, e) from e
W0318 12:13:04.984000 3802565 site-packages/torch/_dynamo/convert_frame.py:1125] torch._dynamo.exc.BackendCompilerFailed: backend='inductor' raised:
W0318 12:13:04.984000 3802565 site-packages/torch/_dynamo/convert_frame.py:1125] AttributeError: 'float' object has no attribute 'meta'
W0318 12:13:04.984000 3802565 site-packages/torch/_dynamo/convert_frame.py:1125]
W0318 12:13:04.984000 3802565 site-packages/torch/_dynamo/convert_frame.py:1125] Set TORCH_LOGS="+dynamo" and TORCHDYNAMO_VERBOSE=1 for more information
W0318 12:13:04.984000 3802565 site-packages/torch/_dynamo/convert_frame.py:1125]
W0318 12:13:04.984000 3802565 site-packages/torch/_dynamo/convert_frame.py:1125] Traceback (most recent call last):
W0318 12:13:04.984000 3802565 site-packages/torch/_dynamo/convert_frame.py:1125]   File "/home/drozdovdan/miniconda3/lib/python3.12/site-packages/torch/_dynamo/output_graph.py", line 1446, in _call_user_compiler
W0318 12:13:04.984000 3802565 site-packages/torch/_dynamo/convert_frame.py:1125]     compiled_fn = compiler_fn(gm, self.example_inputs())
W0318 12:13:04.984000 3802565 site-packages/torch/_dynamo/convert_frame.py:1125]                   ^^^^^^^^^^^^^^^^^^^^^^^^^^^^^^^^^^^^^^
W0318 12:13:04.984000 3802565 site-packages/torch/_dynamo/convert_frame.py:1125]   File "/home/drozdovdan/miniconda3/lib/python3.12/site-packages/torch/_dynamo/repro/after_dynamo.py", line 129, in __call__
W0318 12:13:04.984000 3802565 site-packages/torch/_dynamo/convert_frame.py:1125]     compiled_gm = compiler_fn(gm, example_inputs)
W0318 12:13:04.984000 3802565 site-packages/torch/_dynamo/convert_frame.py:1125]                   ^^^^^^^^^^^^^^^^^^^^^^^^^^^^^^^
W0318 12:13:04.984000 3802565 site-packages/torch/_dynamo/convert_frame.py:1125]   File "/home/drozdovdan/miniconda3/lib/python3.12/site-packages/torch/__init__.py", line 2234, in __call__
W0318 12:13:04.984000 3802565 site-packages/torch/_dynamo/convert_frame.py:1125]     return compile_fx(model_, inputs_, config_patches=self.config)
W0318 12:13:04.984000 3802565 site-packages/torch/_dynamo/convert_frame.py:1125]            ^^^^^^^^^^^^^^^^^^^^^^^^^^^^^^^^^^^^^^^^^^^^^^^^^^^^^^^
W0318 12:13:04.984000 3802565 site-packages/torch/_dynamo/convert_frame.py:1125]   File "/home/drozdovdan/miniconda3/lib/python3.12/site-packages/torch/_inductor/compile_fx.py", line 1521, in compile_fx
W0318 12:13:04.984000 3802565 site-packages/torch/_dynamo/convert_frame.py:1125]     return aot_autograd(
W0318 12:13:04.984000 3802565 site-packages/torch/_dynamo/convert_frame.py:1125]            ^^^^^^^^^^^^^
W0318 12:13:04.984000 3802565 site-packages/torch/_dynamo/convert_frame.py:1125]   File "/home/drozdovdan/miniconda3/lib/python3.12/site-packages/torch/_dynamo/backends/common.py", line 72, in __call__
W0318 12:13:04.984000 3802565 site-packages/torch/_dynamo/convert_frame.py:1125]     cg = aot_module_simplified(gm, example_inputs, **self.kwargs)
W0318 12:13:04.984000 3802565 site-packages/torch/_dynamo/convert_frame.py:1125]          ^^^^^^^^^^^^^^^^^^^^^^^^^^^^^^^^^^^^^^^^^^^^^^^^^^^^^^^^
W0318 12:13:04.984000 3802565 site-packages/torch/_dynamo/convert_frame.py:1125]   File "/home/drozdovdan/miniconda3/lib/python3.12/site-packages/torch/_functorch/aot_autograd.py", line 1071, in aot_module_simplified
W0318 12:13:04.984000 3802565 site-packages/torch/_dynamo/convert_frame.py:1125]     compiled_fn = dispatch_and_compile()
W0318 12:13:04.984000 3802565 site-packages/torch/_dynamo/convert_frame.py:1125]                   ^^^^^^^^^^^^^^^^^^^^^^
W0318 12:13:04.984000 3802565 site-packages/torch/_dynamo/convert_frame.py:1125]   File "/home/drozdovdan/miniconda3/lib/python3.12/site-packages/torch/_functorch/aot_autograd.py", line 1056, in dispatch_and_compile
W0318 12:13:04.984000 3802565 site-packages/torch/_dynamo/convert_frame.py:1125]     compiled_fn, _ = create_aot_dispatcher_function(
W0318 12:13:04.984000 3802565 site-packages/torch/_dynamo/convert_frame.py:1125]                      ^^^^^^^^^^^^^^^^^^^^^^^^^^^^^^^
W0318 12:13:04.984000 3802565 site-packages/torch/_dynamo/convert_frame.py:1125]   File "/home/drozdovdan/miniconda3/lib/python3.12/site-packages/torch/_functorch/aot_autograd.py", line 522, in create_aot_dispatcher_function
W0318 12:13:04.984000 3802565 site-packages/torch/_dynamo/convert_frame.py:1125]     return _create_aot_dispatcher_function(
W0318 12:13:04.984000 3802565 site-packages/torch/_dynamo/convert_frame.py:1125]            ^^^^^^^^^^^^^^^^^^^^^^^^^^^^^^^^
W0318 12:13:04.984000 3802565 site-packages/torch/_dynamo/convert_frame.py:1125]   File "/home/drozdovdan/miniconda3/lib/python3.12/site-packages/torch/_functorch/aot_autograd.py", line 759, in _create_aot_dispatcher_function
W0318 12:13:04.984000 3802565 site-packages/torch/_dynamo/convert_frame.py:1125]     compiled_fn, fw_metadata = compiler_fn(
W0318 12:13:04.984000 3802565 site-packages/torch/_dynamo/convert_frame.py:1125]                                ^^^^^^^^^^^^
W0318 12:13:04.984000 3802565 site-packages/torch/_dynamo/convert_frame.py:1125]   File "/home/drozdovdan/miniconda3/lib/python3.12/site-packages/torch/_functorch/_aot_autograd/jit_compile_runtime_wrappers.py", line 179, in aot_dispatch_base
W0318 12:13:04.984000 3802565 site-packages/torch/_dynamo/convert_frame.py:1125]     compiled_fw = compiler(fw_module, updated_flat_args)
W0318 12:13:04.984000 3802565 site-packages/torch/_dynamo/convert_frame.py:1125]                   ^^^^^^^^^^^^^^^^^^^^^^^^^^^^^^^^^^^^^^
W0318 12:13:04.984000 3802565 site-packages/torch/_dynamo/convert_frame.py:1125]   File "/home/drozdovdan/miniconda3/lib/python3.12/site-packages/torch/_inductor/compile_fx.py", line 1350, in fw_compiler_base
W0318 12:13:04.984000 3802565 site-packages/torch/_dynamo/convert_frame.py:1125]     return _fw_compiler_base(model, example_inputs, is_inference)
W0318 12:13:04.984000 3802565 site-packages/torch/_dynamo/convert_frame.py:1125]            ^^^^^^^^^^^^^^^^^^^^^^^^^^^^^^^^^^^^^^^^^^^^^^^^^^^^^^
W0318 12:13:04.984000 3802565 site-packages/torch/_dynamo/convert_frame.py:1125]   File "/home/drozdovdan/miniconda3/lib/python3.12/site-packages/torch/_inductor/compile_fx.py", line 1421, in _fw_compiler_base
W0318 12:13:04.984000 3802565 site-packages/torch/_dynamo/convert_frame.py:1125]     return inner_compile(
W0318 12:13:04.984000 3802565 site-packages/torch/_dynamo/convert_frame.py:1125]            ^^^^^^^^^^^^^^
W0318 12:13:04.984000 3802565 site-packages/torch/_dynamo/convert_frame.py:1125]   File "/home/drozdovdan/miniconda3/lib/python3.12/site-packages/torch/_inductor/compile_fx.py", line 475, in compile_fx_inner
W0318 12:13:04.984000 3802565 site-packages/torch/_dynamo/convert_frame.py:1125]     return wrap_compiler_debug(_compile_fx_inner, compiler_name="inductor")(
W0318 12:13:04.984000 3802565 site-packages/torch/_dynamo/convert_frame.py:1125]            ^^^^^^^^^^^^^^^^^^^^^^^^^^^^^^^^^^^^^^^^^^^^^^^^^^^^^^^^^^^^^^^^^
W0318 12:13:04.984000 3802565 site-packages/torch/_dynamo/convert_frame.py:1125]   File "/home/drozdovdan/miniconda3/lib/python3.12/site-packages/torch/_dynamo/repro/after_aot.py", line 85, in debug_wrapper
W0318 12:13:04.984000 3802565 site-packages/torch/_dynamo/convert_frame.py:1125]     inner_compiled_fn = compiler_fn(gm, example_inputs)
W0318 12:13:04.984000 3802565 site-packages/torch/_dynamo/convert_frame.py:1125]                         ^^^^^^^^^^^^^^^^^^^^^^^^^^^^^^^
W0318 12:13:04.984000 3802565 site-packages/torch/_dynamo/convert_frame.py:1125]   File "/home/drozdovdan/miniconda3/lib/python3.12/site-packages/torch/_inductor/compile_fx.py", line 661, in _compile_fx_inner
W0318 12:13:04.984000 3802565 site-packages/torch/_dynamo/convert_frame.py:1125]     compiled_graph = FxGraphCache.load(
W0318 12:13:04.984000 3802565 site-packages/torch/_dynamo/convert_frame.py:1125]                      ^^^^^^^^^^^^^^^^^^
W0318 12:13:04.984000 3802565 site-packages/torch/_dynamo/convert_frame.py:1125]   File "/home/drozdovdan/miniconda3/lib/python3.12/site-packages/torch/_inductor/codecache.py", line 1334, in load
W0318 12:13:04.984000 3802565 site-packages/torch/_dynamo/convert_frame.py:1125]     compiled_graph = compile_fx_fn(
W0318 12:13:04.984000 3802565 site-packages/torch/_dynamo/convert_frame.py:1125]                      ^^^^^^^^^^^^^^
W0318 12:13:04.984000 3802565 site-packages/torch/_dynamo/convert_frame.py:1125]   File "/home/drozdovdan/miniconda3/lib/python3.12/site-packages/torch/_inductor/compile_fx.py", line 570, in codegen_and_compile
W0318 12:13:04.984000 3802565 site-packages/torch/_dynamo/convert_frame.py:1125]     compiled_graph = fx_codegen_and_compile(gm, example_inputs, **fx_kwargs)
W0318 12:13:04.984000 3802565 site-packages/torch/_dynamo/convert_frame.py:1125]                      ^^^^^^^^^^^^^^^^^^^^^^^^^^^^^^^^^^^^^^^^^^^^^^^^^^^^^^^
W0318 12:13:04.984000 3802565 site-packages/torch/_dynamo/convert_frame.py:1125]   File "/home/drozdovdan/miniconda3/lib/python3.12/site-packages/torch/_inductor/compile_fx.py", line 789, in fx_codegen_and_compile
W0318 12:13:04.984000 3802565 site-packages/torch/_dynamo/convert_frame.py:1125]     _recursive_post_grad_passes(gm, is_inference=is_inference)
W0318 12:13:04.984000 3802565 site-packages/torch/_dynamo/convert_frame.py:1125]   File "/home/drozdovdan/miniconda3/lib/python3.12/site-packages/torch/_inductor/compile_fx.py", line 288, in _recursive_post_grad_passes
W0318 12:13:04.984000 3802565 site-packages/torch/_dynamo/convert_frame.py:1125]     post_grad_passes(gm, is_inference)
W0318 12:13:04.984000 3802565 site-packages/torch/_dynamo/convert_frame.py:1125]   File "/home/drozdovdan/miniconda3/lib/python3.12/site-packages/torch/_inductor/fx_passes/post_grad.py", line 100, in post_grad_passes
W0318 12:13:04.984000 3802565 site-packages/torch/_dynamo/convert_frame.py:1125]     patterns.apply(gm.graph)  # type: ignore[arg-type]
W0318 12:13:04.984000 3802565 site-packages/torch/_dynamo/convert_frame.py:1125]     ^^^^^^^^^^^^^^^^^^^^^^^^
W0318 12:13:04.984000 3802565 site-packages/torch/_dynamo/convert_frame.py:1125]   File "/home/drozdovdan/miniconda3/lib/python3.12/site-packages/torch/_inductor/pattern_matcher.py", line 1729, in apply
W0318 12:13:04.984000 3802565 site-packages/torch/_dynamo/convert_frame.py:1125]     if is_match(m) and entry.extra_check(m):
W0318 12:13:04.984000 3802565 site-packages/torch/_dynamo/convert_frame.py:1125]                        ^^^^^^^^^^^^^^^^^^^^
W0318 12:13:04.984000 3802565 site-packages/torch/_dynamo/convert_frame.py:1125]   File "/home/drozdovdan/miniconda3/lib/python3.12/site-packages/torch/_inductor/fx_passes/quantization.py", line 1448, in fn
W0318 12:13:04.984000 3802565 site-packages/torch/_dynamo/convert_frame.py:1125]     scales = match.kwargs["scales"].meta["val"]
W0318 12:13:04.984000 3802565 site-packages/torch/_dynamo/convert_frame.py:1125]              ^^^^^^^^^^^^^^^^^^^^^^^^^^^
W0318 12:13:04.984000 3802565 site-packages/torch/_dynamo/convert_frame.py:1125] AttributeError: 'float' object has no attribute 'meta'
W0318 12:13:04.984000 3802565 site-packages/torch/_dynamo/convert_frame.py:1125]
W0318 12:13:04.984000 3802565 site-packages/torch/_dynamo/convert_frame.py:1125] The above exception was the direct cause of the following exception:
W0318 12:13:04.984000 3802565 site-packages/torch/_dynamo/convert_frame.py:1125]
W0318 12:13:04.984000 3802565 site-packages/torch/_dynamo/convert_frame.py:1125] Traceback (most recent call last):
W0318 12:13:04.984000 3802565 site-packages/torch/_dynamo/convert_frame.py:1125]   File "/home/drozdovdan/miniconda3/lib/python3.12/site-packages/torch/_dynamo/convert_frame.py", line 1064, in __call__
W0318 12:13:04.984000 3802565 site-packages/torch/_dynamo/convert_frame.py:1125]     result = self._inner_convert(
W0318 12:13:04.984000 3802565 site-packages/torch/_dynamo/convert_frame.py:1125]              ^^^^^^^^^^^^^^^^^^^^
W0318 12:13:04.984000 3802565 site-packages/torch/_dynamo/convert_frame.py:1125]   File "/home/drozdovdan/miniconda3/lib/python3.12/site-packages/torch/_dynamo/convert_frame.py", line 526, in __call__
W0318 12:13:04.984000 3802565 site-packages/torch/_dynamo/convert_frame.py:1125]     return _compile(
W0318 12:13:04.984000 3802565 site-packages/torch/_dynamo/convert_frame.py:1125]            ^^^^^^^^^
W0318 12:13:04.984000 3802565 site-packages/torch/_dynamo/convert_frame.py:1125]   File "/home/drozdovdan/miniconda3/lib/python3.12/site-packages/torch/_dynamo/convert_frame.py", line 924, in _compile
W0318 12:13:04.984000 3802565 site-packages/torch/_dynamo/convert_frame.py:1125]     guarded_code = compile_inner(code, one_graph, hooks, transform)
W0318 12:13:04.984000 3802565 site-packages/torch/_dynamo/convert_frame.py:1125]                    ^^^^^^^^^^^^^^^^^^^^^^^^^^^^^^^^^^^^^^^^^^^^^^^^
W0318 12:13:04.984000 3802565 site-packages/torch/_dynamo/convert_frame.py:1125]   File "/home/drozdovdan/miniconda3/lib/python3.12/site-packages/torch/_dynamo/convert_frame.py", line 666, in compile_inner
W0318 12:13:04.984000 3802565 site-packages/torch/_dynamo/convert_frame.py:1125]     return _compile_inner(code, one_graph, hooks, transform)
W0318 12:13:04.984000 3802565 site-packages/torch/_dynamo/convert_frame.py:1125]            ^^^^^^^^^^^^^^^^^^^^^^^^^^^^^^^^^^^^^^^^^^^^^^^^^
W0318 12:13:04.984000 3802565 site-packages/torch/_dynamo/convert_frame.py:1125]   File "/home/drozdovdan/miniconda3/lib/python3.12/site-packages/torch/_utils_internal.py", line 87, in wrapper_function
W0318 12:13:04.984000 3802565 site-packages/torch/_dynamo/convert_frame.py:1125]     return function(*args, **kwargs)
W0318 12:13:04.984000 3802565 site-packages/torch/_dynamo/convert_frame.py:1125]            ^^^^^^^^^^^^^^^^^^^^^^^^^
W0318 12:13:04.984000 3802565 site-packages/torch/_dynamo/convert_frame.py:1125]   File "/home/drozdovdan/miniconda3/lib/python3.12/site-packages/torch/_dynamo/convert_frame.py", line 699, in _compile_inner
W0318 12:13:04.984000 3802565 site-packages/torch/_dynamo/convert_frame.py:1125]     out_code = transform_code_object(code, transform)
W0318 12:13:04.984000 3802565 site-packages/torch/_dynamo/convert_frame.py:1125]                ^^^^^^^^^^^^^^^^^^^^^^^^^^^^^^^^^^^^^^
W0318 12:13:04.984000 3802565 site-packages/torch/_dynamo/convert_frame.py:1125]   File "/home/drozdovdan/miniconda3/lib/python3.12/site-packages/torch/_dynamo/bytecode_transformation.py", line 1322, in transform_code_object
W0318 12:13:04.984000 3802565 site-packages/torch/_dynamo/convert_frame.py:1125]     transformations(instructions, code_options)
W0318 12:13:04.984000 3802565 site-packages/torch/_dynamo/convert_frame.py:1125]   File "/home/drozdovdan/miniconda3/lib/python3.12/site-packages/torch/_dynamo/convert_frame.py", line 219, in _fn
W0318 12:13:04.984000 3802565 site-packages/torch/_dynamo/convert_frame.py:1125]     return fn(*args, **kwargs)
W0318 12:13:04.984000 3802565 site-packages/torch/_dynamo/convert_frame.py:1125]            ^^^^^^^^^^^^^^^^^^^
W0318 12:13:04.984000 3802565 site-packages/torch/_dynamo/convert_frame.py:1125]   File "/home/drozdovdan/miniconda3/lib/python3.12/site-packages/torch/_dynamo/convert_frame.py", line 634, in transform
W0318 12:13:04.984000 3802565 site-packages/torch/_dynamo/convert_frame.py:1125]     tracer.run()
W0318 12:13:04.984000 3802565 site-packages/torch/_dynamo/convert_frame.py:1125]   File "/home/drozdovdan/miniconda3/lib/python3.12/site-packages/torch/_dynamo/symbolic_convert.py", line 2796, in run
W0318 12:13:04.984000 3802565 site-packages/torch/_dynamo/convert_frame.py:1125]     super().run()
W0318 12:13:04.984000 3802565 site-packages/torch/_dynamo/convert_frame.py:1125]   File "/home/drozdovdan/miniconda3/lib/python3.12/site-packages/torch/_dynamo/symbolic_convert.py", line 983, in run
W0318 12:13:04.984000 3802565 site-packages/torch/_dynamo/convert_frame.py:1125]     while self.step():
W0318 12:13:04.984000 3802565 site-packages/torch/_dynamo/convert_frame.py:1125]           ^^^^^^^^^^^
W0318 12:13:04.984000 3802565 site-packages/torch/_dynamo/convert_frame.py:1125]   File "/home/drozdovdan/miniconda3/lib/python3.12/site-packages/torch/_dynamo/symbolic_convert.py", line 895, in step
W0318 12:13:04.984000 3802565 site-packages/torch/_dynamo/convert_frame.py:1125]     self.dispatch_table[inst.opcode](self, inst)
W0318 12:13:04.984000 3802565 site-packages/torch/_dynamo/convert_frame.py:1125]   File "/home/drozdovdan/miniconda3/lib/python3.12/site-packages/torch/_dynamo/symbolic_convert.py", line 2987, in RETURN_VALUE
W0318 12:13:04.984000 3802565 site-packages/torch/_dynamo/convert_frame.py:1125]     self._return(inst)
W0318 12:13:04.984000 3802565 site-packages/torch/_dynamo/convert_frame.py:1125]   File "/home/drozdovdan/miniconda3/lib/python3.12/site-packages/torch/_dynamo/symbolic_convert.py", line 2972, in _return
W0318 12:13:04.984000 3802565 site-packages/torch/_dynamo/convert_frame.py:1125]     self.output.compile_subgraph(
W0318 12:13:04.984000 3802565 site-packages/torch/_dynamo/convert_frame.py:1125]   File "/home/drozdovdan/miniconda3/lib/python3.12/site-packages/torch/_dynamo/output_graph.py", line 1142, in compile_subgraph
W0318 12:13:04.984000 3802565 site-packages/torch/_dynamo/convert_frame.py:1125]     self.compile_and_call_fx_graph(tx, pass2.graph_output_vars(), root)
W0318 12:13:04.984000 3802565 site-packages/torch/_dynamo/convert_frame.py:1125]   File "/home/drozdovdan/miniconda3/lib/python3.12/site-packages/torch/_dynamo/output_graph.py", line 1369, in compile_and_call_fx_graph
W0318 12:13:04.984000 3802565 site-packages/torch/_dynamo/convert_frame.py:1125]     compiled_fn = self.call_user_compiler(gm)
W0318 12:13:04.984000 3802565 site-packages/torch/_dynamo/convert_frame.py:1125]                   ^^^^^^^^^^^^^^^^^^^^^^^^^^^
W0318 12:13:04.984000 3802565 site-packages/torch/_dynamo/convert_frame.py:1125]   File "/home/drozdovdan/miniconda3/lib/python3.12/site-packages/torch/_dynamo/output_graph.py", line 1416, in call_user_compiler
W0318 12:13:04.984000 3802565 site-packages/torch/_dynamo/convert_frame.py:1125]     return self._call_user_compiler(gm)
W0318 12:13:04.984000 3802565 site-packages/torch/_dynamo/convert_frame.py:1125]            ^^^^^^^^^^^^^^^^^^^^^^^^^^^^
W0318 12:13:04.984000 3802565 site-packages/torch/_dynamo/convert_frame.py:1125]   File "/home/drozdovdan/miniconda3/lib/python3.12/site-packages/torch/_dynamo/output_graph.py", line 1465, in _call_user_compiler
W0318 12:13:04.984000 3802565 site-packages/torch/_dynamo/convert_frame.py:1125]     raise BackendCompilerFailed(self.compiler_fn, e) from e
W0318 12:13:04.984000 3802565 site-packages/torch/_dynamo/convert_frame.py:1125] torch._dynamo.exc.BackendCompilerFailed: backend='inductor' raised:
W0318 12:13:04.984000 3802565 site-packages/torch/_dynamo/convert_frame.py:1125] AttributeError: 'float' object has no attribute 'meta'
W0318 12:13:04.984000 3802565 site-packages/torch/_dynamo/convert_frame.py:1125]
W0318 12:13:04.984000 3802565 site-packages/torch/_dynamo/convert_frame.py:1125] Set TORCH_LOGS="+dynamo" and TORCHDYNAMO_VERBOSE=1 for more information
W0318 12:13:04.984000 3802565 site-packages/torch/_dynamo/convert_frame.py:1125]
W0318 12:13:05.364000 3802565 site-packages/torch/_dynamo/convert_frame.py:1125] WON'T CONVERT forward /home/drozdovdan/Hebb_Adaptation/Hebb_Adaptation_nanoGPT/model.py line 950
W0318 12:13:05.364000 3802565 site-packages/torch/_dynamo/convert_frame.py:1125] due to:
W0318 12:13:05.364000 3802565 site-packages/torch/_dynamo/convert_frame.py:1125] Traceback (most recent call last):
W0318 12:13:05.364000 3802565 site-packages/torch/_dynamo/convert_frame.py:1125]   File "/home/drozdovdan/miniconda3/lib/python3.12/site-packages/torch/_dynamo/output_graph.py", line 1446, in _call_user_compiler
W0318 12:13:05.364000 3802565 site-packages/torch/_dynamo/convert_frame.py:1125]     compiled_fn = compiler_fn(gm, self.example_inputs())
W0318 12:13:05.364000 3802565 site-packages/torch/_dynamo/convert_frame.py:1125]                   ^^^^^^^^^^^^^^^^^^^^^^^^^^^^^^^^^^^^^^
W0318 12:13:05.364000 3802565 site-packages/torch/_dynamo/convert_frame.py:1125]   File "/home/drozdovdan/miniconda3/lib/python3.12/site-packages/torch/_dynamo/repro/after_dynamo.py", line 129, in __call__
W0318 12:13:05.364000 3802565 site-packages/torch/_dynamo/convert_frame.py:1125]     compiled_gm = compiler_fn(gm, example_inputs)
W0318 12:13:05.364000 3802565 site-packages/torch/_dynamo/convert_frame.py:1125]                   ^^^^^^^^^^^^^^^^^^^^^^^^^^^^^^^
W0318 12:13:05.364000 3802565 site-packages/torch/_dynamo/convert_frame.py:1125]   File "/home/drozdovdan/miniconda3/lib/python3.12/site-packages/torch/__init__.py", line 2234, in __call__
W0318 12:13:05.364000 3802565 site-packages/torch/_dynamo/convert_frame.py:1125]     return compile_fx(model_, inputs_, config_patches=self.config)
W0318 12:13:05.364000 3802565 site-packages/torch/_dynamo/convert_frame.py:1125]            ^^^^^^^^^^^^^^^^^^^^^^^^^^^^^^^^^^^^^^^^^^^^^^^^^^^^^^^
W0318 12:13:05.364000 3802565 site-packages/torch/_dynamo/convert_frame.py:1125]   File "/home/drozdovdan/miniconda3/lib/python3.12/site-packages/torch/_inductor/compile_fx.py", line 1521, in compile_fx
W0318 12:13:05.364000 3802565 site-packages/torch/_dynamo/convert_frame.py:1125]     return aot_autograd(
W0318 12:13:05.364000 3802565 site-packages/torch/_dynamo/convert_frame.py:1125]            ^^^^^^^^^^^^^
W0318 12:13:05.364000 3802565 site-packages/torch/_dynamo/convert_frame.py:1125]   File "/home/drozdovdan/miniconda3/lib/python3.12/site-packages/torch/_dynamo/backends/common.py", line 72, in __call__
W0318 12:13:05.364000 3802565 site-packages/torch/_dynamo/convert_frame.py:1125]     cg = aot_module_simplified(gm, example_inputs, **self.kwargs)
W0318 12:13:05.364000 3802565 site-packages/torch/_dynamo/convert_frame.py:1125]          ^^^^^^^^^^^^^^^^^^^^^^^^^^^^^^^^^^^^^^^^^^^^^^^^^^^^^^^^
W0318 12:13:05.364000 3802565 site-packages/torch/_dynamo/convert_frame.py:1125]   File "/home/drozdovdan/miniconda3/lib/python3.12/site-packages/torch/_functorch/aot_autograd.py", line 1071, in aot_module_simplified
W0318 12:13:05.364000 3802565 site-packages/torch/_dynamo/convert_frame.py:1125]     compiled_fn = dispatch_and_compile()
W0318 12:13:05.364000 3802565 site-packages/torch/_dynamo/convert_frame.py:1125]                   ^^^^^^^^^^^^^^^^^^^^^^
W0318 12:13:05.364000 3802565 site-packages/torch/_dynamo/convert_frame.py:1125]   File "/home/drozdovdan/miniconda3/lib/python3.12/site-packages/torch/_functorch/aot_autograd.py", line 1056, in dispatch_and_compile
W0318 12:13:05.364000 3802565 site-packages/torch/_dynamo/convert_frame.py:1125]     compiled_fn, _ = create_aot_dispatcher_function(
W0318 12:13:05.364000 3802565 site-packages/torch/_dynamo/convert_frame.py:1125]                      ^^^^^^^^^^^^^^^^^^^^^^^^^^^^^^^
W0318 12:13:05.364000 3802565 site-packages/torch/_dynamo/convert_frame.py:1125]   File "/home/drozdovdan/miniconda3/lib/python3.12/site-packages/torch/_functorch/aot_autograd.py", line 522, in create_aot_dispatcher_function
W0318 12:13:05.364000 3802565 site-packages/torch/_dynamo/convert_frame.py:1125]     return _create_aot_dispatcher_function(
W0318 12:13:05.364000 3802565 site-packages/torch/_dynamo/convert_frame.py:1125]            ^^^^^^^^^^^^^^^^^^^^^^^^^^^^^^^^
W0318 12:13:05.364000 3802565 site-packages/torch/_dynamo/convert_frame.py:1125]   File "/home/drozdovdan/miniconda3/lib/python3.12/site-packages/torch/_functorch/aot_autograd.py", line 759, in _create_aot_dispatcher_function
W0318 12:13:05.364000 3802565 site-packages/torch/_dynamo/convert_frame.py:1125]     compiled_fn, fw_metadata = compiler_fn(
W0318 12:13:05.364000 3802565 site-packages/torch/_dynamo/convert_frame.py:1125]                                ^^^^^^^^^^^^
W0318 12:13:05.364000 3802565 site-packages/torch/_dynamo/convert_frame.py:1125]   File "/home/drozdovdan/miniconda3/lib/python3.12/site-packages/torch/_functorch/_aot_autograd/jit_compile_runtime_wrappers.py", line 179, in aot_dispatch_base
W0318 12:13:05.364000 3802565 site-packages/torch/_dynamo/convert_frame.py:1125]     compiled_fw = compiler(fw_module, updated_flat_args)
W0318 12:13:05.364000 3802565 site-packages/torch/_dynamo/convert_frame.py:1125]                   ^^^^^^^^^^^^^^^^^^^^^^^^^^^^^^^^^^^^^^
W0318 12:13:05.364000 3802565 site-packages/torch/_dynamo/convert_frame.py:1125]   File "/home/drozdovdan/miniconda3/lib/python3.12/site-packages/torch/_inductor/compile_fx.py", line 1350, in fw_compiler_base
W0318 12:13:05.364000 3802565 site-packages/torch/_dynamo/convert_frame.py:1125]     return _fw_compiler_base(model, example_inputs, is_inference)
W0318 12:13:05.364000 3802565 site-packages/torch/_dynamo/convert_frame.py:1125]            ^^^^^^^^^^^^^^^^^^^^^^^^^^^^^^^^^^^^^^^^^^^^^^^^^^^^^^
W0318 12:13:05.364000 3802565 site-packages/torch/_dynamo/convert_frame.py:1125]   File "/home/drozdovdan/miniconda3/lib/python3.12/site-packages/torch/_inductor/compile_fx.py", line 1421, in _fw_compiler_base
W0318 12:13:05.364000 3802565 site-packages/torch/_dynamo/convert_frame.py:1125]     return inner_compile(
W0318 12:13:05.364000 3802565 site-packages/torch/_dynamo/convert_frame.py:1125]            ^^^^^^^^^^^^^^
W0318 12:13:05.364000 3802565 site-packages/torch/_dynamo/convert_frame.py:1125]   File "/home/drozdovdan/miniconda3/lib/python3.12/site-packages/torch/_inductor/compile_fx.py", line 475, in compile_fx_inner
W0318 12:13:05.364000 3802565 site-packages/torch/_dynamo/convert_frame.py:1125]     return wrap_compiler_debug(_compile_fx_inner, compiler_name="inductor")(
W0318 12:13:05.364000 3802565 site-packages/torch/_dynamo/convert_frame.py:1125]            ^^^^^^^^^^^^^^^^^^^^^^^^^^^^^^^^^^^^^^^^^^^^^^^^^^^^^^^^^^^^^^^^^
W0318 12:13:05.364000 3802565 site-packages/torch/_dynamo/convert_frame.py:1125]   File "/home/drozdovdan/miniconda3/lib/python3.12/site-packages/torch/_dynamo/repro/after_aot.py", line 85, in debug_wrapper
W0318 12:13:05.364000 3802565 site-packages/torch/_dynamo/convert_frame.py:1125]     inner_compiled_fn = compiler_fn(gm, example_inputs)
W0318 12:13:05.364000 3802565 site-packages/torch/_dynamo/convert_frame.py:1125]                         ^^^^^^^^^^^^^^^^^^^^^^^^^^^^^^^
W0318 12:13:05.364000 3802565 site-packages/torch/_dynamo/convert_frame.py:1125]   File "/home/drozdovdan/miniconda3/lib/python3.12/site-packages/torch/_inductor/compile_fx.py", line 661, in _compile_fx_inner
W0318 12:13:05.364000 3802565 site-packages/torch/_dynamo/convert_frame.py:1125]     compiled_graph = FxGraphCache.load(
W0318 12:13:05.364000 3802565 site-packages/torch/_dynamo/convert_frame.py:1125]                      ^^^^^^^^^^^^^^^^^^
W0318 12:13:05.364000 3802565 site-packages/torch/_dynamo/convert_frame.py:1125]   File "/home/drozdovdan/miniconda3/lib/python3.12/site-packages/torch/_inductor/codecache.py", line 1334, in load
W0318 12:13:05.364000 3802565 site-packages/torch/_dynamo/convert_frame.py:1125]     compiled_graph = compile_fx_fn(
W0318 12:13:05.364000 3802565 site-packages/torch/_dynamo/convert_frame.py:1125]                      ^^^^^^^^^^^^^^
W0318 12:13:05.364000 3802565 site-packages/torch/_dynamo/convert_frame.py:1125]   File "/home/drozdovdan/miniconda3/lib/python3.12/site-packages/torch/_inductor/compile_fx.py", line 570, in codegen_and_compile
W0318 12:13:05.364000 3802565 site-packages/torch/_dynamo/convert_frame.py:1125]     compiled_graph = fx_codegen_and_compile(gm, example_inputs, **fx_kwargs)
W0318 12:13:05.364000 3802565 site-packages/torch/_dynamo/convert_frame.py:1125]                      ^^^^^^^^^^^^^^^^^^^^^^^^^^^^^^^^^^^^^^^^^^^^^^^^^^^^^^^
W0318 12:13:05.364000 3802565 site-packages/torch/_dynamo/convert_frame.py:1125]   File "/home/drozdovdan/miniconda3/lib/python3.12/site-packages/torch/_inductor/compile_fx.py", line 789, in fx_codegen_and_compile
W0318 12:13:05.364000 3802565 site-packages/torch/_dynamo/convert_frame.py:1125]     _recursive_post_grad_passes(gm, is_inference=is_inference)
W0318 12:13:05.364000 3802565 site-packages/torch/_dynamo/convert_frame.py:1125]   File "/home/drozdovdan/miniconda3/lib/python3.12/site-packages/torch/_inductor/compile_fx.py", line 288, in _recursive_post_grad_passes
W0318 12:13:05.364000 3802565 site-packages/torch/_dynamo/convert_frame.py:1125]     post_grad_passes(gm, is_inference)
W0318 12:13:05.364000 3802565 site-packages/torch/_dynamo/convert_frame.py:1125]   File "/home/drozdovdan/miniconda3/lib/python3.12/site-packages/torch/_inductor/fx_passes/post_grad.py", line 100, in post_grad_passes
W0318 12:13:05.364000 3802565 site-packages/torch/_dynamo/convert_frame.py:1125]     patterns.apply(gm.graph)  # type: ignore[arg-type]
W0318 12:13:05.364000 3802565 site-packages/torch/_dynamo/convert_frame.py:1125]     ^^^^^^^^^^^^^^^^^^^^^^^^
W0318 12:13:05.364000 3802565 site-packages/torch/_dynamo/convert_frame.py:1125]   File "/home/drozdovdan/miniconda3/lib/python3.12/site-packages/torch/_inductor/pattern_matcher.py", line 1729, in apply
W0318 12:13:05.364000 3802565 site-packages/torch/_dynamo/convert_frame.py:1125]     if is_match(m) and entry.extra_check(m):
W0318 12:13:05.364000 3802565 site-packages/torch/_dynamo/convert_frame.py:1125]                        ^^^^^^^^^^^^^^^^^^^^
W0318 12:13:05.364000 3802565 site-packages/torch/_dynamo/convert_frame.py:1125]   File "/home/drozdovdan/miniconda3/lib/python3.12/site-packages/torch/_inductor/fx_passes/quantization.py", line 1448, in fn
W0318 12:13:05.364000 3802565 site-packages/torch/_dynamo/convert_frame.py:1125]     scales = match.kwargs["scales"].meta["val"]
W0318 12:13:05.364000 3802565 site-packages/torch/_dynamo/convert_frame.py:1125]              ^^^^^^^^^^^^^^^^^^^^^^^^^^^
W0318 12:13:05.364000 3802565 site-packages/torch/_dynamo/convert_frame.py:1125] AttributeError: 'float' object has no attribute 'meta'
W0318 12:13:05.364000 3802565 site-packages/torch/_dynamo/convert_frame.py:1125]
W0318 12:13:05.364000 3802565 site-packages/torch/_dynamo/convert_frame.py:1125] The above exception was the direct cause of the following exception:
W0318 12:13:05.364000 3802565 site-packages/torch/_dynamo/convert_frame.py:1125]
W0318 12:13:05.364000 3802565 site-packages/torch/_dynamo/convert_frame.py:1125] Traceback (most recent call last):
W0318 12:13:05.364000 3802565 site-packages/torch/_dynamo/convert_frame.py:1125]   File "/home/drozdovdan/miniconda3/lib/python3.12/site-packages/torch/_dynamo/convert_frame.py", line 1064, in __call__
W0318 12:13:05.364000 3802565 site-packages/torch/_dynamo/convert_frame.py:1125]     result = self._inner_convert(
W0318 12:13:05.364000 3802565 site-packages/torch/_dynamo/convert_frame.py:1125]              ^^^^^^^^^^^^^^^^^^^^
W0318 12:13:05.364000 3802565 site-packages/torch/_dynamo/convert_frame.py:1125]   File "/home/drozdovdan/miniconda3/lib/python3.12/site-packages/torch/_dynamo/convert_frame.py", line 526, in __call__
W0318 12:13:05.364000 3802565 site-packages/torch/_dynamo/convert_frame.py:1125]     return _compile(
W0318 12:13:05.364000 3802565 site-packages/torch/_dynamo/convert_frame.py:1125]            ^^^^^^^^^
W0318 12:13:05.364000 3802565 site-packages/torch/_dynamo/convert_frame.py:1125]   File "/home/drozdovdan/miniconda3/lib/python3.12/site-packages/torch/_dynamo/convert_frame.py", line 924, in _compile
W0318 12:13:05.364000 3802565 site-packages/torch/_dynamo/convert_frame.py:1125]     guarded_code = compile_inner(code, one_graph, hooks, transform)
W0318 12:13:05.364000 3802565 site-packages/torch/_dynamo/convert_frame.py:1125]                    ^^^^^^^^^^^^^^^^^^^^^^^^^^^^^^^^^^^^^^^^^^^^^^^^
W0318 12:13:05.364000 3802565 site-packages/torch/_dynamo/convert_frame.py:1125]   File "/home/drozdovdan/miniconda3/lib/python3.12/site-packages/torch/_dynamo/convert_frame.py", line 666, in compile_inner
W0318 12:13:05.364000 3802565 site-packages/torch/_dynamo/convert_frame.py:1125]     return _compile_inner(code, one_graph, hooks, transform)
W0318 12:13:05.364000 3802565 site-packages/torch/_dynamo/convert_frame.py:1125]            ^^^^^^^^^^^^^^^^^^^^^^^^^^^^^^^^^^^^^^^^^^^^^^^^^
W0318 12:13:05.364000 3802565 site-packages/torch/_dynamo/convert_frame.py:1125]   File "/home/drozdovdan/miniconda3/lib/python3.12/site-packages/torch/_utils_internal.py", line 87, in wrapper_function
W0318 12:13:05.364000 3802565 site-packages/torch/_dynamo/convert_frame.py:1125]     return function(*args, **kwargs)
W0318 12:13:05.364000 3802565 site-packages/torch/_dynamo/convert_frame.py:1125]            ^^^^^^^^^^^^^^^^^^^^^^^^^
W0318 12:13:05.364000 3802565 site-packages/torch/_dynamo/convert_frame.py:1125]   File "/home/drozdovdan/miniconda3/lib/python3.12/site-packages/torch/_dynamo/convert_frame.py", line 699, in _compile_inner
W0318 12:13:05.364000 3802565 site-packages/torch/_dynamo/convert_frame.py:1125]     out_code = transform_code_object(code, transform)
W0318 12:13:05.364000 3802565 site-packages/torch/_dynamo/convert_frame.py:1125]                ^^^^^^^^^^^^^^^^^^^^^^^^^^^^^^^^^^^^^^
W0318 12:13:05.364000 3802565 site-packages/torch/_dynamo/convert_frame.py:1125]   File "/home/drozdovdan/miniconda3/lib/python3.12/site-packages/torch/_dynamo/bytecode_transformation.py", line 1322, in transform_code_object
W0318 12:13:05.364000 3802565 site-packages/torch/_dynamo/convert_frame.py:1125]     transformations(instructions, code_options)
W0318 12:13:05.364000 3802565 site-packages/torch/_dynamo/convert_frame.py:1125]   File "/home/drozdovdan/miniconda3/lib/python3.12/site-packages/torch/_dynamo/convert_frame.py", line 219, in _fn
W0318 12:13:05.364000 3802565 site-packages/torch/_dynamo/convert_frame.py:1125]     return fn(*args, **kwargs)
W0318 12:13:05.364000 3802565 site-packages/torch/_dynamo/convert_frame.py:1125]            ^^^^^^^^^^^^^^^^^^^
W0318 12:13:05.364000 3802565 site-packages/torch/_dynamo/convert_frame.py:1125]   File "/home/drozdovdan/miniconda3/lib/python3.12/site-packages/torch/_dynamo/convert_frame.py", line 634, in transform
W0318 12:13:05.364000 3802565 site-packages/torch/_dynamo/convert_frame.py:1125]     tracer.run()
W0318 12:13:05.364000 3802565 site-packages/torch/_dynamo/convert_frame.py:1125]   File "/home/drozdovdan/miniconda3/lib/python3.12/site-packages/torch/_dynamo/symbolic_convert.py", line 2796, in run
W0318 12:13:05.364000 3802565 site-packages/torch/_dynamo/convert_frame.py:1125]     super().run()
W0318 12:13:05.364000 3802565 site-packages/torch/_dynamo/convert_frame.py:1125]   File "/home/drozdovdan/miniconda3/lib/python3.12/site-packages/torch/_dynamo/symbolic_convert.py", line 983, in run
W0318 12:13:05.364000 3802565 site-packages/torch/_dynamo/convert_frame.py:1125]     while self.step():
W0318 12:13:05.364000 3802565 site-packages/torch/_dynamo/convert_frame.py:1125]           ^^^^^^^^^^^
W0318 12:13:05.364000 3802565 site-packages/torch/_dynamo/convert_frame.py:1125]   File "/home/drozdovdan/miniconda3/lib/python3.12/site-packages/torch/_dynamo/symbolic_convert.py", line 895, in step
W0318 12:13:05.364000 3802565 site-packages/torch/_dynamo/convert_frame.py:1125]     self.dispatch_table[inst.opcode](self, inst)
W0318 12:13:05.364000 3802565 site-packages/torch/_dynamo/convert_frame.py:1125]   File "/home/drozdovdan/miniconda3/lib/python3.12/site-packages/torch/_dynamo/symbolic_convert.py", line 2987, in RETURN_VALUE
W0318 12:13:05.364000 3802565 site-packages/torch/_dynamo/convert_frame.py:1125]     self._return(inst)
W0318 12:13:05.364000 3802565 site-packages/torch/_dynamo/convert_frame.py:1125]   File "/home/drozdovdan/miniconda3/lib/python3.12/site-packages/torch/_dynamo/symbolic_convert.py", line 2972, in _return
W0318 12:13:05.364000 3802565 site-packages/torch/_dynamo/convert_frame.py:1125]     self.output.compile_subgraph(
W0318 12:13:05.364000 3802565 site-packages/torch/_dynamo/convert_frame.py:1125]   File "/home/drozdovdan/miniconda3/lib/python3.12/site-packages/torch/_dynamo/output_graph.py", line 1142, in compile_subgraph
W0318 12:13:05.364000 3802565 site-packages/torch/_dynamo/convert_frame.py:1125]     self.compile_and_call_fx_graph(tx, pass2.graph_output_vars(), root)
W0318 12:13:05.364000 3802565 site-packages/torch/_dynamo/convert_frame.py:1125]   File "/home/drozdovdan/miniconda3/lib/python3.12/site-packages/torch/_dynamo/output_graph.py", line 1369, in compile_and_call_fx_graph
W0318 12:13:05.364000 3802565 site-packages/torch/_dynamo/convert_frame.py:1125]     compiled_fn = self.call_user_compiler(gm)
W0318 12:13:05.364000 3802565 site-packages/torch/_dynamo/convert_frame.py:1125]                   ^^^^^^^^^^^^^^^^^^^^^^^^^^^
W0318 12:13:05.364000 3802565 site-packages/torch/_dynamo/convert_frame.py:1125]   File "/home/drozdovdan/miniconda3/lib/python3.12/site-packages/torch/_dynamo/output_graph.py", line 1416, in call_user_compiler
W0318 12:13:05.364000 3802565 site-packages/torch/_dynamo/convert_frame.py:1125]     return self._call_user_compiler(gm)
W0318 12:13:05.364000 3802565 site-packages/torch/_dynamo/convert_frame.py:1125]            ^^^^^^^^^^^^^^^^^^^^^^^^^^^^
W0318 12:13:05.364000 3802565 site-packages/torch/_dynamo/convert_frame.py:1125]   File "/home/drozdovdan/miniconda3/lib/python3.12/site-packages/torch/_dynamo/output_graph.py", line 1465, in _call_user_compiler
W0318 12:13:05.364000 3802565 site-packages/torch/_dynamo/convert_frame.py:1125]     raise BackendCompilerFailed(self.compiler_fn, e) from e
W0318 12:13:05.364000 3802565 site-packages/torch/_dynamo/convert_frame.py:1125] torch._dynamo.exc.BackendCompilerFailed: backend='inductor' raised:
W0318 12:13:05.364000 3802565 site-packages/torch/_dynamo/convert_frame.py:1125] AttributeError: 'float' object has no attribute 'meta'
W0318 12:13:05.364000 3802565 site-packages/torch/_dynamo/convert_frame.py:1125]
W0318 12:13:05.364000 3802565 site-packages/torch/_dynamo/convert_frame.py:1125] Set TORCH_LOGS="+dynamo" and TORCHDYNAMO_VERBOSE=1 for more information
W0318 12:13:05.364000 3802565 site-packages/torch/_dynamo/convert_frame.py:1125]
W0318 12:13:05.364000 3802565 site-packages/torch/_dynamo/convert_frame.py:1125] Traceback (most recent call last):
W0318 12:13:05.364000 3802565 site-packages/torch/_dynamo/convert_frame.py:1125]   File "/home/drozdovdan/miniconda3/lib/python3.12/site-packages/torch/_dynamo/output_graph.py", line 1446, in _call_user_compiler
W0318 12:13:05.364000 3802565 site-packages/torch/_dynamo/convert_frame.py:1125]     compiled_fn = compiler_fn(gm, self.example_inputs())
W0318 12:13:05.364000 3802565 site-packages/torch/_dynamo/convert_frame.py:1125]                   ^^^^^^^^^^^^^^^^^^^^^^^^^^^^^^^^^^^^^^
W0318 12:13:05.364000 3802565 site-packages/torch/_dynamo/convert_frame.py:1125]   File "/home/drozdovdan/miniconda3/lib/python3.12/site-packages/torch/_dynamo/repro/after_dynamo.py", line 129, in __call__
W0318 12:13:05.364000 3802565 site-packages/torch/_dynamo/convert_frame.py:1125]     compiled_gm = compiler_fn(gm, example_inputs)
W0318 12:13:05.364000 3802565 site-packages/torch/_dynamo/convert_frame.py:1125]                   ^^^^^^^^^^^^^^^^^^^^^^^^^^^^^^^
W0318 12:13:05.364000 3802565 site-packages/torch/_dynamo/convert_frame.py:1125]   File "/home/drozdovdan/miniconda3/lib/python3.12/site-packages/torch/__init__.py", line 2234, in __call__
W0318 12:13:05.364000 3802565 site-packages/torch/_dynamo/convert_frame.py:1125]     return compile_fx(model_, inputs_, config_patches=self.config)
W0318 12:13:05.364000 3802565 site-packages/torch/_dynamo/convert_frame.py:1125]            ^^^^^^^^^^^^^^^^^^^^^^^^^^^^^^^^^^^^^^^^^^^^^^^^^^^^^^^
W0318 12:13:05.364000 3802565 site-packages/torch/_dynamo/convert_frame.py:1125]   File "/home/drozdovdan/miniconda3/lib/python3.12/site-packages/torch/_inductor/compile_fx.py", line 1521, in compile_fx
W0318 12:13:05.364000 3802565 site-packages/torch/_dynamo/convert_frame.py:1125]     return aot_autograd(
W0318 12:13:05.364000 3802565 site-packages/torch/_dynamo/convert_frame.py:1125]            ^^^^^^^^^^^^^
W0318 12:13:05.364000 3802565 site-packages/torch/_dynamo/convert_frame.py:1125]   File "/home/drozdovdan/miniconda3/lib/python3.12/site-packages/torch/_dynamo/backends/common.py", line 72, in __call__
W0318 12:13:05.364000 3802565 site-packages/torch/_dynamo/convert_frame.py:1125]     cg = aot_module_simplified(gm, example_inputs, **self.kwargs)
W0318 12:13:05.364000 3802565 site-packages/torch/_dynamo/convert_frame.py:1125]          ^^^^^^^^^^^^^^^^^^^^^^^^^^^^^^^^^^^^^^^^^^^^^^^^^^^^^^^^
W0318 12:13:05.364000 3802565 site-packages/torch/_dynamo/convert_frame.py:1125]   File "/home/drozdovdan/miniconda3/lib/python3.12/site-packages/torch/_functorch/aot_autograd.py", line 1071, in aot_module_simplified
W0318 12:13:05.364000 3802565 site-packages/torch/_dynamo/convert_frame.py:1125]     compiled_fn = dispatch_and_compile()
W0318 12:13:05.364000 3802565 site-packages/torch/_dynamo/convert_frame.py:1125]                   ^^^^^^^^^^^^^^^^^^^^^^
W0318 12:13:05.364000 3802565 site-packages/torch/_dynamo/convert_frame.py:1125]   File "/home/drozdovdan/miniconda3/lib/python3.12/site-packages/torch/_functorch/aot_autograd.py", line 1056, in dispatch_and_compile
W0318 12:13:05.364000 3802565 site-packages/torch/_dynamo/convert_frame.py:1125]     compiled_fn, _ = create_aot_dispatcher_function(
W0318 12:13:05.364000 3802565 site-packages/torch/_dynamo/convert_frame.py:1125]                      ^^^^^^^^^^^^^^^^^^^^^^^^^^^^^^^
W0318 12:13:05.364000 3802565 site-packages/torch/_dynamo/convert_frame.py:1125]   File "/home/drozdovdan/miniconda3/lib/python3.12/site-packages/torch/_functorch/aot_autograd.py", line 522, in create_aot_dispatcher_function
W0318 12:13:05.364000 3802565 site-packages/torch/_dynamo/convert_frame.py:1125]     return _create_aot_dispatcher_function(
W0318 12:13:05.364000 3802565 site-packages/torch/_dynamo/convert_frame.py:1125]            ^^^^^^^^^^^^^^^^^^^^^^^^^^^^^^^^
W0318 12:13:05.364000 3802565 site-packages/torch/_dynamo/convert_frame.py:1125]   File "/home/drozdovdan/miniconda3/lib/python3.12/site-packages/torch/_functorch/aot_autograd.py", line 759, in _create_aot_dispatcher_function
W0318 12:13:05.364000 3802565 site-packages/torch/_dynamo/convert_frame.py:1125]     compiled_fn, fw_metadata = compiler_fn(
W0318 12:13:05.364000 3802565 site-packages/torch/_dynamo/convert_frame.py:1125]                                ^^^^^^^^^^^^
W0318 12:13:05.364000 3802565 site-packages/torch/_dynamo/convert_frame.py:1125]   File "/home/drozdovdan/miniconda3/lib/python3.12/site-packages/torch/_functorch/_aot_autograd/jit_compile_runtime_wrappers.py", line 179, in aot_dispatch_base
W0318 12:13:05.364000 3802565 site-packages/torch/_dynamo/convert_frame.py:1125]     compiled_fw = compiler(fw_module, updated_flat_args)
W0318 12:13:05.364000 3802565 site-packages/torch/_dynamo/convert_frame.py:1125]                   ^^^^^^^^^^^^^^^^^^^^^^^^^^^^^^^^^^^^^^
W0318 12:13:05.364000 3802565 site-packages/torch/_dynamo/convert_frame.py:1125]   File "/home/drozdovdan/miniconda3/lib/python3.12/site-packages/torch/_inductor/compile_fx.py", line 1350, in fw_compiler_base
W0318 12:13:05.364000 3802565 site-packages/torch/_dynamo/convert_frame.py:1125]     return _fw_compiler_base(model, example_inputs, is_inference)
W0318 12:13:05.364000 3802565 site-packages/torch/_dynamo/convert_frame.py:1125]            ^^^^^^^^^^^^^^^^^^^^^^^^^^^^^^^^^^^^^^^^^^^^^^^^^^^^^^
W0318 12:13:05.364000 3802565 site-packages/torch/_dynamo/convert_frame.py:1125]   File "/home/drozdovdan/miniconda3/lib/python3.12/site-packages/torch/_inductor/compile_fx.py", line 1421, in _fw_compiler_base
W0318 12:13:05.364000 3802565 site-packages/torch/_dynamo/convert_frame.py:1125]     return inner_compile(
W0318 12:13:05.364000 3802565 site-packages/torch/_dynamo/convert_frame.py:1125]            ^^^^^^^^^^^^^^
W0318 12:13:05.364000 3802565 site-packages/torch/_dynamo/convert_frame.py:1125]   File "/home/drozdovdan/miniconda3/lib/python3.12/site-packages/torch/_inductor/compile_fx.py", line 475, in compile_fx_inner
W0318 12:13:05.364000 3802565 site-packages/torch/_dynamo/convert_frame.py:1125]     return wrap_compiler_debug(_compile_fx_inner, compiler_name="inductor")(
W0318 12:13:05.364000 3802565 site-packages/torch/_dynamo/convert_frame.py:1125]            ^^^^^^^^^^^^^^^^^^^^^^^^^^^^^^^^^^^^^^^^^^^^^^^^^^^^^^^^^^^^^^^^^
W0318 12:13:05.364000 3802565 site-packages/torch/_dynamo/convert_frame.py:1125]   File "/home/drozdovdan/miniconda3/lib/python3.12/site-packages/torch/_dynamo/repro/after_aot.py", line 85, in debug_wrapper
W0318 12:13:05.364000 3802565 site-packages/torch/_dynamo/convert_frame.py:1125]     inner_compiled_fn = compiler_fn(gm, example_inputs)
W0318 12:13:05.364000 3802565 site-packages/torch/_dynamo/convert_frame.py:1125]                         ^^^^^^^^^^^^^^^^^^^^^^^^^^^^^^^
W0318 12:13:05.364000 3802565 site-packages/torch/_dynamo/convert_frame.py:1125]   File "/home/drozdovdan/miniconda3/lib/python3.12/site-packages/torch/_inductor/compile_fx.py", line 661, in _compile_fx_inner
W0318 12:13:05.364000 3802565 site-packages/torch/_dynamo/convert_frame.py:1125]     compiled_graph = FxGraphCache.load(
W0318 12:13:05.364000 3802565 site-packages/torch/_dynamo/convert_frame.py:1125]                      ^^^^^^^^^^^^^^^^^^
W0318 12:13:05.364000 3802565 site-packages/torch/_dynamo/convert_frame.py:1125]   File "/home/drozdovdan/miniconda3/lib/python3.12/site-packages/torch/_inductor/codecache.py", line 1334, in load
W0318 12:13:05.364000 3802565 site-packages/torch/_dynamo/convert_frame.py:1125]     compiled_graph = compile_fx_fn(
W0318 12:13:05.364000 3802565 site-packages/torch/_dynamo/convert_frame.py:1125]                      ^^^^^^^^^^^^^^
W0318 12:13:05.364000 3802565 site-packages/torch/_dynamo/convert_frame.py:1125]   File "/home/drozdovdan/miniconda3/lib/python3.12/site-packages/torch/_inductor/compile_fx.py", line 570, in codegen_and_compile
W0318 12:13:05.364000 3802565 site-packages/torch/_dynamo/convert_frame.py:1125]     compiled_graph = fx_codegen_and_compile(gm, example_inputs, **fx_kwargs)
W0318 12:13:05.364000 3802565 site-packages/torch/_dynamo/convert_frame.py:1125]                      ^^^^^^^^^^^^^^^^^^^^^^^^^^^^^^^^^^^^^^^^^^^^^^^^^^^^^^^
W0318 12:13:05.364000 3802565 site-packages/torch/_dynamo/convert_frame.py:1125]   File "/home/drozdovdan/miniconda3/lib/python3.12/site-packages/torch/_inductor/compile_fx.py", line 789, in fx_codegen_and_compile
W0318 12:13:05.364000 3802565 site-packages/torch/_dynamo/convert_frame.py:1125]     _recursive_post_grad_passes(gm, is_inference=is_inference)
W0318 12:13:05.364000 3802565 site-packages/torch/_dynamo/convert_frame.py:1125]   File "/home/drozdovdan/miniconda3/lib/python3.12/site-packages/torch/_inductor/compile_fx.py", line 288, in _recursive_post_grad_passes
W0318 12:13:05.364000 3802565 site-packages/torch/_dynamo/convert_frame.py:1125]     post_grad_passes(gm, is_inference)
W0318 12:13:05.364000 3802565 site-packages/torch/_dynamo/convert_frame.py:1125]   File "/home/drozdovdan/miniconda3/lib/python3.12/site-packages/torch/_inductor/fx_passes/post_grad.py", line 100, in post_grad_passes
W0318 12:13:05.364000 3802565 site-packages/torch/_dynamo/convert_frame.py:1125]     patterns.apply(gm.graph)  # type: ignore[arg-type]
W0318 12:13:05.364000 3802565 site-packages/torch/_dynamo/convert_frame.py:1125]     ^^^^^^^^^^^^^^^^^^^^^^^^
W0318 12:13:05.364000 3802565 site-packages/torch/_dynamo/convert_frame.py:1125]   File "/home/drozdovdan/miniconda3/lib/python3.12/site-packages/torch/_inductor/pattern_matcher.py", line 1729, in apply
W0318 12:13:05.364000 3802565 site-packages/torch/_dynamo/convert_frame.py:1125]     if is_match(m) and entry.extra_check(m):
W0318 12:13:05.364000 3802565 site-packages/torch/_dynamo/convert_frame.py:1125]                        ^^^^^^^^^^^^^^^^^^^^
W0318 12:13:05.364000 3802565 site-packages/torch/_dynamo/convert_frame.py:1125]   File "/home/drozdovdan/miniconda3/lib/python3.12/site-packages/torch/_inductor/fx_passes/quantization.py", line 1448, in fn
W0318 12:13:05.364000 3802565 site-packages/torch/_dynamo/convert_frame.py:1125]     scales = match.kwargs["scales"].meta["val"]
W0318 12:13:05.364000 3802565 site-packages/torch/_dynamo/convert_frame.py:1125]              ^^^^^^^^^^^^^^^^^^^^^^^^^^^
W0318 12:13:05.364000 3802565 site-packages/torch/_dynamo/convert_frame.py:1125] AttributeError: 'float' object has no attribute 'meta'
W0318 12:13:05.364000 3802565 site-packages/torch/_dynamo/convert_frame.py:1125]
W0318 12:13:05.364000 3802565 site-packages/torch/_dynamo/convert_frame.py:1125] The above exception was the direct cause of the following exception:
W0318 12:13:05.364000 3802565 site-packages/torch/_dynamo/convert_frame.py:1125]
W0318 12:13:05.364000 3802565 site-packages/torch/_dynamo/convert_frame.py:1125] Traceback (most recent call last):
W0318 12:13:05.364000 3802565 site-packages/torch/_dynamo/convert_frame.py:1125]   File "/home/drozdovdan/miniconda3/lib/python3.12/site-packages/torch/_dynamo/convert_frame.py", line 1064, in __call__
W0318 12:13:05.364000 3802565 site-packages/torch/_dynamo/convert_frame.py:1125]     result = self._inner_convert(
W0318 12:13:05.364000 3802565 site-packages/torch/_dynamo/convert_frame.py:1125]              ^^^^^^^^^^^^^^^^^^^^
W0318 12:13:05.364000 3802565 site-packages/torch/_dynamo/convert_frame.py:1125]   File "/home/drozdovdan/miniconda3/lib/python3.12/site-packages/torch/_dynamo/convert_frame.py", line 526, in __call__
W0318 12:13:05.364000 3802565 site-packages/torch/_dynamo/convert_frame.py:1125]     return _compile(
W0318 12:13:05.364000 3802565 site-packages/torch/_dynamo/convert_frame.py:1125]            ^^^^^^^^^
W0318 12:13:05.364000 3802565 site-packages/torch/_dynamo/convert_frame.py:1125]   File "/home/drozdovdan/miniconda3/lib/python3.12/site-packages/torch/_dynamo/convert_frame.py", line 924, in _compile
W0318 12:13:05.364000 3802565 site-packages/torch/_dynamo/convert_frame.py:1125]     guarded_code = compile_inner(code, one_graph, hooks, transform)
W0318 12:13:05.364000 3802565 site-packages/torch/_dynamo/convert_frame.py:1125]                    ^^^^^^^^^^^^^^^^^^^^^^^^^^^^^^^^^^^^^^^^^^^^^^^^
W0318 12:13:05.364000 3802565 site-packages/torch/_dynamo/convert_frame.py:1125]   File "/home/drozdovdan/miniconda3/lib/python3.12/site-packages/torch/_dynamo/convert_frame.py", line 666, in compile_inner
W0318 12:13:05.364000 3802565 site-packages/torch/_dynamo/convert_frame.py:1125]     return _compile_inner(code, one_graph, hooks, transform)
W0318 12:13:05.364000 3802565 site-packages/torch/_dynamo/convert_frame.py:1125]            ^^^^^^^^^^^^^^^^^^^^^^^^^^^^^^^^^^^^^^^^^^^^^^^^^
W0318 12:13:05.364000 3802565 site-packages/torch/_dynamo/convert_frame.py:1125]   File "/home/drozdovdan/miniconda3/lib/python3.12/site-packages/torch/_utils_internal.py", line 87, in wrapper_function
W0318 12:13:05.364000 3802565 site-packages/torch/_dynamo/convert_frame.py:1125]     return function(*args, **kwargs)
W0318 12:13:05.364000 3802565 site-packages/torch/_dynamo/convert_frame.py:1125]            ^^^^^^^^^^^^^^^^^^^^^^^^^
W0318 12:13:05.364000 3802565 site-packages/torch/_dynamo/convert_frame.py:1125]   File "/home/drozdovdan/miniconda3/lib/python3.12/site-packages/torch/_dynamo/convert_frame.py", line 699, in _compile_inner
W0318 12:13:05.364000 3802565 site-packages/torch/_dynamo/convert_frame.py:1125]     out_code = transform_code_object(code, transform)
W0318 12:13:05.364000 3802565 site-packages/torch/_dynamo/convert_frame.py:1125]                ^^^^^^^^^^^^^^^^^^^^^^^^^^^^^^^^^^^^^^
W0318 12:13:05.364000 3802565 site-packages/torch/_dynamo/convert_frame.py:1125]   File "/home/drozdovdan/miniconda3/lib/python3.12/site-packages/torch/_dynamo/bytecode_transformation.py", line 1322, in transform_code_object
W0318 12:13:05.364000 3802565 site-packages/torch/_dynamo/convert_frame.py:1125]     transformations(instructions, code_options)
W0318 12:13:05.364000 3802565 site-packages/torch/_dynamo/convert_frame.py:1125]   File "/home/drozdovdan/miniconda3/lib/python3.12/site-packages/torch/_dynamo/convert_frame.py", line 219, in _fn
W0318 12:13:05.364000 3802565 site-packages/torch/_dynamo/convert_frame.py:1125]     return fn(*args, **kwargs)
W0318 12:13:05.364000 3802565 site-packages/torch/_dynamo/convert_frame.py:1125]            ^^^^^^^^^^^^^^^^^^^
W0318 12:13:05.364000 3802565 site-packages/torch/_dynamo/convert_frame.py:1125]   File "/home/drozdovdan/miniconda3/lib/python3.12/site-packages/torch/_dynamo/convert_frame.py", line 634, in transform
W0318 12:13:05.364000 3802565 site-packages/torch/_dynamo/convert_frame.py:1125]     tracer.run()
W0318 12:13:05.364000 3802565 site-packages/torch/_dynamo/convert_frame.py:1125]   File "/home/drozdovdan/miniconda3/lib/python3.12/site-packages/torch/_dynamo/symbolic_convert.py", line 2796, in run
W0318 12:13:05.364000 3802565 site-packages/torch/_dynamo/convert_frame.py:1125]     super().run()
W0318 12:13:05.364000 3802565 site-packages/torch/_dynamo/convert_frame.py:1125]   File "/home/drozdovdan/miniconda3/lib/python3.12/site-packages/torch/_dynamo/symbolic_convert.py", line 983, in run
W0318 12:13:05.364000 3802565 site-packages/torch/_dynamo/convert_frame.py:1125]     while self.step():
W0318 12:13:05.364000 3802565 site-packages/torch/_dynamo/convert_frame.py:1125]           ^^^^^^^^^^^
W0318 12:13:05.364000 3802565 site-packages/torch/_dynamo/convert_frame.py:1125]   File "/home/drozdovdan/miniconda3/lib/python3.12/site-packages/torch/_dynamo/symbolic_convert.py", line 895, in step
W0318 12:13:05.364000 3802565 site-packages/torch/_dynamo/convert_frame.py:1125]     self.dispatch_table[inst.opcode](self, inst)
W0318 12:13:05.364000 3802565 site-packages/torch/_dynamo/convert_frame.py:1125]   File "/home/drozdovdan/miniconda3/lib/python3.12/site-packages/torch/_dynamo/symbolic_convert.py", line 2987, in RETURN_VALUE
W0318 12:13:05.364000 3802565 site-packages/torch/_dynamo/convert_frame.py:1125]     self._return(inst)
W0318 12:13:05.364000 3802565 site-packages/torch/_dynamo/convert_frame.py:1125]   File "/home/drozdovdan/miniconda3/lib/python3.12/site-packages/torch/_dynamo/symbolic_convert.py", line 2972, in _return
W0318 12:13:05.364000 3802565 site-packages/torch/_dynamo/convert_frame.py:1125]     self.output.compile_subgraph(
W0318 12:13:05.364000 3802565 site-packages/torch/_dynamo/convert_frame.py:1125]   File "/home/drozdovdan/miniconda3/lib/python3.12/site-packages/torch/_dynamo/output_graph.py", line 1142, in compile_subgraph
W0318 12:13:05.364000 3802565 site-packages/torch/_dynamo/convert_frame.py:1125]     self.compile_and_call_fx_graph(tx, pass2.graph_output_vars(), root)
W0318 12:13:05.364000 3802565 site-packages/torch/_dynamo/convert_frame.py:1125]   File "/home/drozdovdan/miniconda3/lib/python3.12/site-packages/torch/_dynamo/output_graph.py", line 1369, in compile_and_call_fx_graph
W0318 12:13:05.364000 3802565 site-packages/torch/_dynamo/convert_frame.py:1125]     compiled_fn = self.call_user_compiler(gm)
W0318 12:13:05.364000 3802565 site-packages/torch/_dynamo/convert_frame.py:1125]                   ^^^^^^^^^^^^^^^^^^^^^^^^^^^
W0318 12:13:05.364000 3802565 site-packages/torch/_dynamo/convert_frame.py:1125]   File "/home/drozdovdan/miniconda3/lib/python3.12/site-packages/torch/_dynamo/output_graph.py", line 1416, in call_user_compiler
W0318 12:13:05.364000 3802565 site-packages/torch/_dynamo/convert_frame.py:1125]     return self._call_user_compiler(gm)
W0318 12:13:05.364000 3802565 site-packages/torch/_dynamo/convert_frame.py:1125]            ^^^^^^^^^^^^^^^^^^^^^^^^^^^^
W0318 12:13:05.364000 3802565 site-packages/torch/_dynamo/convert_frame.py:1125]   File "/home/drozdovdan/miniconda3/lib/python3.12/site-packages/torch/_dynamo/output_graph.py", line 1465, in _call_user_compiler
W0318 12:13:05.364000 3802565 site-packages/torch/_dynamo/convert_frame.py:1125]     raise BackendCompilerFailed(self.compiler_fn, e) from e
W0318 12:13:05.364000 3802565 site-packages/torch/_dynamo/convert_frame.py:1125] torch._dynamo.exc.BackendCompilerFailed: backend='inductor' raised:
W0318 12:13:05.364000 3802565 site-packages/torch/_dynamo/convert_frame.py:1125] AttributeError: 'float' object has no attribute 'meta'
W0318 12:13:05.364000 3802565 site-packages/torch/_dynamo/convert_frame.py:1125]
W0318 12:13:05.364000 3802565 site-packages/torch/_dynamo/convert_frame.py:1125] Set TORCH_LOGS="+dynamo" and TORCHDYNAMO_VERBOSE=1 for more information
W0318 12:13:05.364000 3802565 site-packages/torch/_dynamo/convert_frame.py:1125]
W0318 12:13:05.471000 3802565 site-packages/torch/_dynamo/convert_frame.py:1125] WON'T CONVERT forward /home/drozdovdan/Hebb_Adaptation/Hebb_Adaptation_nanoGPT/model.py line 873
W0318 12:13:05.471000 3802565 site-packages/torch/_dynamo/convert_frame.py:1125] due to:
W0318 12:13:05.471000 3802565 site-packages/torch/_dynamo/convert_frame.py:1125] Traceback (most recent call last):
W0318 12:13:05.471000 3802565 site-packages/torch/_dynamo/convert_frame.py:1125]   File "/home/drozdovdan/miniconda3/lib/python3.12/site-packages/torch/_dynamo/output_graph.py", line 1446, in _call_user_compiler
W0318 12:13:05.471000 3802565 site-packages/torch/_dynamo/convert_frame.py:1125]     compiled_fn = compiler_fn(gm, self.example_inputs())
W0318 12:13:05.471000 3802565 site-packages/torch/_dynamo/convert_frame.py:1125]                   ^^^^^^^^^^^^^^^^^^^^^^^^^^^^^^^^^^^^^^
W0318 12:13:05.471000 3802565 site-packages/torch/_dynamo/convert_frame.py:1125]   File "/home/drozdovdan/miniconda3/lib/python3.12/site-packages/torch/_dynamo/repro/after_dynamo.py", line 129, in __call__
W0318 12:13:05.471000 3802565 site-packages/torch/_dynamo/convert_frame.py:1125]     compiled_gm = compiler_fn(gm, example_inputs)
W0318 12:13:05.471000 3802565 site-packages/torch/_dynamo/convert_frame.py:1125]                   ^^^^^^^^^^^^^^^^^^^^^^^^^^^^^^^
W0318 12:13:05.471000 3802565 site-packages/torch/_dynamo/convert_frame.py:1125]   File "/home/drozdovdan/miniconda3/lib/python3.12/site-packages/torch/__init__.py", line 2234, in __call__
W0318 12:13:05.471000 3802565 site-packages/torch/_dynamo/convert_frame.py:1125]     return compile_fx(model_, inputs_, config_patches=self.config)
W0318 12:13:05.471000 3802565 site-packages/torch/_dynamo/convert_frame.py:1125]            ^^^^^^^^^^^^^^^^^^^^^^^^^^^^^^^^^^^^^^^^^^^^^^^^^^^^^^^
W0318 12:13:05.471000 3802565 site-packages/torch/_dynamo/convert_frame.py:1125]   File "/home/drozdovdan/miniconda3/lib/python3.12/site-packages/torch/_inductor/compile_fx.py", line 1521, in compile_fx
W0318 12:13:05.471000 3802565 site-packages/torch/_dynamo/convert_frame.py:1125]     return aot_autograd(
W0318 12:13:05.471000 3802565 site-packages/torch/_dynamo/convert_frame.py:1125]            ^^^^^^^^^^^^^
W0318 12:13:05.471000 3802565 site-packages/torch/_dynamo/convert_frame.py:1125]   File "/home/drozdovdan/miniconda3/lib/python3.12/site-packages/torch/_dynamo/backends/common.py", line 72, in __call__
W0318 12:13:05.471000 3802565 site-packages/torch/_dynamo/convert_frame.py:1125]     cg = aot_module_simplified(gm, example_inputs, **self.kwargs)
W0318 12:13:05.471000 3802565 site-packages/torch/_dynamo/convert_frame.py:1125]          ^^^^^^^^^^^^^^^^^^^^^^^^^^^^^^^^^^^^^^^^^^^^^^^^^^^^^^^^
W0318 12:13:05.471000 3802565 site-packages/torch/_dynamo/convert_frame.py:1125]   File "/home/drozdovdan/miniconda3/lib/python3.12/site-packages/torch/_functorch/aot_autograd.py", line 1071, in aot_module_simplified
W0318 12:13:05.471000 3802565 site-packages/torch/_dynamo/convert_frame.py:1125]     compiled_fn = dispatch_and_compile()
W0318 12:13:05.471000 3802565 site-packages/torch/_dynamo/convert_frame.py:1125]                   ^^^^^^^^^^^^^^^^^^^^^^
W0318 12:13:05.471000 3802565 site-packages/torch/_dynamo/convert_frame.py:1125]   File "/home/drozdovdan/miniconda3/lib/python3.12/site-packages/torch/_functorch/aot_autograd.py", line 1056, in dispatch_and_compile
W0318 12:13:05.471000 3802565 site-packages/torch/_dynamo/convert_frame.py:1125]     compiled_fn, _ = create_aot_dispatcher_function(
W0318 12:13:05.471000 3802565 site-packages/torch/_dynamo/convert_frame.py:1125]                      ^^^^^^^^^^^^^^^^^^^^^^^^^^^^^^^
W0318 12:13:05.471000 3802565 site-packages/torch/_dynamo/convert_frame.py:1125]   File "/home/drozdovdan/miniconda3/lib/python3.12/site-packages/torch/_functorch/aot_autograd.py", line 522, in create_aot_dispatcher_function
W0318 12:13:05.471000 3802565 site-packages/torch/_dynamo/convert_frame.py:1125]     return _create_aot_dispatcher_function(
W0318 12:13:05.471000 3802565 site-packages/torch/_dynamo/convert_frame.py:1125]            ^^^^^^^^^^^^^^^^^^^^^^^^^^^^^^^^
W0318 12:13:05.471000 3802565 site-packages/torch/_dynamo/convert_frame.py:1125]   File "/home/drozdovdan/miniconda3/lib/python3.12/site-packages/torch/_functorch/aot_autograd.py", line 759, in _create_aot_dispatcher_function
W0318 12:13:05.471000 3802565 site-packages/torch/_dynamo/convert_frame.py:1125]     compiled_fn, fw_metadata = compiler_fn(
W0318 12:13:05.471000 3802565 site-packages/torch/_dynamo/convert_frame.py:1125]                                ^^^^^^^^^^^^
W0318 12:13:05.471000 3802565 site-packages/torch/_dynamo/convert_frame.py:1125]   File "/home/drozdovdan/miniconda3/lib/python3.12/site-packages/torch/_functorch/_aot_autograd/jit_compile_runtime_wrappers.py", line 179, in aot_dispatch_base
W0318 12:13:05.471000 3802565 site-packages/torch/_dynamo/convert_frame.py:1125]     compiled_fw = compiler(fw_module, updated_flat_args)
W0318 12:13:05.471000 3802565 site-packages/torch/_dynamo/convert_frame.py:1125]                   ^^^^^^^^^^^^^^^^^^^^^^^^^^^^^^^^^^^^^^
W0318 12:13:05.471000 3802565 site-packages/torch/_dynamo/convert_frame.py:1125]   File "/home/drozdovdan/miniconda3/lib/python3.12/site-packages/torch/_inductor/compile_fx.py", line 1350, in fw_compiler_base
W0318 12:13:05.471000 3802565 site-packages/torch/_dynamo/convert_frame.py:1125]     return _fw_compiler_base(model, example_inputs, is_inference)
W0318 12:13:05.471000 3802565 site-packages/torch/_dynamo/convert_frame.py:1125]            ^^^^^^^^^^^^^^^^^^^^^^^^^^^^^^^^^^^^^^^^^^^^^^^^^^^^^^
W0318 12:13:05.471000 3802565 site-packages/torch/_dynamo/convert_frame.py:1125]   File "/home/drozdovdan/miniconda3/lib/python3.12/site-packages/torch/_inductor/compile_fx.py", line 1421, in _fw_compiler_base
W0318 12:13:05.471000 3802565 site-packages/torch/_dynamo/convert_frame.py:1125]     return inner_compile(
W0318 12:13:05.471000 3802565 site-packages/torch/_dynamo/convert_frame.py:1125]            ^^^^^^^^^^^^^^
W0318 12:13:05.471000 3802565 site-packages/torch/_dynamo/convert_frame.py:1125]   File "/home/drozdovdan/miniconda3/lib/python3.12/site-packages/torch/_inductor/compile_fx.py", line 475, in compile_fx_inner
W0318 12:13:05.471000 3802565 site-packages/torch/_dynamo/convert_frame.py:1125]     return wrap_compiler_debug(_compile_fx_inner, compiler_name="inductor")(
W0318 12:13:05.471000 3802565 site-packages/torch/_dynamo/convert_frame.py:1125]            ^^^^^^^^^^^^^^^^^^^^^^^^^^^^^^^^^^^^^^^^^^^^^^^^^^^^^^^^^^^^^^^^^
W0318 12:13:05.471000 3802565 site-packages/torch/_dynamo/convert_frame.py:1125]   File "/home/drozdovdan/miniconda3/lib/python3.12/site-packages/torch/_dynamo/repro/after_aot.py", line 85, in debug_wrapper
W0318 12:13:05.471000 3802565 site-packages/torch/_dynamo/convert_frame.py:1125]     inner_compiled_fn = compiler_fn(gm, example_inputs)
W0318 12:13:05.471000 3802565 site-packages/torch/_dynamo/convert_frame.py:1125]                         ^^^^^^^^^^^^^^^^^^^^^^^^^^^^^^^
W0318 12:13:05.471000 3802565 site-packages/torch/_dynamo/convert_frame.py:1125]   File "/home/drozdovdan/miniconda3/lib/python3.12/site-packages/torch/_inductor/compile_fx.py", line 661, in _compile_fx_inner
W0318 12:13:05.471000 3802565 site-packages/torch/_dynamo/convert_frame.py:1125]     compiled_graph = FxGraphCache.load(
W0318 12:13:05.471000 3802565 site-packages/torch/_dynamo/convert_frame.py:1125]                      ^^^^^^^^^^^^^^^^^^
W0318 12:13:05.471000 3802565 site-packages/torch/_dynamo/convert_frame.py:1125]   File "/home/drozdovdan/miniconda3/lib/python3.12/site-packages/torch/_inductor/codecache.py", line 1334, in load
W0318 12:13:05.471000 3802565 site-packages/torch/_dynamo/convert_frame.py:1125]     compiled_graph = compile_fx_fn(
W0318 12:13:05.471000 3802565 site-packages/torch/_dynamo/convert_frame.py:1125]                      ^^^^^^^^^^^^^^
W0318 12:13:05.471000 3802565 site-packages/torch/_dynamo/convert_frame.py:1125]   File "/home/drozdovdan/miniconda3/lib/python3.12/site-packages/torch/_inductor/compile_fx.py", line 570, in codegen_and_compile
W0318 12:13:05.471000 3802565 site-packages/torch/_dynamo/convert_frame.py:1125]     compiled_graph = fx_codegen_and_compile(gm, example_inputs, **fx_kwargs)
W0318 12:13:05.471000 3802565 site-packages/torch/_dynamo/convert_frame.py:1125]                      ^^^^^^^^^^^^^^^^^^^^^^^^^^^^^^^^^^^^^^^^^^^^^^^^^^^^^^^
W0318 12:13:05.471000 3802565 site-packages/torch/_dynamo/convert_frame.py:1125]   File "/home/drozdovdan/miniconda3/lib/python3.12/site-packages/torch/_inductor/compile_fx.py", line 789, in fx_codegen_and_compile
W0318 12:13:05.471000 3802565 site-packages/torch/_dynamo/convert_frame.py:1125]     _recursive_post_grad_passes(gm, is_inference=is_inference)
W0318 12:13:05.471000 3802565 site-packages/torch/_dynamo/convert_frame.py:1125]   File "/home/drozdovdan/miniconda3/lib/python3.12/site-packages/torch/_inductor/compile_fx.py", line 288, in _recursive_post_grad_passes
W0318 12:13:05.471000 3802565 site-packages/torch/_dynamo/convert_frame.py:1125]     post_grad_passes(gm, is_inference)
W0318 12:13:05.471000 3802565 site-packages/torch/_dynamo/convert_frame.py:1125]   File "/home/drozdovdan/miniconda3/lib/python3.12/site-packages/torch/_inductor/fx_passes/post_grad.py", line 100, in post_grad_passes
W0318 12:13:05.471000 3802565 site-packages/torch/_dynamo/convert_frame.py:1125]     patterns.apply(gm.graph)  # type: ignore[arg-type]
W0318 12:13:05.471000 3802565 site-packages/torch/_dynamo/convert_frame.py:1125]     ^^^^^^^^^^^^^^^^^^^^^^^^
W0318 12:13:05.471000 3802565 site-packages/torch/_dynamo/convert_frame.py:1125]   File "/home/drozdovdan/miniconda3/lib/python3.12/site-packages/torch/_inductor/pattern_matcher.py", line 1729, in apply
W0318 12:13:05.471000 3802565 site-packages/torch/_dynamo/convert_frame.py:1125]     if is_match(m) and entry.extra_check(m):
W0318 12:13:05.471000 3802565 site-packages/torch/_dynamo/convert_frame.py:1125]                        ^^^^^^^^^^^^^^^^^^^^
W0318 12:13:05.471000 3802565 site-packages/torch/_dynamo/convert_frame.py:1125]   File "/home/drozdovdan/miniconda3/lib/python3.12/site-packages/torch/_inductor/fx_passes/quantization.py", line 1448, in fn
W0318 12:13:05.471000 3802565 site-packages/torch/_dynamo/convert_frame.py:1125]     scales = match.kwargs["scales"].meta["val"]
W0318 12:13:05.471000 3802565 site-packages/torch/_dynamo/convert_frame.py:1125]              ^^^^^^^^^^^^^^^^^^^^^^^^^^^
W0318 12:13:05.471000 3802565 site-packages/torch/_dynamo/convert_frame.py:1125] AttributeError: 'float' object has no attribute 'meta'
W0318 12:13:05.471000 3802565 site-packages/torch/_dynamo/convert_frame.py:1125]
W0318 12:13:05.471000 3802565 site-packages/torch/_dynamo/convert_frame.py:1125] The above exception was the direct cause of the following exception:
W0318 12:13:05.471000 3802565 site-packages/torch/_dynamo/convert_frame.py:1125]
W0318 12:13:05.471000 3802565 site-packages/torch/_dynamo/convert_frame.py:1125] Traceback (most recent call last):
W0318 12:13:05.471000 3802565 site-packages/torch/_dynamo/convert_frame.py:1125]   File "/home/drozdovdan/miniconda3/lib/python3.12/site-packages/torch/_dynamo/convert_frame.py", line 1064, in __call__
W0318 12:13:05.471000 3802565 site-packages/torch/_dynamo/convert_frame.py:1125]     result = self._inner_convert(
W0318 12:13:05.471000 3802565 site-packages/torch/_dynamo/convert_frame.py:1125]              ^^^^^^^^^^^^^^^^^^^^
W0318 12:13:05.471000 3802565 site-packages/torch/_dynamo/convert_frame.py:1125]   File "/home/drozdovdan/miniconda3/lib/python3.12/site-packages/torch/_dynamo/convert_frame.py", line 526, in __call__
W0318 12:13:05.471000 3802565 site-packages/torch/_dynamo/convert_frame.py:1125]     return _compile(
W0318 12:13:05.471000 3802565 site-packages/torch/_dynamo/convert_frame.py:1125]            ^^^^^^^^^
W0318 12:13:05.471000 3802565 site-packages/torch/_dynamo/convert_frame.py:1125]   File "/home/drozdovdan/miniconda3/lib/python3.12/site-packages/torch/_dynamo/convert_frame.py", line 924, in _compile
W0318 12:13:05.471000 3802565 site-packages/torch/_dynamo/convert_frame.py:1125]     guarded_code = compile_inner(code, one_graph, hooks, transform)
W0318 12:13:05.471000 3802565 site-packages/torch/_dynamo/convert_frame.py:1125]                    ^^^^^^^^^^^^^^^^^^^^^^^^^^^^^^^^^^^^^^^^^^^^^^^^
W0318 12:13:05.471000 3802565 site-packages/torch/_dynamo/convert_frame.py:1125]   File "/home/drozdovdan/miniconda3/lib/python3.12/site-packages/torch/_dynamo/convert_frame.py", line 666, in compile_inner
W0318 12:13:05.471000 3802565 site-packages/torch/_dynamo/convert_frame.py:1125]     return _compile_inner(code, one_graph, hooks, transform)
W0318 12:13:05.471000 3802565 site-packages/torch/_dynamo/convert_frame.py:1125]            ^^^^^^^^^^^^^^^^^^^^^^^^^^^^^^^^^^^^^^^^^^^^^^^^^
W0318 12:13:05.471000 3802565 site-packages/torch/_dynamo/convert_frame.py:1125]   File "/home/drozdovdan/miniconda3/lib/python3.12/site-packages/torch/_utils_internal.py", line 87, in wrapper_function
W0318 12:13:05.471000 3802565 site-packages/torch/_dynamo/convert_frame.py:1125]     return function(*args, **kwargs)
W0318 12:13:05.471000 3802565 site-packages/torch/_dynamo/convert_frame.py:1125]            ^^^^^^^^^^^^^^^^^^^^^^^^^
W0318 12:13:05.471000 3802565 site-packages/torch/_dynamo/convert_frame.py:1125]   File "/home/drozdovdan/miniconda3/lib/python3.12/site-packages/torch/_dynamo/convert_frame.py", line 699, in _compile_inner
W0318 12:13:05.471000 3802565 site-packages/torch/_dynamo/convert_frame.py:1125]     out_code = transform_code_object(code, transform)
W0318 12:13:05.471000 3802565 site-packages/torch/_dynamo/convert_frame.py:1125]                ^^^^^^^^^^^^^^^^^^^^^^^^^^^^^^^^^^^^^^
W0318 12:13:05.471000 3802565 site-packages/torch/_dynamo/convert_frame.py:1125]   File "/home/drozdovdan/miniconda3/lib/python3.12/site-packages/torch/_dynamo/bytecode_transformation.py", line 1322, in transform_code_object
W0318 12:13:05.471000 3802565 site-packages/torch/_dynamo/convert_frame.py:1125]     transformations(instructions, code_options)
W0318 12:13:05.471000 3802565 site-packages/torch/_dynamo/convert_frame.py:1125]   File "/home/drozdovdan/miniconda3/lib/python3.12/site-packages/torch/_dynamo/convert_frame.py", line 219, in _fn
W0318 12:13:05.471000 3802565 site-packages/torch/_dynamo/convert_frame.py:1125]     return fn(*args, **kwargs)
W0318 12:13:05.471000 3802565 site-packages/torch/_dynamo/convert_frame.py:1125]            ^^^^^^^^^^^^^^^^^^^
W0318 12:13:05.471000 3802565 site-packages/torch/_dynamo/convert_frame.py:1125]   File "/home/drozdovdan/miniconda3/lib/python3.12/site-packages/torch/_dynamo/convert_frame.py", line 634, in transform
W0318 12:13:05.471000 3802565 site-packages/torch/_dynamo/convert_frame.py:1125]     tracer.run()
W0318 12:13:05.471000 3802565 site-packages/torch/_dynamo/convert_frame.py:1125]   File "/home/drozdovdan/miniconda3/lib/python3.12/site-packages/torch/_dynamo/symbolic_convert.py", line 2796, in run
W0318 12:13:05.471000 3802565 site-packages/torch/_dynamo/convert_frame.py:1125]     super().run()
W0318 12:13:05.471000 3802565 site-packages/torch/_dynamo/convert_frame.py:1125]   File "/home/drozdovdan/miniconda3/lib/python3.12/site-packages/torch/_dynamo/symbolic_convert.py", line 983, in run
W0318 12:13:05.471000 3802565 site-packages/torch/_dynamo/convert_frame.py:1125]     while self.step():
W0318 12:13:05.471000 3802565 site-packages/torch/_dynamo/convert_frame.py:1125]           ^^^^^^^^^^^
W0318 12:13:05.471000 3802565 site-packages/torch/_dynamo/convert_frame.py:1125]   File "/home/drozdovdan/miniconda3/lib/python3.12/site-packages/torch/_dynamo/symbolic_convert.py", line 895, in step
W0318 12:13:05.471000 3802565 site-packages/torch/_dynamo/convert_frame.py:1125]     self.dispatch_table[inst.opcode](self, inst)
W0318 12:13:05.471000 3802565 site-packages/torch/_dynamo/convert_frame.py:1125]   File "/home/drozdovdan/miniconda3/lib/python3.12/site-packages/torch/_dynamo/symbolic_convert.py", line 2987, in RETURN_VALUE
W0318 12:13:05.471000 3802565 site-packages/torch/_dynamo/convert_frame.py:1125]     self._return(inst)
W0318 12:13:05.471000 3802565 site-packages/torch/_dynamo/convert_frame.py:1125]   File "/home/drozdovdan/miniconda3/lib/python3.12/site-packages/torch/_dynamo/symbolic_convert.py", line 2972, in _return
W0318 12:13:05.471000 3802565 site-packages/torch/_dynamo/convert_frame.py:1125]     self.output.compile_subgraph(
W0318 12:13:05.471000 3802565 site-packages/torch/_dynamo/convert_frame.py:1125]   File "/home/drozdovdan/miniconda3/lib/python3.12/site-packages/torch/_dynamo/output_graph.py", line 1142, in compile_subgraph
W0318 12:13:05.471000 3802565 site-packages/torch/_dynamo/convert_frame.py:1125]     self.compile_and_call_fx_graph(tx, pass2.graph_output_vars(), root)
W0318 12:13:05.471000 3802565 site-packages/torch/_dynamo/convert_frame.py:1125]   File "/home/drozdovdan/miniconda3/lib/python3.12/site-packages/torch/_dynamo/output_graph.py", line 1369, in compile_and_call_fx_graph
W0318 12:13:05.471000 3802565 site-packages/torch/_dynamo/convert_frame.py:1125]     compiled_fn = self.call_user_compiler(gm)
W0318 12:13:05.471000 3802565 site-packages/torch/_dynamo/convert_frame.py:1125]                   ^^^^^^^^^^^^^^^^^^^^^^^^^^^
W0318 12:13:05.471000 3802565 site-packages/torch/_dynamo/convert_frame.py:1125]   File "/home/drozdovdan/miniconda3/lib/python3.12/site-packages/torch/_dynamo/output_graph.py", line 1416, in call_user_compiler
W0318 12:13:05.471000 3802565 site-packages/torch/_dynamo/convert_frame.py:1125]     return self._call_user_compiler(gm)
W0318 12:13:05.471000 3802565 site-packages/torch/_dynamo/convert_frame.py:1125]            ^^^^^^^^^^^^^^^^^^^^^^^^^^^^
W0318 12:13:05.471000 3802565 site-packages/torch/_dynamo/convert_frame.py:1125]   File "/home/drozdovdan/miniconda3/lib/python3.12/site-packages/torch/_dynamo/output_graph.py", line 1465, in _call_user_compiler
W0318 12:13:05.471000 3802565 site-packages/torch/_dynamo/convert_frame.py:1125]     raise BackendCompilerFailed(self.compiler_fn, e) from e
W0318 12:13:05.471000 3802565 site-packages/torch/_dynamo/convert_frame.py:1125] torch._dynamo.exc.BackendCompilerFailed: backend='inductor' raised:
W0318 12:13:05.471000 3802565 site-packages/torch/_dynamo/convert_frame.py:1125] AttributeError: 'float' object has no attribute 'meta'
W0318 12:13:05.471000 3802565 site-packages/torch/_dynamo/convert_frame.py:1125]
W0318 12:13:05.471000 3802565 site-packages/torch/_dynamo/convert_frame.py:1125] Set TORCH_LOGS="+dynamo" and TORCHDYNAMO_VERBOSE=1 for more information
W0318 12:13:05.471000 3802565 site-packages/torch/_dynamo/convert_frame.py:1125]
W0318 12:13:05.471000 3802565 site-packages/torch/_dynamo/convert_frame.py:1125] Traceback (most recent call last):
W0318 12:13:05.471000 3802565 site-packages/torch/_dynamo/convert_frame.py:1125]   File "/home/drozdovdan/miniconda3/lib/python3.12/site-packages/torch/_dynamo/output_graph.py", line 1446, in _call_user_compiler
W0318 12:13:05.471000 3802565 site-packages/torch/_dynamo/convert_frame.py:1125]     compiled_fn = compiler_fn(gm, self.example_inputs())
W0318 12:13:05.471000 3802565 site-packages/torch/_dynamo/convert_frame.py:1125]                   ^^^^^^^^^^^^^^^^^^^^^^^^^^^^^^^^^^^^^^
W0318 12:13:05.471000 3802565 site-packages/torch/_dynamo/convert_frame.py:1125]   File "/home/drozdovdan/miniconda3/lib/python3.12/site-packages/torch/_dynamo/repro/after_dynamo.py", line 129, in __call__
W0318 12:13:05.471000 3802565 site-packages/torch/_dynamo/convert_frame.py:1125]     compiled_gm = compiler_fn(gm, example_inputs)
W0318 12:13:05.471000 3802565 site-packages/torch/_dynamo/convert_frame.py:1125]                   ^^^^^^^^^^^^^^^^^^^^^^^^^^^^^^^
W0318 12:13:05.471000 3802565 site-packages/torch/_dynamo/convert_frame.py:1125]   File "/home/drozdovdan/miniconda3/lib/python3.12/site-packages/torch/__init__.py", line 2234, in __call__
W0318 12:13:05.471000 3802565 site-packages/torch/_dynamo/convert_frame.py:1125]     return compile_fx(model_, inputs_, config_patches=self.config)
W0318 12:13:05.471000 3802565 site-packages/torch/_dynamo/convert_frame.py:1125]            ^^^^^^^^^^^^^^^^^^^^^^^^^^^^^^^^^^^^^^^^^^^^^^^^^^^^^^^
W0318 12:13:05.471000 3802565 site-packages/torch/_dynamo/convert_frame.py:1125]   File "/home/drozdovdan/miniconda3/lib/python3.12/site-packages/torch/_inductor/compile_fx.py", line 1521, in compile_fx
W0318 12:13:05.471000 3802565 site-packages/torch/_dynamo/convert_frame.py:1125]     return aot_autograd(
W0318 12:13:05.471000 3802565 site-packages/torch/_dynamo/convert_frame.py:1125]            ^^^^^^^^^^^^^
W0318 12:13:05.471000 3802565 site-packages/torch/_dynamo/convert_frame.py:1125]   File "/home/drozdovdan/miniconda3/lib/python3.12/site-packages/torch/_dynamo/backends/common.py", line 72, in __call__
W0318 12:13:05.471000 3802565 site-packages/torch/_dynamo/convert_frame.py:1125]     cg = aot_module_simplified(gm, example_inputs, **self.kwargs)
W0318 12:13:05.471000 3802565 site-packages/torch/_dynamo/convert_frame.py:1125]          ^^^^^^^^^^^^^^^^^^^^^^^^^^^^^^^^^^^^^^^^^^^^^^^^^^^^^^^^
W0318 12:13:05.471000 3802565 site-packages/torch/_dynamo/convert_frame.py:1125]   File "/home/drozdovdan/miniconda3/lib/python3.12/site-packages/torch/_functorch/aot_autograd.py", line 1071, in aot_module_simplified
W0318 12:13:05.471000 3802565 site-packages/torch/_dynamo/convert_frame.py:1125]     compiled_fn = dispatch_and_compile()
W0318 12:13:05.471000 3802565 site-packages/torch/_dynamo/convert_frame.py:1125]                   ^^^^^^^^^^^^^^^^^^^^^^
W0318 12:13:05.471000 3802565 site-packages/torch/_dynamo/convert_frame.py:1125]   File "/home/drozdovdan/miniconda3/lib/python3.12/site-packages/torch/_functorch/aot_autograd.py", line 1056, in dispatch_and_compile
W0318 12:13:05.471000 3802565 site-packages/torch/_dynamo/convert_frame.py:1125]     compiled_fn, _ = create_aot_dispatcher_function(
W0318 12:13:05.471000 3802565 site-packages/torch/_dynamo/convert_frame.py:1125]                      ^^^^^^^^^^^^^^^^^^^^^^^^^^^^^^^
W0318 12:13:05.471000 3802565 site-packages/torch/_dynamo/convert_frame.py:1125]   File "/home/drozdovdan/miniconda3/lib/python3.12/site-packages/torch/_functorch/aot_autograd.py", line 522, in create_aot_dispatcher_function
W0318 12:13:05.471000 3802565 site-packages/torch/_dynamo/convert_frame.py:1125]     return _create_aot_dispatcher_function(
W0318 12:13:05.471000 3802565 site-packages/torch/_dynamo/convert_frame.py:1125]            ^^^^^^^^^^^^^^^^^^^^^^^^^^^^^^^^
W0318 12:13:05.471000 3802565 site-packages/torch/_dynamo/convert_frame.py:1125]   File "/home/drozdovdan/miniconda3/lib/python3.12/site-packages/torch/_functorch/aot_autograd.py", line 759, in _create_aot_dispatcher_function
W0318 12:13:05.471000 3802565 site-packages/torch/_dynamo/convert_frame.py:1125]     compiled_fn, fw_metadata = compiler_fn(
W0318 12:13:05.471000 3802565 site-packages/torch/_dynamo/convert_frame.py:1125]                                ^^^^^^^^^^^^
W0318 12:13:05.471000 3802565 site-packages/torch/_dynamo/convert_frame.py:1125]   File "/home/drozdovdan/miniconda3/lib/python3.12/site-packages/torch/_functorch/_aot_autograd/jit_compile_runtime_wrappers.py", line 179, in aot_dispatch_base
W0318 12:13:05.471000 3802565 site-packages/torch/_dynamo/convert_frame.py:1125]     compiled_fw = compiler(fw_module, updated_flat_args)
W0318 12:13:05.471000 3802565 site-packages/torch/_dynamo/convert_frame.py:1125]                   ^^^^^^^^^^^^^^^^^^^^^^^^^^^^^^^^^^^^^^
W0318 12:13:05.471000 3802565 site-packages/torch/_dynamo/convert_frame.py:1125]   File "/home/drozdovdan/miniconda3/lib/python3.12/site-packages/torch/_inductor/compile_fx.py", line 1350, in fw_compiler_base
W0318 12:13:05.471000 3802565 site-packages/torch/_dynamo/convert_frame.py:1125]     return _fw_compiler_base(model, example_inputs, is_inference)
W0318 12:13:05.471000 3802565 site-packages/torch/_dynamo/convert_frame.py:1125]            ^^^^^^^^^^^^^^^^^^^^^^^^^^^^^^^^^^^^^^^^^^^^^^^^^^^^^^
W0318 12:13:05.471000 3802565 site-packages/torch/_dynamo/convert_frame.py:1125]   File "/home/drozdovdan/miniconda3/lib/python3.12/site-packages/torch/_inductor/compile_fx.py", line 1421, in _fw_compiler_base
W0318 12:13:05.471000 3802565 site-packages/torch/_dynamo/convert_frame.py:1125]     return inner_compile(
W0318 12:13:05.471000 3802565 site-packages/torch/_dynamo/convert_frame.py:1125]            ^^^^^^^^^^^^^^
W0318 12:13:05.471000 3802565 site-packages/torch/_dynamo/convert_frame.py:1125]   File "/home/drozdovdan/miniconda3/lib/python3.12/site-packages/torch/_inductor/compile_fx.py", line 475, in compile_fx_inner
W0318 12:13:05.471000 3802565 site-packages/torch/_dynamo/convert_frame.py:1125]     return wrap_compiler_debug(_compile_fx_inner, compiler_name="inductor")(
W0318 12:13:05.471000 3802565 site-packages/torch/_dynamo/convert_frame.py:1125]            ^^^^^^^^^^^^^^^^^^^^^^^^^^^^^^^^^^^^^^^^^^^^^^^^^^^^^^^^^^^^^^^^^
W0318 12:13:05.471000 3802565 site-packages/torch/_dynamo/convert_frame.py:1125]   File "/home/drozdovdan/miniconda3/lib/python3.12/site-packages/torch/_dynamo/repro/after_aot.py", line 85, in debug_wrapper
W0318 12:13:05.471000 3802565 site-packages/torch/_dynamo/convert_frame.py:1125]     inner_compiled_fn = compiler_fn(gm, example_inputs)
W0318 12:13:05.471000 3802565 site-packages/torch/_dynamo/convert_frame.py:1125]                         ^^^^^^^^^^^^^^^^^^^^^^^^^^^^^^^
W0318 12:13:05.471000 3802565 site-packages/torch/_dynamo/convert_frame.py:1125]   File "/home/drozdovdan/miniconda3/lib/python3.12/site-packages/torch/_inductor/compile_fx.py", line 661, in _compile_fx_inner
W0318 12:13:05.471000 3802565 site-packages/torch/_dynamo/convert_frame.py:1125]     compiled_graph = FxGraphCache.load(
W0318 12:13:05.471000 3802565 site-packages/torch/_dynamo/convert_frame.py:1125]                      ^^^^^^^^^^^^^^^^^^
W0318 12:13:05.471000 3802565 site-packages/torch/_dynamo/convert_frame.py:1125]   File "/home/drozdovdan/miniconda3/lib/python3.12/site-packages/torch/_inductor/codecache.py", line 1334, in load
W0318 12:13:05.471000 3802565 site-packages/torch/_dynamo/convert_frame.py:1125]     compiled_graph = compile_fx_fn(
W0318 12:13:05.471000 3802565 site-packages/torch/_dynamo/convert_frame.py:1125]                      ^^^^^^^^^^^^^^
W0318 12:13:05.471000 3802565 site-packages/torch/_dynamo/convert_frame.py:1125]   File "/home/drozdovdan/miniconda3/lib/python3.12/site-packages/torch/_inductor/compile_fx.py", line 570, in codegen_and_compile
W0318 12:13:05.471000 3802565 site-packages/torch/_dynamo/convert_frame.py:1125]     compiled_graph = fx_codegen_and_compile(gm, example_inputs, **fx_kwargs)
W0318 12:13:05.471000 3802565 site-packages/torch/_dynamo/convert_frame.py:1125]                      ^^^^^^^^^^^^^^^^^^^^^^^^^^^^^^^^^^^^^^^^^^^^^^^^^^^^^^^
W0318 12:13:05.471000 3802565 site-packages/torch/_dynamo/convert_frame.py:1125]   File "/home/drozdovdan/miniconda3/lib/python3.12/site-packages/torch/_inductor/compile_fx.py", line 789, in fx_codegen_and_compile
W0318 12:13:05.471000 3802565 site-packages/torch/_dynamo/convert_frame.py:1125]     _recursive_post_grad_passes(gm, is_inference=is_inference)
W0318 12:13:05.471000 3802565 site-packages/torch/_dynamo/convert_frame.py:1125]   File "/home/drozdovdan/miniconda3/lib/python3.12/site-packages/torch/_inductor/compile_fx.py", line 288, in _recursive_post_grad_passes
W0318 12:13:05.471000 3802565 site-packages/torch/_dynamo/convert_frame.py:1125]     post_grad_passes(gm, is_inference)
W0318 12:13:05.471000 3802565 site-packages/torch/_dynamo/convert_frame.py:1125]   File "/home/drozdovdan/miniconda3/lib/python3.12/site-packages/torch/_inductor/fx_passes/post_grad.py", line 100, in post_grad_passes
W0318 12:13:05.471000 3802565 site-packages/torch/_dynamo/convert_frame.py:1125]     patterns.apply(gm.graph)  # type: ignore[arg-type]
W0318 12:13:05.471000 3802565 site-packages/torch/_dynamo/convert_frame.py:1125]     ^^^^^^^^^^^^^^^^^^^^^^^^
W0318 12:13:05.471000 3802565 site-packages/torch/_dynamo/convert_frame.py:1125]   File "/home/drozdovdan/miniconda3/lib/python3.12/site-packages/torch/_inductor/pattern_matcher.py", line 1729, in apply
W0318 12:13:05.471000 3802565 site-packages/torch/_dynamo/convert_frame.py:1125]     if is_match(m) and entry.extra_check(m):
W0318 12:13:05.471000 3802565 site-packages/torch/_dynamo/convert_frame.py:1125]                        ^^^^^^^^^^^^^^^^^^^^
W0318 12:13:05.471000 3802565 site-packages/torch/_dynamo/convert_frame.py:1125]   File "/home/drozdovdan/miniconda3/lib/python3.12/site-packages/torch/_inductor/fx_passes/quantization.py", line 1448, in fn
W0318 12:13:05.471000 3802565 site-packages/torch/_dynamo/convert_frame.py:1125]     scales = match.kwargs["scales"].meta["val"]
W0318 12:13:05.471000 3802565 site-packages/torch/_dynamo/convert_frame.py:1125]              ^^^^^^^^^^^^^^^^^^^^^^^^^^^
W0318 12:13:05.471000 3802565 site-packages/torch/_dynamo/convert_frame.py:1125] AttributeError: 'float' object has no attribute 'meta'
W0318 12:13:05.471000 3802565 site-packages/torch/_dynamo/convert_frame.py:1125]
W0318 12:13:05.471000 3802565 site-packages/torch/_dynamo/convert_frame.py:1125] The above exception was the direct cause of the following exception:
W0318 12:13:05.471000 3802565 site-packages/torch/_dynamo/convert_frame.py:1125]
W0318 12:13:05.471000 3802565 site-packages/torch/_dynamo/convert_frame.py:1125] Traceback (most recent call last):
W0318 12:13:05.471000 3802565 site-packages/torch/_dynamo/convert_frame.py:1125]   File "/home/drozdovdan/miniconda3/lib/python3.12/site-packages/torch/_dynamo/convert_frame.py", line 1064, in __call__
W0318 12:13:05.471000 3802565 site-packages/torch/_dynamo/convert_frame.py:1125]     result = self._inner_convert(
W0318 12:13:05.471000 3802565 site-packages/torch/_dynamo/convert_frame.py:1125]              ^^^^^^^^^^^^^^^^^^^^
W0318 12:13:05.471000 3802565 site-packages/torch/_dynamo/convert_frame.py:1125]   File "/home/drozdovdan/miniconda3/lib/python3.12/site-packages/torch/_dynamo/convert_frame.py", line 526, in __call__
W0318 12:13:05.471000 3802565 site-packages/torch/_dynamo/convert_frame.py:1125]     return _compile(
W0318 12:13:05.471000 3802565 site-packages/torch/_dynamo/convert_frame.py:1125]            ^^^^^^^^^
W0318 12:13:05.471000 3802565 site-packages/torch/_dynamo/convert_frame.py:1125]   File "/home/drozdovdan/miniconda3/lib/python3.12/site-packages/torch/_dynamo/convert_frame.py", line 924, in _compile
W0318 12:13:05.471000 3802565 site-packages/torch/_dynamo/convert_frame.py:1125]     guarded_code = compile_inner(code, one_graph, hooks, transform)
W0318 12:13:05.471000 3802565 site-packages/torch/_dynamo/convert_frame.py:1125]                    ^^^^^^^^^^^^^^^^^^^^^^^^^^^^^^^^^^^^^^^^^^^^^^^^
W0318 12:13:05.471000 3802565 site-packages/torch/_dynamo/convert_frame.py:1125]   File "/home/drozdovdan/miniconda3/lib/python3.12/site-packages/torch/_dynamo/convert_frame.py", line 666, in compile_inner
W0318 12:13:05.471000 3802565 site-packages/torch/_dynamo/convert_frame.py:1125]     return _compile_inner(code, one_graph, hooks, transform)
W0318 12:13:05.471000 3802565 site-packages/torch/_dynamo/convert_frame.py:1125]            ^^^^^^^^^^^^^^^^^^^^^^^^^^^^^^^^^^^^^^^^^^^^^^^^^
W0318 12:13:05.471000 3802565 site-packages/torch/_dynamo/convert_frame.py:1125]   File "/home/drozdovdan/miniconda3/lib/python3.12/site-packages/torch/_utils_internal.py", line 87, in wrapper_function
W0318 12:13:05.471000 3802565 site-packages/torch/_dynamo/convert_frame.py:1125]     return function(*args, **kwargs)
W0318 12:13:05.471000 3802565 site-packages/torch/_dynamo/convert_frame.py:1125]            ^^^^^^^^^^^^^^^^^^^^^^^^^
W0318 12:13:05.471000 3802565 site-packages/torch/_dynamo/convert_frame.py:1125]   File "/home/drozdovdan/miniconda3/lib/python3.12/site-packages/torch/_dynamo/convert_frame.py", line 699, in _compile_inner
W0318 12:13:05.471000 3802565 site-packages/torch/_dynamo/convert_frame.py:1125]     out_code = transform_code_object(code, transform)
W0318 12:13:05.471000 3802565 site-packages/torch/_dynamo/convert_frame.py:1125]                ^^^^^^^^^^^^^^^^^^^^^^^^^^^^^^^^^^^^^^
W0318 12:13:05.471000 3802565 site-packages/torch/_dynamo/convert_frame.py:1125]   File "/home/drozdovdan/miniconda3/lib/python3.12/site-packages/torch/_dynamo/bytecode_transformation.py", line 1322, in transform_code_object
W0318 12:13:05.471000 3802565 site-packages/torch/_dynamo/convert_frame.py:1125]     transformations(instructions, code_options)
W0318 12:13:05.471000 3802565 site-packages/torch/_dynamo/convert_frame.py:1125]   File "/home/drozdovdan/miniconda3/lib/python3.12/site-packages/torch/_dynamo/convert_frame.py", line 219, in _fn
W0318 12:13:05.471000 3802565 site-packages/torch/_dynamo/convert_frame.py:1125]     return fn(*args, **kwargs)
W0318 12:13:05.471000 3802565 site-packages/torch/_dynamo/convert_frame.py:1125]            ^^^^^^^^^^^^^^^^^^^
W0318 12:13:05.471000 3802565 site-packages/torch/_dynamo/convert_frame.py:1125]   File "/home/drozdovdan/miniconda3/lib/python3.12/site-packages/torch/_dynamo/convert_frame.py", line 634, in transform
W0318 12:13:05.471000 3802565 site-packages/torch/_dynamo/convert_frame.py:1125]     tracer.run()
W0318 12:13:05.471000 3802565 site-packages/torch/_dynamo/convert_frame.py:1125]   File "/home/drozdovdan/miniconda3/lib/python3.12/site-packages/torch/_dynamo/symbolic_convert.py", line 2796, in run
W0318 12:13:05.471000 3802565 site-packages/torch/_dynamo/convert_frame.py:1125]     super().run()
W0318 12:13:05.471000 3802565 site-packages/torch/_dynamo/convert_frame.py:1125]   File "/home/drozdovdan/miniconda3/lib/python3.12/site-packages/torch/_dynamo/symbolic_convert.py", line 983, in run
W0318 12:13:05.471000 3802565 site-packages/torch/_dynamo/convert_frame.py:1125]     while self.step():
W0318 12:13:05.471000 3802565 site-packages/torch/_dynamo/convert_frame.py:1125]           ^^^^^^^^^^^
W0318 12:13:05.471000 3802565 site-packages/torch/_dynamo/convert_frame.py:1125]   File "/home/drozdovdan/miniconda3/lib/python3.12/site-packages/torch/_dynamo/symbolic_convert.py", line 895, in step
W0318 12:13:05.471000 3802565 site-packages/torch/_dynamo/convert_frame.py:1125]     self.dispatch_table[inst.opcode](self, inst)
W0318 12:13:05.471000 3802565 site-packages/torch/_dynamo/convert_frame.py:1125]   File "/home/drozdovdan/miniconda3/lib/python3.12/site-packages/torch/_dynamo/symbolic_convert.py", line 2987, in RETURN_VALUE
W0318 12:13:05.471000 3802565 site-packages/torch/_dynamo/convert_frame.py:1125]     self._return(inst)
W0318 12:13:05.471000 3802565 site-packages/torch/_dynamo/convert_frame.py:1125]   File "/home/drozdovdan/miniconda3/lib/python3.12/site-packages/torch/_dynamo/symbolic_convert.py", line 2972, in _return
W0318 12:13:05.471000 3802565 site-packages/torch/_dynamo/convert_frame.py:1125]     self.output.compile_subgraph(
W0318 12:13:05.471000 3802565 site-packages/torch/_dynamo/convert_frame.py:1125]   File "/home/drozdovdan/miniconda3/lib/python3.12/site-packages/torch/_dynamo/output_graph.py", line 1142, in compile_subgraph
W0318 12:13:05.471000 3802565 site-packages/torch/_dynamo/convert_frame.py:1125]     self.compile_and_call_fx_graph(tx, pass2.graph_output_vars(), root)
W0318 12:13:05.471000 3802565 site-packages/torch/_dynamo/convert_frame.py:1125]   File "/home/drozdovdan/miniconda3/lib/python3.12/site-packages/torch/_dynamo/output_graph.py", line 1369, in compile_and_call_fx_graph
W0318 12:13:05.471000 3802565 site-packages/torch/_dynamo/convert_frame.py:1125]     compiled_fn = self.call_user_compiler(gm)
W0318 12:13:05.471000 3802565 site-packages/torch/_dynamo/convert_frame.py:1125]                   ^^^^^^^^^^^^^^^^^^^^^^^^^^^
W0318 12:13:05.471000 3802565 site-packages/torch/_dynamo/convert_frame.py:1125]   File "/home/drozdovdan/miniconda3/lib/python3.12/site-packages/torch/_dynamo/output_graph.py", line 1416, in call_user_compiler
W0318 12:13:05.471000 3802565 site-packages/torch/_dynamo/convert_frame.py:1125]     return self._call_user_compiler(gm)
W0318 12:13:05.471000 3802565 site-packages/torch/_dynamo/convert_frame.py:1125]            ^^^^^^^^^^^^^^^^^^^^^^^^^^^^
W0318 12:13:05.471000 3802565 site-packages/torch/_dynamo/convert_frame.py:1125]   File "/home/drozdovdan/miniconda3/lib/python3.12/site-packages/torch/_dynamo/output_graph.py", line 1465, in _call_user_compiler
W0318 12:13:05.471000 3802565 site-packages/torch/_dynamo/convert_frame.py:1125]     raise BackendCompilerFailed(self.compiler_fn, e) from e
W0318 12:13:05.471000 3802565 site-packages/torch/_dynamo/convert_frame.py:1125] torch._dynamo.exc.BackendCompilerFailed: backend='inductor' raised:
W0318 12:13:05.471000 3802565 site-packages/torch/_dynamo/convert_frame.py:1125] AttributeError: 'float' object has no attribute 'meta'
W0318 12:13:05.471000 3802565 site-packages/torch/_dynamo/convert_frame.py:1125]
W0318 12:13:05.471000 3802565 site-packages/torch/_dynamo/convert_frame.py:1125] Set TORCH_LOGS="+dynamo" and TORCHDYNAMO_VERBOSE=1 for more information
W0318 12:13:05.471000 3802565 site-packages/torch/_dynamo/convert_frame.py:1125]
step 0: train loss 10.3837, val loss 10.2820
iter 0: loss 10.2761, time 24322.48ms, mfu -100.00%
iter 1: loss 9.9383, time 1242.84ms, mfu -100.00%
iter 2: loss 10.4609, time 1340.65ms, mfu -100.00%
iter 3: loss 9.1421, time 1287.21ms, mfu -100.00%
iter 4: loss 9.5989, time 1234.14ms, mfu -100.00%
step 5: train loss 9.9317, val loss 10.0657
saving checkpoint to out-shakespeare-a-frozen-b
iter 5: loss 9.7580, time 37503.08ms, mfu 2.88%
iter 6: loss 9.5399, time 1277.10ms, mfu 11.06%
iter 7: loss 9.7260, time 1242.29ms, mfu 18.66%
iter 8: loss 9.7935, time 1311.32ms, mfu 25.04%
iter 9: loss 9.8632, time 1246.42ms, mfu 31.21%
step 10: train loss 9.8168, val loss 9.8542
saving checkpoint to out-shakespeare-a-frozen-b
iter 10: loss 9.5598, time 33618.43ms, mfu 28.41%
iter 11: loss 9.6266, time 1259.38ms, mfu 34.15%
iter 12: loss 9.6015, time 1261.12ms, mfu 39.31%
iter 13: loss 9.7121, time 1260.78ms, mfu 43.95%
iter 14: loss 9.5966, time 1262.45ms, mfu 48.12%
step 15: train loss 9.9654, val loss 10.0778
saving checkpoint to out-shakespeare-a-frozen-b
iter 15: loss 9.6196, time 33729.02ms, mfu 43.63%
iter 16: loss 9.8919, time 1261.30ms, mfu 47.84%
iter 17: loss 9.9938, time 1264.00ms, mfu 51.61%
iter 18: loss 10.1326, time 1263.77ms, mfu 55.00%
iter 19: loss 10.2197, time 1283.79ms, mfu 57.92%
step 20: train loss 9.9697, val loss 10.0806
saving checkpoint to out-shakespeare-a-frozen-b
iter 20: loss 10.1419, time 34502.45ms, mfu 52.45%
iter 21: loss 9.7446, time 1263.89ms, mfu 55.76%
iter 22: loss 9.7327, time 1264.76ms, mfu 58.73%
iter 23: loss 9.8229, time 1267.72ms, mfu 61.38%
iter 24: loss 10.0372, time 1267.25ms, mfu 63.78%
step 25: train loss 9.9163, val loss 9.9916
saving checkpoint to out-shakespeare-a-frozen-b
iter 25: loss 9.8867, time 33567.75ms, mfu 57.72%
iter 26: loss 9.3483, time 1266.15ms, mfu 60.49%
iter 27: loss 9.7761, time 1265.56ms, mfu 62.98%
iter 28: loss 9.8041, time 1267.21ms, mfu 65.22%
iter 29: loss 10.0621, time 1267.62ms, mfu 67.22%
step 30: train loss 10.0818, val loss 10.1918
saving checkpoint to out-shakespeare-a-frozen-b
iter 30: loss 10.3260, time 33800.81ms, mfu 60.82%
iter 31: loss 10.2331, time 1264.42ms, mfu 63.29%
iter 32: loss 10.4076, time 1265.03ms, mfu 65.51%
iter 33: loss 10.6329, time 1266.90ms, mfu 67.49%
iter 34: loss 10.0143, time 1270.90ms, mfu 69.25%
step 35: train loss 9.9840, val loss 10.0736
saving checkpoint to out-shakespeare-a-frozen-b
iter 35: loss 10.1444, time 33688.48ms, mfu 62.64%
iter 36: loss 9.4039, time 1267.52ms, mfu 64.91%
iter 37: loss 10.0447, time 1267.14ms, mfu 66.95%
iter 38: loss 10.0174, time 1268.11ms, mfu 68.78%
iter 39: loss 9.7561, time 1269.72ms, mfu 70.42%
step 40: train loss 9.8687, val loss 9.9351
saving checkpoint to out-shakespeare-a-frozen-b
iter 40: loss 9.9976, time 34361.54ms, mfu 63.69%
